{"meta": {"format": 3, "version": "7.14.0", "timestamp": "2026-05-29T12:38:40.824806", "branch_coverage": false, "show_contexts": false}, "files": {"api/__init__.py": {"executed_lines": [], "summary": {"covered_lines": 0, "num_statements": 0, "percent_covered": 100.0, "percent_covered_display": "100", "missing_lines": 0, "excluded_lines": 0, "percent_statements_covered": 100.0, "percent_statements_covered_display": "100"}, "missing_lines": [], "excluded_lines": [], "functions": {"": {"executed_lines": [], "summary": {"covered_lines": 0, "num_statements": 0, "percent_covered": 100.0, "percent_covered_display": "100", "missing_lines": 0, "excluded_lines": 0, "percent_statements_covered": 100.0, "percent_statements_covered_display": "100"}, "missing_lines": [], "excluded_lines": [], "start_line": 1}}, "classes": {"": {"executed_lines": [], "summary": {"covered_lines": 0, "num_statements": 0, "percent_covered": 100.0, "percent_covered_display": "100", "missing_lines": 0, "excluded_lines": 0, "percent_statements_covered": 100.0, "percent_statements_covered_display": "100"}, "missing_lines": [], "excluded_lines": [], "start_line": 1}}}, "api/server.py": {"executed_lines": [20, 21, 22, 23, 24, 25, 26, 27, 28, 29, 31, 32, 33, 35, 36, 37, 38, 39, 40, 42, 47, 53, 57, 58, 61, 67, 70, 71, 72, 73, 74, 77, 81, 84, 87, 90, 93, 94, 97, 101, 104, 109, 110, 113, 119, 125, 128, 130, 133, 139, 143, 144, 147, 153, 160, 169, 177, 178, 179, 180, 181, 182, 184, 188, 189, 190, 191, 192, 193, 194, 196, 199, 200, 201, 203, 204, 206, 207, 209, 219, 220, 221, 222, 223, 225, 231, 238, 239, 241, 243, 244, 245, 246, 247, 248, 249, 250, 251, 252, 253, 255, 256, 257, 258, 259, 261, 262, 263, 264, 265, 266, 267, 268, 269, 271, 272, 273, 274, 275, 276, 277, 278, 279, 281, 282, 283, 284, 285, 286, 287, 288, 289, 290, 291, 292, 293, 297, 300, 301, 302, 304, 305, 306, 307, 308, 310, 312, 314, 315, 316, 317, 318, 327, 328, 329, 331, 332, 334, 336, 339, 340, 341, 343, 344, 345, 346, 347, 348, 349, 350, 352, 354, 355, 356, 357, 358, 359, 360, 361, 362, 364, 367, 368, 369, 370, 371, 375, 378, 379, 380, 381, 382, 383, 385, 388, 389, 390, 396, 398, 401, 402, 403, 404, 405, 406, 408, 411, 412, 413, 414, 415, 416, 418, 421, 422, 423, 424, 425, 426, 428, 431, 433, 434, 435, 436, 438, 441, 442, 444, 445, 446, 447, 448, 449, 450, 451, 453, 454, 455, 456, 457, 461, 465, 466, 467, 469, 470, 471, 472, 473, 475, 477, 481, 482, 483, 484, 486, 487, 488, 489, 490, 491, 492, 499, 503, 504, 505, 507, 508, 509, 516, 517, 518, 520, 524, 525, 526, 527, 528, 529, 530, 531, 533, 537, 538, 539, 540, 541, 542, 543, 544, 545, 546, 547, 548, 549, 550, 551, 552, 553, 554, 555, 556, 560, 564, 565, 566, 568, 569, 570, 571, 572, 574, 578, 579, 580, 581, 583, 584, 585, 586, 587, 588, 589, 597, 601, 602, 603, 604, 606, 610, 611, 612, 613, 614, 615, 616, 617, 619, 623, 624, 625, 626, 627, 628, 629, 630, 632, 636, 637, 638, 639, 640, 641, 642, 644, 648, 649, 650, 651, 652, 657, 658, 659, 661, 665, 666, 667, 668, 669, 670, 671, 672, 674, 678, 679, 680, 681, 682, 683, 684, 685, 686, 690, 694, 695, 696, 697, 699, 703, 704, 705, 706, 707, 712, 713, 714, 716, 720, 721, 722, 723, 724, 725, 726, 727, 729, 733, 734, 735, 736, 737, 738, 739, 740, 741, 742, 744, 751, 752, 754, 755, 756, 758, 759, 760, 761, 763, 764, 765, 766, 767, 768, 769, 770, 771, 772, 773, 775, 779, 780, 781, 782, 783, 784, 785, 786, 787, 789, 793, 794, 795, 796, 797, 798, 799, 800, 802, 806, 807, 808, 809, 810, 811, 814, 815, 816, 817, 819, 823, 824, 825, 826, 827, 828, 829, 830, 834, 837, 838, 840, 842, 843, 844, 845, 847, 848, 849, 850, 851, 852, 853, 854, 855, 856, 857, 858, 859, 860, 861, 863, 864, 866, 867, 868, 869, 871, 872, 873, 874, 875, 876, 877, 878, 879, 880, 881, 882, 883, 884, 885, 886, 887, 889, 890, 891, 892, 893, 894, 895, 896, 897, 898, 899, 900, 901, 903, 904, 905, 907, 908, 915, 916, 917, 919, 920, 921, 923, 924, 925, 929, 932, 933, 934, 936, 942, 943, 947, 949, 952, 953, 955, 963, 964, 965, 966, 967, 968, 970, 976, 977, 978, 979, 980, 981, 983, 988, 989, 990, 992, 998, 999, 1000, 1001, 1002], "summary": {"covered_lines": 585, "num_statements": 585, "percent_covered": 100.0, "percent_covered_display": "100", "missing_lines": 0, "excluded_lines": 0, "percent_statements_covered": 100.0, "percent_statements_covered_display": "100"}, "missing_lines": [], "excluded_lines": [], "functions": {"SentinelServer.__init__": {"executed_lines": [178, 179, 180, 181, 182, 184], "summary": {"covered_lines": 6, "num_statements": 6, "percent_covered": 100.0, "percent_covered_display": "100", "missing_lines": 0, "excluded_lines": 0, "percent_statements_covered": 100.0, "percent_statements_covered_display": "100"}, "missing_lines": [], "excluded_lines": [], "start_line": 177}, "SentinelServer._check_auth": {"executed_lines": [189, 190, 191, 192, 193, 194], "summary": {"covered_lines": 6, "num_statements": 6, "percent_covered": 100.0, "percent_covered_display": "100", "missing_lines": 0, "excluded_lines": 0, "percent_statements_covered": 100.0, "percent_statements_covered_display": "100"}, "missing_lines": [], "excluded_lines": [], "start_line": 188}, "SentinelServer.create_app": {"executed_lines": [199, 200, 201, 203, 204, 209, 219, 220, 221, 222, 223, 225, 231, 238, 239], "summary": {"covered_lines": 15, "num_statements": 15, "percent_covered": 100.0, "percent_covered_display": "100", "missing_lines": 0, "excluded_lines": 0, "percent_statements_covered": 100.0, "percent_statements_covered_display": "100"}, "missing_lines": [], "excluded_lines": [], "start_line": 196}, "SentinelServer.create_app.lifespan": {"executed_lines": [206, 207], "summary": {"covered_lines": 2, "num_statements": 2, "percent_covered": 100.0, "percent_covered_display": "100", "missing_lines": 0, "excluded_lines": 0, "percent_statements_covered": 100.0, "percent_statements_covered_display": "100"}, "missing_lines": [], "excluded_lines": [], "start_line": 204}, "SentinelServer._register_routes": {"executed_lines": [243, 244, 245, 246, 247, 248, 249, 250, 251, 252, 253, 255, 256, 257, 258, 259, 261, 262, 263, 264, 265, 266, 267, 268, 269, 271, 272, 273, 274, 275, 276, 277, 278, 279, 281, 282, 283, 284, 285, 286, 287, 288, 289, 290, 291, 292, 293], "summary": {"covered_lines": 47, "num_statements": 47, "percent_covered": 100.0, "percent_covered_display": "100", "missing_lines": 0, "excluded_lines": 0, "percent_statements_covered": 100.0, "percent_statements_covered_display": "100"}, "missing_lines": [], "excluded_lines": [], "start_line": 241}, "SentinelServer._handle_goal": {"executed_lines": [300, 301, 302, 304, 305, 306, 307, 308, 310, 312, 314, 331, 332, 334], "summary": {"covered_lines": 14, "num_statements": 14, "percent_covered": 100.0, "percent_covered_display": "100", "missing_lines": 0, "excluded_lines": 0, "percent_statements_covered": 100.0, "percent_statements_covered_display": "100"}, "missing_lines": [], "excluded_lines": [], "start_line": 297}, "SentinelServer._handle_goal._run": {"executed_lines": [315, 316, 317, 318, 327, 328, 329], "summary": {"covered_lines": 7, "num_statements": 7, "percent_covered": 100.0, "percent_covered_display": "100", "missing_lines": 0, "excluded_lines": 0, "percent_statements_covered": 100.0, "percent_statements_covered_display": "100"}, "missing_lines": [], "excluded_lines": [], "start_line": 314}, "SentinelServer._handle_command": {"executed_lines": [339, 340, 341, 343, 344, 345, 346, 347, 348, 349, 350, 352, 354, 355, 356, 357, 358, 359, 360, 361, 362], "summary": {"covered_lines": 21, "num_statements": 21, "percent_covered": 100.0, "percent_covered_display": "100", "missing_lines": 0, "excluded_lines": 0, "percent_statements_covered": 100.0, "percent_statements_covered_display": "100"}, "missing_lines": [], "excluded_lines": [], "start_line": 336}, "SentinelServer._handle_stop": {"executed_lines": [367, 368, 369, 370, 371], "summary": {"covered_lines": 5, "num_statements": 5, "percent_covered": 100.0, "percent_covered_display": "100", "missing_lines": 0, "excluded_lines": 0, "percent_statements_covered": 100.0, "percent_statements_covered_display": "100"}, "missing_lines": [], "excluded_lines": [], "start_line": 364}, "SentinelServer._handle_screenshot": {"executed_lines": [378, 379, 380, 381, 382, 383], "summary": {"covered_lines": 6, "num_statements": 6, "percent_covered": 100.0, "percent_covered_display": "100", "missing_lines": 0, "excluded_lines": 0, "percent_statements_covered": 100.0, "percent_statements_covered_display": "100"}, "missing_lines": [], "excluded_lines": [], "start_line": 375}, "SentinelServer._handle_status": {"executed_lines": [388, 389, 390, 396], "summary": {"covered_lines": 4, "num_statements": 4, "percent_covered": 100.0, "percent_covered_display": "100", "missing_lines": 0, "excluded_lines": 0, "percent_statements_covered": 100.0, "percent_statements_covered_display": "100"}, "missing_lines": [], "excluded_lines": [], "start_line": 385}, "SentinelServer._handle_windows": {"executed_lines": [401, 402, 403, 404, 405, 406], "summary": {"covered_lines": 6, "num_statements": 6, "percent_covered": 100.0, "percent_covered_display": "100", "missing_lines": 0, "excluded_lines": 0, "percent_statements_covered": 100.0, "percent_statements_covered_display": "100"}, "missing_lines": [], "excluded_lines": [], "start_line": 398}, "SentinelServer._handle_processes": {"executed_lines": [411, 412, 413, 414, 415, 416], "summary": {"covered_lines": 6, "num_statements": 6, "percent_covered": 100.0, "percent_covered_display": "100", "missing_lines": 0, "excluded_lines": 0, "percent_statements_covered": 100.0, "percent_statements_covered_display": "100"}, "missing_lines": [], "excluded_lines": [], "start_line": 408}, "SentinelServer._handle_system": {"executed_lines": [421, 422, 423, 424, 425, 426], "summary": {"covered_lines": 6, "num_statements": 6, "percent_covered": 100.0, "percent_covered_display": "100", "missing_lines": 0, "excluded_lines": 0, "percent_statements_covered": 100.0, "percent_statements_covered_display": "100"}, "missing_lines": [], "excluded_lines": [], "start_line": 418}, "SentinelServer._handle_get_config": {"executed_lines": [431, 433, 434, 435, 436], "summary": {"covered_lines": 5, "num_statements": 5, "percent_covered": 100.0, "percent_covered_display": "100", "missing_lines": 0, "excluded_lines": 0, "percent_statements_covered": 100.0, "percent_statements_covered_display": "100"}, "missing_lines": [], "excluded_lines": [], "start_line": 428}, "SentinelServer._handle_put_config": {"executed_lines": [441, 442, 444, 445, 446, 447, 448, 449, 450, 451], "summary": {"covered_lines": 10, "num_statements": 10, "percent_covered": 100.0, "percent_covered_display": "100", "missing_lines": 0, "excluded_lines": 0, "percent_statements_covered": 100.0, "percent_statements_covered_display": "100"}, "missing_lines": [], "excluded_lines": [], "start_line": 438}, "SentinelServer._handle_log": {"executed_lines": [454, 455, 456, 457], "summary": {"covered_lines": 4, "num_statements": 4, "percent_covered": 100.0, "percent_covered_display": "100", "missing_lines": 0, "excluded_lines": 0, "percent_statements_covered": 100.0, "percent_statements_covered_display": "100"}, "missing_lines": [], "excluded_lines": [], "start_line": 453}, "SentinelServer._handle_scripts_list": {"executed_lines": [465, 466, 467, 469, 470, 471, 472, 473, 475], "summary": {"covered_lines": 9, "num_statements": 9, "percent_covered": 100.0, "percent_covered_display": "100", "missing_lines": 0, "excluded_lines": 0, "percent_statements_covered": 100.0, "percent_statements_covered_display": "100"}, "missing_lines": [], "excluded_lines": [], "start_line": 461}, "SentinelServer._handle_script_run": {"executed_lines": [481, 482, 483, 484, 486, 487, 488, 489, 490, 491, 492], "summary": {"covered_lines": 11, "num_statements": 11, "percent_covered": 100.0, "percent_covered_display": "100", "missing_lines": 0, "excluded_lines": 0, "percent_statements_covered": 100.0, "percent_statements_covered_display": "100"}, "missing_lines": [], "excluded_lines": [], "start_line": 477}, "SentinelServer._handle_powershell": {"executed_lines": [503, 504, 505, 507, 508, 509, 516, 517, 518], "summary": {"covered_lines": 9, "num_statements": 9, "percent_covered": 100.0, "percent_covered_display": "100", "missing_lines": 0, "excluded_lines": 0, "percent_statements_covered": 100.0, "percent_statements_covered_display": "100"}, "missing_lines": [], "excluded_lines": [], "start_line": 499}, "SentinelServer._handle_recorder_start": {"executed_lines": [524, 525, 526, 527, 528, 529, 530, 531], "summary": {"covered_lines": 8, "num_statements": 8, "percent_covered": 100.0, "percent_covered_display": "100", "missing_lines": 0, "excluded_lines": 0, "percent_statements_covered": 100.0, "percent_statements_covered_display": "100"}, "missing_lines": [], "excluded_lines": [], "start_line": 520}, "SentinelServer._handle_recorder_stop": {"executed_lines": [537, 538, 539, 540, 541, 542, 543, 544, 545, 546, 547, 548, 549, 550, 551, 552, 553, 554, 555, 556], "summary": {"covered_lines": 20, "num_statements": 20, "percent_covered": 100.0, "percent_covered_display": "100", "missing_lines": 0, "excluded_lines": 0, "percent_statements_covered": 100.0, "percent_statements_covered_display": "100"}, "missing_lines": [], "excluded_lines": [], "start_line": 533}, "SentinelServer._handle_workflows_list": {"executed_lines": [564, 565, 566, 568, 569, 570, 571, 572], "summary": {"covered_lines": 8, "num_statements": 8, "percent_covered": 100.0, "percent_covered_display": "100", "missing_lines": 0, "excluded_lines": 0, "percent_statements_covered": 100.0, "percent_statements_covered_display": "100"}, "missing_lines": [], "excluded_lines": [], "start_line": 560}, "SentinelServer._handle_workflow_run": {"executed_lines": [578, 579, 580, 581, 583, 584, 585, 586, 587, 588, 589], "summary": {"covered_lines": 11, "num_statements": 11, "percent_covered": 100.0, "percent_covered_display": "100", "missing_lines": 0, "excluded_lines": 0, "percent_statements_covered": 100.0, "percent_statements_covered_display": "100"}, "missing_lines": [], "excluded_lines": [], "start_line": 574}, "SentinelServer._handle_schedule_list": {"executed_lines": [601, 602, 603, 604], "summary": {"covered_lines": 4, "num_statements": 4, "percent_covered": 100.0, "percent_covered_display": "100", "missing_lines": 0, "excluded_lines": 0, "percent_statements_covered": 100.0, "percent_statements_covered_display": "100"}, "missing_lines": [], "excluded_lines": [], "start_line": 597}, "SentinelServer._handle_schedule_add": {"executed_lines": [610, 611, 612, 613, 614, 615, 616, 617], "summary": {"covered_lines": 8, "num_statements": 8, "percent_covered": 100.0, "percent_covered_display": "100", "missing_lines": 0, "excluded_lines": 0, "percent_statements_covered": 100.0, "percent_statements_covered_display": "100"}, "missing_lines": [], "excluded_lines": [], "start_line": 606}, "SentinelServer._handle_schedule_remove": {"executed_lines": [623, 624, 625, 626, 627, 628, 629, 630], "summary": {"covered_lines": 8, "num_statements": 8, "percent_covered": 100.0, "percent_covered_display": "100", "missing_lines": 0, "excluded_lines": 0, "percent_statements_covered": 100.0, "percent_statements_covered_display": "100"}, "missing_lines": [], "excluded_lines": [], "start_line": 619}, "SentinelServer._handle_schedule_run": {"executed_lines": [636, 637, 638, 639, 640, 641, 642], "summary": {"covered_lines": 7, "num_statements": 7, "percent_covered": 100.0, "percent_covered_display": "100", "missing_lines": 0, "excluded_lines": 0, "percent_statements_covered": 100.0, "percent_statements_covered_display": "100"}, "missing_lines": [], "excluded_lines": [], "start_line": 632}, "SentinelServer._handle_notify": {"executed_lines": [648, 649, 650, 651, 652, 657, 658, 659], "summary": {"covered_lines": 8, "num_statements": 8, "percent_covered": 100.0, "percent_covered_display": "100", "missing_lines": 0, "excluded_lines": 0, "percent_statements_covered": 100.0, "percent_statements_covered_display": "100"}, "missing_lines": [], "excluded_lines": [], "start_line": 644}, "SentinelServer._handle_plugins_list": {"executed_lines": [665, 666, 667, 668, 669, 670, 671, 672], "summary": {"covered_lines": 8, "num_statements": 8, "percent_covered": 100.0, "percent_covered_display": "100", "missing_lines": 0, "excluded_lines": 0, "percent_statements_covered": 100.0, "percent_statements_covered_display": "100"}, "missing_lines": [], "excluded_lines": [], "start_line": 661}, "SentinelServer._handle_plugins_reload": {"executed_lines": [678, 679, 680, 681, 682, 683, 684, 685, 686], "summary": {"covered_lines": 9, "num_statements": 9, "percent_covered": 100.0, "percent_covered_display": "100", "missing_lines": 0, "excluded_lines": 0, "percent_statements_covered": 100.0, "percent_statements_covered_display": "100"}, "missing_lines": [], "excluded_lines": [], "start_line": 674}, "SentinelServer._handle_agents_list": {"executed_lines": [694, 695, 696, 697], "summary": {"covered_lines": 4, "num_statements": 4, "percent_covered": 100.0, "percent_covered_display": "100", "missing_lines": 0, "excluded_lines": 0, "percent_statements_covered": 100.0, "percent_statements_covered_display": "100"}, "missing_lines": [], "excluded_lines": [], "start_line": 690}, "SentinelServer._handle_agents_submit": {"executed_lines": [703, 704, 705, 706, 707, 712, 713, 714], "summary": {"covered_lines": 8, "num_statements": 8, "percent_covered": 100.0, "percent_covered_display": "100", "missing_lines": 0, "excluded_lines": 0, "percent_statements_covered": 100.0, "percent_statements_covered_display": "100"}, "missing_lines": [], "excluded_lines": [], "start_line": 699}, "SentinelServer._handle_agents_cancel": {"executed_lines": [720, 721, 722, 723, 724, 725, 726, 727], "summary": {"covered_lines": 8, "num_statements": 8, "percent_covered": 100.0, "percent_covered_display": "100", "missing_lines": 0, "excluded_lines": 0, "percent_statements_covered": 100.0, "percent_statements_covered_display": "100"}, "missing_lines": [], "excluded_lines": [], "start_line": 716}, "SentinelServer._handle_agent_status": {"executed_lines": [733, 734, 735, 736, 737, 738, 739, 740, 741, 742], "summary": {"covered_lines": 10, "num_statements": 10, "percent_covered": 100.0, "percent_covered_display": "100", "missing_lines": 0, "excluded_lines": 0, "percent_statements_covered": 100.0, "percent_statements_covered_display": "100"}, "missing_lines": [], "excluded_lines": [], "start_line": 729}, "SentinelServer._handle_auth_login": {"executed_lines": [751, 752, 754, 755, 756, 758, 759, 760, 761, 763, 764, 765, 766, 767, 768, 769, 770, 771, 772, 773], "summary": {"covered_lines": 20, "num_statements": 20, "percent_covered": 100.0, "percent_covered_display": "100", "missing_lines": 0, "excluded_lines": 0, "percent_statements_covered": 100.0, "percent_statements_covered_display": "100"}, "missing_lines": [], "excluded_lines": [], "start_line": 744}, "SentinelServer._handle_auth_logout": {"executed_lines": [779, 780, 781, 782, 783, 784, 785, 786, 787], "summary": {"covered_lines": 9, "num_statements": 9, "percent_covered": 100.0, "percent_covered_display": "100", "missing_lines": 0, "excluded_lines": 0, "percent_statements_covered": 100.0, "percent_statements_covered_display": "100"}, "missing_lines": [], "excluded_lines": [], "start_line": 775}, "SentinelServer._handle_auth_users": {"executed_lines": [793, 794, 795, 796, 797, 798, 799, 800], "summary": {"covered_lines": 8, "num_statements": 8, "percent_covered": 100.0, "percent_covered_display": "100", "missing_lines": 0, "excluded_lines": 0, "percent_statements_covered": 100.0, "percent_statements_covered_display": "100"}, "missing_lines": [], "excluded_lines": [], "start_line": 789}, "SentinelServer._handle_audit_export": {"executed_lines": [806, 807, 808, 809, 810, 811, 814, 815, 816, 817], "summary": {"covered_lines": 10, "num_statements": 10, "percent_covered": 100.0, "percent_covered_display": "100", "missing_lines": 0, "excluded_lines": 0, "percent_statements_covered": 100.0, "percent_statements_covered_display": "100"}, "missing_lines": [], "excluded_lines": [], "start_line": 802}, "SentinelServer._handle_vault_keys": {"executed_lines": [823, 824, 825, 826, 827, 828, 829, 830], "summary": {"covered_lines": 8, "num_statements": 8, "percent_covered": 100.0, "percent_covered_display": "100", "missing_lines": 0, "excluded_lines": 0, "percent_statements_covered": 100.0, "percent_statements_covered_display": "100"}, "missing_lines": [], "excluded_lines": [], "start_line": 819}, "SentinelServer._broadcast_step": {"executed_lines": [837, 838], "summary": {"covered_lines": 2, "num_statements": 2, "percent_covered": 100.0, "percent_covered_display": "100", "missing_lines": 0, "excluded_lines": 0, "percent_statements_covered": 100.0, "percent_statements_covered_display": "100"}, "missing_lines": [], "excluded_lines": [], "start_line": 834}, "SentinelServer._broadcast_event": {"executed_lines": [842, 843, 844, 845], "summary": {"covered_lines": 4, "num_statements": 4, "percent_covered": 100.0, "percent_covered_display": "100", "missing_lines": 0, "excluded_lines": 0, "percent_statements_covered": 100.0, "percent_statements_covered_display": "100"}, "missing_lines": [], "excluded_lines": [], "start_line": 840}, "SentinelServer._async_broadcast": {"executed_lines": [848, 849, 850, 851, 852, 853, 854, 855, 856, 857, 858, 859, 860, 861], "summary": {"covered_lines": 14, "num_statements": 14, "percent_covered": 100.0, "percent_covered_display": "100", "missing_lines": 0, "excluded_lines": 0, "percent_statements_covered": 100.0, "percent_statements_covered_display": "100"}, "missing_lines": [], "excluded_lines": [], "start_line": 847}, "SentinelServer._handle_ws": {"executed_lines": [864, 866, 867, 868, 869, 871, 872, 873, 874, 875, 876, 877, 878, 879, 880, 881, 882, 883, 884, 885, 886, 887, 889, 890, 891, 892, 893, 894, 895, 896, 897, 898, 899, 900, 901, 903, 904, 905], "summary": {"covered_lines": 38, "num_statements": 38, "percent_covered": 100.0, "percent_covered_display": "100", "missing_lines": 0, "excluded_lines": 0, "percent_statements_covered": 100.0, "percent_statements_covered_display": "100"}, "missing_lines": [], "excluded_lines": [], "start_line": 863}, "SentinelServer._get_client_ip": {"executed_lines": [915, 916, 917, 919, 920, 921, 923, 924, 925], "summary": {"covered_lines": 9, "num_statements": 9, "percent_covered": 100.0, "percent_covered_display": "100", "missing_lines": 0, "excluded_lines": 0, "percent_statements_covered": 100.0, "percent_statements_covered_display": "100"}, "missing_lines": [], "excluded_lines": [], "start_line": 908}, "SentinelServer._handle_workflow_builder_list": {"executed_lines": [932, 933, 934], "summary": {"covered_lines": 3, "num_statements": 3, "percent_covered": 100.0, "percent_covered_display": "100", "missing_lines": 0, "excluded_lines": 0, "percent_statements_covered": 100.0, "percent_statements_covered_display": "100"}, "missing_lines": [], "excluded_lines": [], "start_line": 929}, "SentinelServer._handle_workflow_builder_create": {"executed_lines": [942, 943, 947], "summary": {"covered_lines": 3, "num_statements": 3, "percent_covered": 100.0, "percent_covered_display": "100", "missing_lines": 0, "excluded_lines": 0, "percent_statements_covered": 100.0, "percent_statements_covered_display": "100"}, "missing_lines": [], "excluded_lines": [], "start_line": 936}, "SentinelServer._handle_workflow_templates": {"executed_lines": [952, 953], "summary": {"covered_lines": 2, "num_statements": 2, "percent_covered": 100.0, "percent_covered_display": "100", "missing_lines": 0, "excluded_lines": 0, "percent_statements_covered": 100.0, "percent_statements_covered_display": "100"}, "missing_lines": [], "excluded_lines": [], "start_line": 949}, "SentinelServer._handle_workflow_add_step": {"executed_lines": [963, 964, 965, 966, 967, 968], "summary": {"covered_lines": 6, "num_statements": 6, "percent_covered": 100.0, "percent_covered_display": "100", "missing_lines": 0, "excluded_lines": 0, "percent_statements_covered": 100.0, "percent_statements_covered_display": "100"}, "missing_lines": [], "excluded_lines": [], "start_line": 955}, "SentinelServer._handle_workflow_remove_step": {"executed_lines": [976, 977, 978, 979, 980, 981], "summary": {"covered_lines": 6, "num_statements": 6, "percent_covered": 100.0, "percent_covered_display": "100", "missing_lines": 0, "excluded_lines": 0, "percent_statements_covered": 100.0, "percent_statements_covered_display": "100"}, "missing_lines": [], "excluded_lines": [], "start_line": 970}, "SentinelServer._handle_workflow_builder_delete": {"executed_lines": [988, 989, 990], "summary": {"covered_lines": 3, "num_statements": 3, "percent_covered": 100.0, "percent_covered_display": "100", "missing_lines": 0, "excluded_lines": 0, "percent_statements_covered": 100.0, "percent_statements_covered_display": "100"}, "missing_lines": [], "excluded_lines": [], "start_line": 983}, "SentinelServer._handle_workflow_duplicate": {"executed_lines": [998, 999, 1000, 1001, 1002], "summary": {"covered_lines": 5, "num_statements": 5, "percent_covered": 100.0, "percent_covered_display": "100", "missing_lines": 0, "excluded_lines": 0, "percent_statements_covered": 100.0, "percent_statements_covered_display": "100"}, "missing_lines": [], "excluded_lines": [], "start_line": 992}, "": {"executed_lines": [20, 21, 22, 23, 24, 25, 26, 27, 28, 29, 31, 32, 33, 35, 36, 37, 38, 39, 40, 42, 47, 53, 57, 58, 61, 67, 70, 71, 72, 73, 74, 77, 81, 84, 87, 90, 93, 94, 97, 101, 104, 109, 110, 113, 119, 125, 128, 130, 133, 139, 143, 144, 147, 153, 160, 169, 177, 188, 196, 241, 297, 336, 364, 375, 385, 398, 408, 418, 428, 438, 453, 461, 477, 499, 520, 533, 560, 574, 597, 606, 619, 632, 644, 661, 674, 690, 699, 716, 729, 744, 775, 789, 802, 819, 834, 840, 847, 863, 907, 908, 929, 936, 949, 955, 970, 983, 992], "summary": {"covered_lines": 107, "num_statements": 107, "percent_covered": 100.0, "percent_covered_display": "100", "missing_lines": 0, "excluded_lines": 0, "percent_statements_covered": 100.0, "percent_statements_covered_display": "100"}, "missing_lines": [], "excluded_lines": [], "start_line": 1}}, "classes": {"GoalRequest": {"executed_lines": [], "summary": {"covered_lines": 0, "num_statements": 0, "percent_covered": 100.0, "percent_covered_display": "100", "missing_lines": 0, "excluded_lines": 0, "percent_statements_covered": 100.0, "percent_statements_covered_display": "100"}, "missing_lines": [], "excluded_lines": [], "start_line": 53}, "CommandRequest": {"executed_lines": [], "summary": {"covered_lines": 0, "num_statements": 0, "percent_covered": 100.0, "percent_covered_display": "100", "missing_lines": 0, "excluded_lines": 0, "percent_statements_covered": 100.0, "percent_statements_covered_display": "100"}, "missing_lines": [], "excluded_lines": [], "start_line": 61}, "ConfigUpdate": {"executed_lines": [], "summary": {"covered_lines": 0, "num_statements": 0, "percent_covered": 100.0, "percent_covered_display": "100", "missing_lines": 0, "excluded_lines": 0, "percent_statements_covered": 100.0, "percent_statements_covered_display": "100"}, "missing_lines": [], "excluded_lines": [], "start_line": 67}, "ScriptRunRequest": {"executed_lines": [], "summary": {"covered_lines": 0, "num_statements": 0, "percent_covered": 100.0, "percent_covered_display": "100", "missing_lines": 0, "excluded_lines": 0, "percent_statements_covered": 100.0, "percent_statements_covered_display": "100"}, "missing_lines": [], "excluded_lines": [], "start_line": 77}, "PowerShellRequest": {"executed_lines": [], "summary": {"covered_lines": 0, "num_statements": 0, "percent_covered": 100.0, "percent_covered_display": "100", "missing_lines": 0, "excluded_lines": 0, "percent_statements_covered": 100.0, "percent_statements_covered_display": "100"}, "missing_lines": [], "excluded_lines": [], "start_line": 84}, "RecorderStopRequest": {"executed_lines": [], "summary": {"covered_lines": 0, "num_statements": 0, "percent_covered": 100.0, "percent_covered_display": "100", "missing_lines": 0, "excluded_lines": 0, "percent_statements_covered": 100.0, "percent_statements_covered_display": "100"}, "missing_lines": [], "excluded_lines": [], "start_line": 90}, "WorkflowRunRequest": {"executed_lines": [], "summary": {"covered_lines": 0, "num_statements": 0, "percent_covered": 100.0, "percent_covered_display": "100", "missing_lines": 0, "excluded_lines": 0, "percent_statements_covered": 100.0, "percent_statements_covered_display": "100"}, "missing_lines": [], "excluded_lines": [], "start_line": 97}, "ScheduleAddRequest": {"executed_lines": [], "summary": {"covered_lines": 0, "num_statements": 0, "percent_covered": 100.0, "percent_covered_display": "100", "missing_lines": 0, "excluded_lines": 0, "percent_statements_covered": 100.0, "percent_statements_covered_display": "100"}, "missing_lines": [], "excluded_lines": [], "start_line": 104}, "ScheduleRemoveRequest": {"executed_lines": [], "summary": {"covered_lines": 0, "num_statements": 0, "percent_covered": 100.0, "percent_covered_display": "100", "missing_lines": 0, "excluded_lines": 0, "percent_statements_covered": 100.0, "percent_statements_covered_display": "100"}, "missing_lines": [], "excluded_lines": [], "start_line": 113}, "ScheduleRunRequest": {"executed_lines": [], "summary": {"covered_lines": 0, "num_statements": 0, "percent_covered": 100.0, "percent_covered_display": "100", "missing_lines": 0, "excluded_lines": 0, "percent_statements_covered": 100.0, "percent_statements_covered_display": "100"}, "missing_lines": [], "excluded_lines": [], "start_line": 119}, "NotifyRequest": {"executed_lines": [], "summary": {"covered_lines": 0, "num_statements": 0, "percent_covered": 100.0, "percent_covered_display": "100", "missing_lines": 0, "excluded_lines": 0, "percent_statements_covered": 100.0, "percent_statements_covered_display": "100"}, "missing_lines": [], "excluded_lines": [], "start_line": 125}, "PluginReloadRequest": {"executed_lines": [], "summary": {"covered_lines": 0, "num_statements": 0, "percent_covered": 100.0, "percent_covered_display": "100", "missing_lines": 0, "excluded_lines": 0, "percent_statements_covered": 100.0, "percent_statements_covered_display": "100"}, "missing_lines": [], "excluded_lines": [], "start_line": 133}, "AgentSubmitRequest": {"executed_lines": [], "summary": {"covered_lines": 0, "num_statements": 0, "percent_covered": 100.0, "percent_covered_display": "100", "missing_lines": 0, "excluded_lines": 0, "percent_statements_covered": 100.0, "percent_statements_covered_display": "100"}, "missing_lines": [], "excluded_lines": [], "start_line": 139}, "AgentCancelRequest": {"executed_lines": [], "summary": {"covered_lines": 0, "num_statements": 0, "percent_covered": 100.0, "percent_covered_display": "100", "missing_lines": 0, "excluded_lines": 0, "percent_statements_covered": 100.0, "percent_statements_covered_display": "100"}, "missing_lines": [], "excluded_lines": [], "start_line": 147}, "AuthLoginRequest": {"executed_lines": [], "summary": {"covered_lines": 0, "num_statements": 0, "percent_covered": 100.0, "percent_covered_display": "100", "missing_lines": 0, "excluded_lines": 0, "percent_statements_covered": 100.0, "percent_statements_covered_display": "100"}, "missing_lines": [], "excluded_lines": [], "start_line": 153}, "AuthLogoutRequest": {"executed_lines": [], "summary": {"covered_lines": 0, "num_statements": 0, "percent_covered": 100.0, "percent_covered_display": "100", "missing_lines": 0, "excluded_lines": 0, "percent_statements_covered": 100.0, "percent_statements_covered_display": "100"}, "missing_lines": [], "excluded_lines": [], "start_line": 160}, "SentinelServer": {"executed_lines": [178, 179, 180, 181, 182, 184, 189, 190, 191, 192, 193, 194, 199, 200, 201, 203, 204, 206, 207, 209, 219, 220, 221, 222, 223, 225, 231, 238, 239, 243, 244, 245, 246, 247, 248, 249, 250, 251, 252, 253, 255, 256, 257, 258, 259, 261, 262, 263, 264, 265, 266, 267, 268, 269, 271, 272, 273, 274, 275, 276, 277, 278, 279, 281, 282, 283, 284, 285, 286, 287, 288, 289, 290, 291, 292, 293, 300, 301, 302, 304, 305, 306, 307, 308, 310, 312, 314, 315, 316, 317, 318, 327, 328, 329, 331, 332, 334, 339, 340, 341, 343, 344, 345, 346, 347, 348, 349, 350, 352, 354, 355, 356, 357, 358, 359, 360, 361, 362, 367, 368, 369, 370, 371, 378, 379, 380, 381, 382, 383, 388, 389, 390, 396, 401, 402, 403, 404, 405, 406, 411, 412, 413, 414, 415, 416, 421, 422, 423, 424, 425, 426, 431, 433, 434, 435, 436, 441, 442, 444, 445, 446, 447, 448, 449, 450, 451, 454, 455, 456, 457, 465, 466, 467, 469, 470, 471, 472, 473, 475, 481, 482, 483, 484, 486, 487, 488, 489, 490, 491, 492, 503, 504, 505, 507, 508, 509, 516, 517, 518, 524, 525, 526, 527, 528, 529, 530, 531, 537, 538, 539, 540, 541, 542, 543, 544, 545, 546, 547, 548, 549, 550, 551, 552, 553, 554, 555, 556, 564, 565, 566, 568, 569, 570, 571, 572, 578, 579, 580, 581, 583, 584, 585, 586, 587, 588, 589, 601, 602, 603, 604, 610, 611, 612, 613, 614, 615, 616, 617, 623, 624, 625, 626, 627, 628, 629, 630, 636, 637, 638, 639, 640, 641, 642, 648, 649, 650, 651, 652, 657, 658, 659, 665, 666, 667, 668, 669, 670, 671, 672, 678, 679, 680, 681, 682, 683, 684, 685, 686, 694, 695, 696, 697, 703, 704, 705, 706, 707, 712, 713, 714, 720, 721, 722, 723, 724, 725, 726, 727, 733, 734, 735, 736, 737, 738, 739, 740, 741, 742, 751, 752, 754, 755, 756, 758, 759, 760, 761, 763, 764, 765, 766, 767, 768, 769, 770, 771, 772, 773, 779, 780, 781, 782, 783, 784, 785, 786, 787, 793, 794, 795, 796, 797, 798, 799, 800, 806, 807, 808, 809, 810, 811, 814, 815, 816, 817, 823, 824, 825, 826, 827, 828, 829, 830, 837, 838, 842, 843, 844, 845, 848, 849, 850, 851, 852, 853, 854, 855, 856, 857, 858, 859, 860, 861, 864, 866, 867, 868, 869, 871, 872, 873, 874, 875, 876, 877, 878, 879, 880, 881, 882, 883, 884, 885, 886, 887, 889, 890, 891, 892, 893, 894, 895, 896, 897, 898, 899, 900, 901, 903, 904, 905, 915, 916, 917, 919, 920, 921, 923, 924, 925, 932, 933, 934, 942, 943, 947, 952, 953, 963, 964, 965, 966, 967, 968, 976, 977, 978, 979, 980, 981, 988, 989, 990, 998, 999, 1000, 1001, 1002], "summary": {"covered_lines": 478, "num_statements": 478, "percent_covered": 100.0, "percent_covered_display": "100", "missing_lines": 0, "excluded_lines": 0, "percent_statements_covered": 100.0, "percent_statements_covered_display": "100"}, "missing_lines": [], "excluded_lines": [], "start_line": 169}, "": {"executed_lines": [20, 21, 22, 23, 24, 25, 26, 27, 28, 29, 31, 32, 33, 35, 36, 37, 38, 39, 40, 42, 47, 53, 57, 58, 61, 67, 70, 71, 72, 73, 74, 77, 81, 84, 87, 90, 93, 94, 97, 101, 104, 109, 110, 113, 119, 125, 128, 130, 133, 139, 143, 144, 147, 153, 160, 169, 177, 188, 196, 241, 297, 336, 364, 375, 385, 398, 408, 418, 428, 438, 453, 461, 477, 499, 520, 533, 560, 574, 597, 606, 619, 632, 644, 661, 674, 690, 699, 716, 729, 744, 775, 789, 802, 819, 834, 840, 847, 863, 907, 908, 929, 936, 949, 955, 970, 983, 992], "summary": {"covered_lines": 107, "num_statements": 107, "percent_covered": 100.0, "percent_covered_display": "100", "missing_lines": 0, "excluded_lines": 0, "percent_statements_covered": 100.0, "percent_statements_covered_display": "100"}, "missing_lines": [], "excluded_lines": [], "start_line": 1}}}, "core/__init__.py": {"executed_lines": [3, 5], "summary": {"covered_lines": 2, "num_statements": 2, "percent_covered": 100.0, "percent_covered_display": "100", "missing_lines": 0, "excluded_lines": 0, "percent_statements_covered": 100.0, "percent_statements_covered_display": "100"}, "missing_lines": [], "excluded_lines": [], "functions": {"": {"executed_lines": [3, 5], "summary": {"covered_lines": 2, "num_statements": 2, "percent_covered": 100.0, "percent_covered_display": "100", "missing_lines": 0, "excluded_lines": 0, "percent_statements_covered": 100.0, "percent_statements_covered_display": "100"}, "missing_lines": [], "excluded_lines": [], "start_line": 1}}, "classes": {"": {"executed_lines": [3, 5], "summary": {"covered_lines": 2, "num_statements": 2, "percent_covered": 100.0, "percent_covered_display": "100", "missing_lines": 0, "excluded_lines": 0, "percent_statements_covered": 100.0, "percent_statements_covered_display": "100"}, "missing_lines": [], "excluded_lines": [], "start_line": 1}}}, "core/action_executor.py": {"executed_lines": [8, 9, 10, 11, 13, 14, 15, 16, 17, 18, 19, 21, 24, 40, 63, 66, 88, 89, 90, 91, 92, 95, 96, 97, 99, 100, 107, 109, 123, 124, 127, 128, 129, 130, 135, 136, 139, 140, 141, 142, 143, 146, 147, 148, 149, 152, 153, 154, 156, 157, 159, 160, 161, 162, 163, 165, 171, 172, 174, 176, 177, 180, 181, 182, 183, 184, 187, 188, 189, 190, 192, 193, 194, 195, 196, 197, 198, 200, 206, 207, 209, 211, 217, 218, 223, 229, 230, 231, 233, 234, 235, 236, 238, 239, 246, 247, 248, 254, 259, 260, 261, 262, 263, 264, 265, 266, 267, 272, 273, 280, 281, 282, 283, 289, 290, 292, 298, 299, 305, 316, 317, 318, 319, 320, 321, 322, 324, 325, 326, 327, 332, 340, 341, 342, 347, 348, 349, 355, 357, 358, 359, 360, 365, 366, 367, 368, 372, 373, 374, 382, 396, 397, 404, 405, 412, 413, 414, 415, 416, 417, 418, 419, 425, 426, 428, 435, 436, 442, 446, 447, 448, 449, 455, 468, 469, 470, 476, 489, 490, 495, 496, 502, 503, 506, 507, 508, 509, 510, 511, 512, 513, 514, 515, 516, 517, 518, 519, 520, 521, 522, 523, 524, 525, 526, 527, 529, 530, 531, 532, 533, 538, 539, 541, 547, 548, 554, 558, 559, 560, 561, 562, 563, 564, 565, 569, 570, 574, 575, 581, 584, 585, 590, 591, 592, 593, 594, 595, 596, 597, 598, 599, 601, 602, 603, 608, 609, 611, 613, 614, 615, 616, 617, 618, 619, 620, 621, 627, 629, 630, 631, 632, 633, 634, 635, 636, 637, 639, 651, 652, 653, 654, 655, 657, 658, 660, 661, 662, 664, 665, 666, 667, 668, 669, 670, 672, 673, 674, 675, 676, 677, 678, 679, 680, 684, 685, 686, 687, 688, 689, 690, 692, 694, 695, 696, 697, 698, 700, 702, 703, 704, 709, 710, 716, 718, 719, 720, 721, 726, 731, 732, 738, 740, 742, 744, 745, 746, 747, 748, 749, 751, 753, 754, 755, 756, 761, 762, 763, 769, 771, 772, 774, 775, 776, 777, 785, 786, 788, 789, 795, 799, 800, 802, 803, 804, 807, 814, 815, 817, 818, 824, 828, 829, 831, 832, 833, 834, 841, 842, 848, 850, 851, 852, 853, 854, 855, 856, 862, 867, 868, 869, 872, 874, 875, 880, 885, 886, 888, 889, 891, 893, 894, 895, 900, 901, 902, 906, 907, 913, 919, 920, 921, 922, 925, 926, 927, 928, 929, 930, 931, 932, 934, 935, 936, 942, 948, 949, 955, 957, 958, 959, 960, 961, 967, 969, 970, 971, 972, 973, 979, 981, 982, 983, 984, 985, 986, 991, 992, 998, 1000, 1001, 1002, 1003, 1004, 1010, 1012, 1013, 1014, 1015, 1016, 1017, 1018, 1024, 1026, 1027, 1028, 1029, 1030, 1036, 1038, 1039, 1040, 1041, 1042, 1048, 1050, 1051, 1052, 1053, 1054, 1060, 1062, 1063, 1064, 1065, 1066, 1072, 1074, 1075, 1076, 1077, 1078, 1084, 1086, 1087, 1088, 1089, 1093, 1094, 1100, 1102, 1103, 1105, 1107, 1109, 1111, 1112, 1114, 1115, 1116, 1122, 1123, 1129, 1131, 1132, 1134, 1135, 1136, 1143, 1144, 1147, 1197, 1199, 1200, 1201, 1202, 1203, 1204, 1207, 1210, 1211, 1212, 1213, 1214, 1217, 1219, 1220, 1221, 1222, 1223, 1224, 1226, 1227], "summary": {"covered_lines": 532, "num_statements": 532, "percent_covered": 100.0, "percent_covered_display": "100", "missing_lines": 0, "excluded_lines": 0, "percent_statements_covered": 100.0, "percent_statements_covered_display": "100"}, "missing_lines": [], "excluded_lines": [], "functions": {"ActionExecutor.__init__": {"executed_lines": [88, 89, 90, 91, 92, 95, 96, 97], "summary": {"covered_lines": 8, "num_statements": 8, "percent_covered": 100.0, "percent_covered_display": "100", "missing_lines": 0, "excluded_lines": 0, "percent_statements_covered": 100.0, "percent_statements_covered_display": "100"}, "missing_lines": [], "excluded_lines": [], "start_line": 66}, "ActionExecutor.log": {"executed_lines": [107], "summary": {"covered_lines": 1, "num_statements": 1, "percent_covered": 100.0, "percent_covered_display": "100", "missing_lines": 0, "excluded_lines": 0, "percent_statements_covered": 100.0, "percent_statements_covered_display": "100"}, "missing_lines": [], "excluded_lines": [], "start_line": 100}, "ActionExecutor.execute": {"executed_lines": [123, 124, 127, 128, 129, 130, 135, 136, 139, 140, 141, 142, 143, 146, 147, 148, 149, 152, 153, 154, 156, 157, 159, 160, 161, 162, 163, 165, 171, 172], "summary": {"covered_lines": 30, "num_statements": 30, "percent_covered": 100.0, "percent_covered_display": "100", "missing_lines": 0, "excluded_lines": 0, "percent_statements_covered": 100.0, "percent_statements_covered_display": "100"}, "missing_lines": [], "excluded_lines": [], "start_line": 109}, "ActionExecutor.execute_sync": {"executed_lines": [176, 177, 180, 181, 182, 183, 184, 187, 188, 189, 190, 192, 193, 194, 195, 196, 197, 198, 200, 206, 207], "summary": {"covered_lines": 21, "num_statements": 21, "percent_covered": 100.0, "percent_covered_display": "100", "missing_lines": 0, "excluded_lines": 0, "percent_statements_covered": 100.0, "percent_statements_covered_display": "100"}, "missing_lines": [], "excluded_lines": [], "start_line": 174}, "ActionExecutor._log_entry": {"executed_lines": [211, 217, 218], "summary": {"covered_lines": 3, "num_statements": 3, "percent_covered": 100.0, "percent_covered_display": "100", "missing_lines": 0, "excluded_lines": 0, "percent_statements_covered": 100.0, "percent_statements_covered_display": "100"}, "missing_lines": [], "excluded_lines": [], "start_line": 209}, "ActionExecutor._click": {"executed_lines": [229, 230, 231, 233, 234, 235, 236, 238, 239, 246, 247, 248], "summary": {"covered_lines": 12, "num_statements": 12, "percent_covered": 100.0, "percent_covered_display": "100", "missing_lines": 0, "excluded_lines": 0, "percent_statements_covered": 100.0, "percent_statements_covered_display": "100"}, "missing_lines": [], "excluded_lines": [], "start_line": 223}, "ActionExecutor._click_text": {"executed_lines": [259, 260, 261, 262, 263, 264, 265, 266, 267, 272, 273, 280, 281, 282, 283, 289, 290, 292, 298, 299], "summary": {"covered_lines": 20, "num_statements": 20, "percent_covered": 100.0, "percent_covered_display": "100", "missing_lines": 0, "excluded_lines": 0, "percent_statements_covered": 100.0, "percent_statements_covered_display": "100"}, "missing_lines": [], "excluded_lines": [], "start_line": 254}, "ActionExecutor._read_text": {"executed_lines": [316, 317, 318, 319, 320, 321, 322, 324, 325, 326, 327, 332, 340, 341, 342, 347, 348, 349], "summary": {"covered_lines": 18, "num_statements": 18, "percent_covered": 100.0, "percent_covered_display": "100", "missing_lines": 0, "excluded_lines": 0, "percent_statements_covered": 100.0, "percent_statements_covered_display": "100"}, "missing_lines": [], "excluded_lines": [], "start_line": 305}, "ActionExecutor._read_window": {"executed_lines": [357, 358, 359, 360, 365, 366, 367, 368, 372, 373, 374], "summary": {"covered_lines": 11, "num_statements": 11, "percent_covered": 100.0, "percent_covered_display": "100", "missing_lines": 0, "excluded_lines": 0, "percent_statements_covered": 100.0, "percent_statements_covered_display": "100"}, "missing_lines": [], "excluded_lines": [], "start_line": 355}, "ActionExecutor._click_control": {"executed_lines": [396, 397, 404, 405, 412, 413, 414, 415, 416, 417, 418, 419, 425, 426, 428, 435, 436], "summary": {"covered_lines": 17, "num_statements": 17, "percent_covered": 100.0, "percent_covered_display": "100", "missing_lines": 0, "excluded_lines": 0, "percent_statements_covered": 100.0, "percent_statements_covered_display": "100"}, "missing_lines": [], "excluded_lines": [], "start_line": 382}, "ActionExecutor._list_controls": {"executed_lines": [446, 447, 448, 449, 455, 468, 469, 470], "summary": {"covered_lines": 8, "num_statements": 8, "percent_covered": 100.0, "percent_covered_display": "100", "missing_lines": 0, "excluded_lines": 0, "percent_statements_covered": 100.0, "percent_statements_covered_display": "100"}, "missing_lines": [], "excluded_lines": [], "start_line": 442}, "ActionExecutor._set_text": {"executed_lines": [489, 490, 495, 496, 502, 503, 506, 507, 508, 509, 510, 511, 512, 513, 514, 515, 516, 517, 518, 519, 520, 521, 522, 523, 524, 525, 526, 527, 529, 530, 531, 532, 533, 538, 539, 541, 547, 548], "summary": {"covered_lines": 38, "num_statements": 38, "percent_covered": 100.0, "percent_covered_display": "100", "missing_lines": 0, "excluded_lines": 0, "percent_statements_covered": 100.0, "percent_statements_covered_display": "100"}, "missing_lines": [], "excluded_lines": [], "start_line": 476}, "ActionExecutor._click_image": {"executed_lines": [558, 559, 560, 561, 562, 563, 564, 565, 569, 570, 574, 575], "summary": {"covered_lines": 12, "num_statements": 12, "percent_covered": 100.0, "percent_covered_display": "100", "missing_lines": 0, "excluded_lines": 0, "percent_statements_covered": 100.0, "percent_statements_covered_display": "100"}, "missing_lines": [], "excluded_lines": [], "start_line": 554}, "ActionExecutor._type_text": {"executed_lines": [584, 585, 590, 591, 592, 593, 594, 595, 596, 597, 598, 599, 601, 602, 603, 608, 609], "summary": {"covered_lines": 17, "num_statements": 17, "percent_covered": 100.0, "percent_covered_display": "100", "missing_lines": 0, "excluded_lines": 0, "percent_statements_covered": 100.0, "percent_statements_covered_display": "100"}, "missing_lines": [], "excluded_lines": [], "start_line": 581}, "ActionExecutor._press_key": {"executed_lines": [613, 614, 615, 616, 617, 618, 619, 620, 621], "summary": {"covered_lines": 9, "num_statements": 9, "percent_covered": 100.0, "percent_covered_display": "100", "missing_lines": 0, "excluded_lines": 0, "percent_statements_covered": 100.0, "percent_statements_covered_display": "100"}, "missing_lines": [], "excluded_lines": [], "start_line": 611}, "ActionExecutor._hotkey": {"executed_lines": [629, 630, 631, 632, 633, 634, 635, 636, 637], "summary": {"covered_lines": 9, "num_statements": 9, "percent_covered": 100.0, "percent_covered_display": "100", "missing_lines": 0, "excluded_lines": 0, "percent_statements_covered": 100.0, "percent_statements_covered_display": "100"}, "missing_lines": [], "excluded_lines": [], "start_line": 627}, "ActionExecutor._drag": {"executed_lines": [651, 652, 653, 654, 655, 657, 658, 660, 661, 662, 664, 665, 666, 667, 668, 669, 670, 672, 673, 674, 675, 676, 677, 678, 679, 680, 684, 685, 686, 687, 688, 689, 690], "summary": {"covered_lines": 33, "num_statements": 33, "percent_covered": 100.0, "percent_covered_display": "100", "missing_lines": 0, "excluded_lines": 0, "percent_statements_covered": 100.0, "percent_statements_covered_display": "100"}, "missing_lines": [], "excluded_lines": [], "start_line": 639}, "ActionExecutor._scroll": {"executed_lines": [694, 695, 696, 697, 698], "summary": {"covered_lines": 5, "num_statements": 5, "percent_covered": 100.0, "percent_covered_display": "100", "missing_lines": 0, "excluded_lines": 0, "percent_statements_covered": 100.0, "percent_statements_covered_display": "100"}, "missing_lines": [], "excluded_lines": [], "start_line": 692}, "ActionExecutor._screenshot": {"executed_lines": [702, 703, 704, 709, 710], "summary": {"covered_lines": 5, "num_statements": 5, "percent_covered": 100.0, "percent_covered_display": "100", "missing_lines": 0, "excluded_lines": 0, "percent_statements_covered": 100.0, "percent_statements_covered_display": "100"}, "missing_lines": [], "excluded_lines": [], "start_line": 700}, "ActionExecutor._find_image": {"executed_lines": [718, 719, 720, 721, 726, 731, 732], "summary": {"covered_lines": 7, "num_statements": 7, "percent_covered": 100.0, "percent_covered_display": "100", "missing_lines": 0, "excluded_lines": 0, "percent_statements_covered": 100.0, "percent_statements_covered_display": "100"}, "missing_lines": [], "excluded_lines": [], "start_line": 716}, "ActionExecutor._wait": {"executed_lines": [740, 742, 744, 745, 746, 747, 748, 749], "summary": {"covered_lines": 8, "num_statements": 8, "percent_covered": 100.0, "percent_covered_display": "100", "missing_lines": 0, "excluded_lines": 0, "percent_statements_covered": 100.0, "percent_statements_covered_display": "100"}, "missing_lines": [], "excluded_lines": [], "start_line": 738}, "ActionExecutor._wait_for_image": {"executed_lines": [753, 754, 755, 756, 761, 762, 763], "summary": {"covered_lines": 7, "num_statements": 7, "percent_covered": 100.0, "percent_covered_display": "100", "missing_lines": 0, "excluded_lines": 0, "percent_statements_covered": 100.0, "percent_statements_covered_display": "100"}, "missing_lines": [], "excluded_lines": [], "start_line": 751}, "ActionExecutor._smart_wait": {"executed_lines": [771, 772, 774, 775, 776, 777, 785, 786, 788, 789], "summary": {"covered_lines": 10, "num_statements": 10, "percent_covered": 100.0, "percent_covered_display": "100", "missing_lines": 0, "excluded_lines": 0, "percent_statements_covered": 100.0, "percent_statements_covered_display": "100"}, "missing_lines": [], "excluded_lines": [], "start_line": 769}, "ActionExecutor._wait_for_stable": {"executed_lines": [799, 800, 802, 803, 804, 807, 814, 815, 817, 818], "summary": {"covered_lines": 10, "num_statements": 10, "percent_covered": 100.0, "percent_covered_display": "100", "missing_lines": 0, "excluded_lines": 0, "percent_statements_covered": 100.0, "percent_statements_covered_display": "100"}, "missing_lines": [], "excluded_lines": [], "start_line": 795}, "ActionExecutor._wait_for_text": {"executed_lines": [828, 829, 831, 832, 833, 834, 841, 842], "summary": {"covered_lines": 8, "num_statements": 8, "percent_covered": 100.0, "percent_covered_display": "100", "missing_lines": 0, "excluded_lines": 0, "percent_statements_covered": 100.0, "percent_statements_covered_display": "100"}, "missing_lines": [], "excluded_lines": [], "start_line": 824}, "ActionExecutor._open_app": {"executed_lines": [850, 851, 852, 853, 854, 855, 856], "summary": {"covered_lines": 7, "num_statements": 7, "percent_covered": 100.0, "percent_covered_display": "100", "missing_lines": 0, "excluded_lines": 0, "percent_statements_covered": 100.0, "percent_statements_covered_display": "100"}, "missing_lines": [], "excluded_lines": [], "start_line": 848}, "ActionExecutor._smart_open": {"executed_lines": [867, 868, 869, 872, 874, 875, 880, 885, 886, 888, 889], "summary": {"covered_lines": 11, "num_statements": 11, "percent_covered": 100.0, "percent_covered_display": "100", "missing_lines": 0, "excluded_lines": 0, "percent_statements_covered": 100.0, "percent_statements_covered_display": "100"}, "missing_lines": [], "excluded_lines": [], "start_line": 862}, "ActionExecutor._close_app": {"executed_lines": [893, 894, 895, 900, 901, 902, 906, 907], "summary": {"covered_lines": 8, "num_statements": 8, "percent_covered": 100.0, "percent_covered_display": "100", "missing_lines": 0, "excluded_lines": 0, "percent_statements_covered": 100.0, "percent_statements_covered_display": "100"}, "missing_lines": [], "excluded_lines": [], "start_line": 891}, "ActionExecutor._focus_window": {"executed_lines": [919, 920, 921, 922, 925, 926, 927, 928, 929, 930, 931, 932, 934, 935, 936, 942, 948, 949], "summary": {"covered_lines": 18, "num_statements": 18, "percent_covered": 100.0, "percent_covered_display": "100", "missing_lines": 0, "excluded_lines": 0, "percent_statements_covered": 100.0, "percent_statements_covered_display": "100"}, "missing_lines": [], "excluded_lines": [], "start_line": 913}, "ActionExecutor._close_window": {"executed_lines": [957, 958, 959, 960, 961], "summary": {"covered_lines": 5, "num_statements": 5, "percent_covered": 100.0, "percent_covered_display": "100", "missing_lines": 0, "excluded_lines": 0, "percent_statements_covered": 100.0, "percent_statements_covered_display": "100"}, "missing_lines": [], "excluded_lines": [], "start_line": 955}, "ActionExecutor._list_windows": {"executed_lines": [969, 970, 971, 972, 973], "summary": {"covered_lines": 5, "num_statements": 5, "percent_covered": 100.0, "percent_covered_display": "100", "missing_lines": 0, "excluded_lines": 0, "percent_statements_covered": 100.0, "percent_statements_covered_display": "100"}, "missing_lines": [], "excluded_lines": [], "start_line": 967}, "ActionExecutor._read_file": {"executed_lines": [981, 982, 983, 984, 985, 986, 991, 992], "summary": {"covered_lines": 8, "num_statements": 8, "percent_covered": 100.0, "percent_covered_display": "100", "missing_lines": 0, "excluded_lines": 0, "percent_statements_covered": 100.0, "percent_statements_covered_display": "100"}, "missing_lines": [], "excluded_lines": [], "start_line": 979}, "ActionExecutor._write_file": {"executed_lines": [1000, 1001, 1002, 1003, 1004], "summary": {"covered_lines": 5, "num_statements": 5, "percent_covered": 100.0, "percent_covered_display": "100", "missing_lines": 0, "excluded_lines": 0, "percent_statements_covered": 100.0, "percent_statements_covered_display": "100"}, "missing_lines": [], "excluded_lines": [], "start_line": 998}, "ActionExecutor._list_directory": {"executed_lines": [1012, 1013, 1014, 1015, 1016, 1017, 1018], "summary": {"covered_lines": 7, "num_statements": 7, "percent_covered": 100.0, "percent_covered_display": "100", "missing_lines": 0, "excluded_lines": 0, "percent_statements_covered": 100.0, "percent_statements_covered_display": "100"}, "missing_lines": [], "excluded_lines": [], "start_line": 1010}, "ActionExecutor._clipboard_read": {"executed_lines": [1026, 1027, 1028, 1029, 1030], "summary": {"covered_lines": 5, "num_statements": 5, "percent_covered": 100.0, "percent_covered_display": "100", "missing_lines": 0, "excluded_lines": 0, "percent_statements_covered": 100.0, "percent_statements_covered_display": "100"}, "missing_lines": [], "excluded_lines": [], "start_line": 1024}, "ActionExecutor._clipboard_write": {"executed_lines": [1038, 1039, 1040, 1041, 1042], "summary": {"covered_lines": 5, "num_statements": 5, "percent_covered": 100.0, "percent_covered_display": "100", "missing_lines": 0, "excluded_lines": 0, "percent_statements_covered": 100.0, "percent_statements_covered_display": "100"}, "missing_lines": [], "excluded_lines": [], "start_line": 1036}, "ActionExecutor._system_info": {"executed_lines": [1050, 1051, 1052, 1053, 1054], "summary": {"covered_lines": 5, "num_statements": 5, "percent_covered": 100.0, "percent_covered_display": "100", "missing_lines": 0, "excluded_lines": 0, "percent_statements_covered": 100.0, "percent_statements_covered_display": "100"}, "missing_lines": [], "excluded_lines": [], "start_line": 1048}, "ActionExecutor._list_processes": {"executed_lines": [1062, 1063, 1064, 1065, 1066], "summary": {"covered_lines": 5, "num_statements": 5, "percent_covered": 100.0, "percent_covered_display": "100", "missing_lines": 0, "excluded_lines": 0, "percent_statements_covered": 100.0, "percent_statements_covered_display": "100"}, "missing_lines": [], "excluded_lines": [], "start_line": 1060}, "ActionExecutor._start_process": {"executed_lines": [1074, 1075, 1076, 1077, 1078], "summary": {"covered_lines": 5, "num_statements": 5, "percent_covered": 100.0, "percent_covered_display": "100", "missing_lines": 0, "excluded_lines": 0, "percent_statements_covered": 100.0, "percent_statements_covered_display": "100"}, "missing_lines": [], "excluded_lines": [], "start_line": 1072}, "ActionExecutor._kill_process": {"executed_lines": [1086, 1087, 1088, 1089, 1093, 1094], "summary": {"covered_lines": 6, "num_statements": 6, "percent_covered": 100.0, "percent_covered_display": "100", "missing_lines": 0, "excluded_lines": 0, "percent_statements_covered": 100.0, "percent_statements_covered_display": "100"}, "missing_lines": [], "excluded_lines": [], "start_line": 1084}, "ActionExecutor._note": {"executed_lines": [1102, 1103], "summary": {"covered_lines": 2, "num_statements": 2, "percent_covered": 100.0, "percent_covered_display": "100", "missing_lines": 0, "excluded_lines": 0, "percent_statements_covered": 100.0, "percent_statements_covered_display": "100"}, "missing_lines": [], "excluded_lines": [], "start_line": 1100}, "ActionExecutor._finish": {"executed_lines": [1107], "summary": {"covered_lines": 1, "num_statements": 1, "percent_covered": 100.0, "percent_covered_display": "100", "missing_lines": 0, "excluded_lines": 0, "percent_statements_covered": 100.0, "percent_statements_covered_display": "100"}, "missing_lines": [], "excluded_lines": [], "start_line": 1105}, "ActionExecutor._powershell": {"executed_lines": [1111, 1112, 1114, 1115, 1116, 1122, 1123], "summary": {"covered_lines": 7, "num_statements": 7, "percent_covered": 100.0, "percent_covered_display": "100", "missing_lines": 0, "excluded_lines": 0, "percent_statements_covered": 100.0, "percent_statements_covered_display": "100"}, "missing_lines": [], "excluded_lines": [], "start_line": 1109}, "ActionExecutor._run_script": {"executed_lines": [1131, 1132, 1134, 1135, 1136, 1143, 1144], "summary": {"covered_lines": 7, "num_statements": 7, "percent_covered": 100.0, "percent_covered_display": "100", "missing_lines": 0, "excluded_lines": 0, "percent_statements_covered": 100.0, "percent_statements_covered_display": "100"}, "missing_lines": [], "excluded_lines": [], "start_line": 1129}, "_dry_run_result": {"executed_lines": [1199, 1200, 1201, 1202, 1203, 1204], "summary": {"covered_lines": 6, "num_statements": 6, "percent_covered": 100.0, "percent_covered_display": "100", "missing_lines": 0, "excluded_lines": 0, "percent_statements_covered": 100.0, "percent_statements_covered_display": "100"}, "missing_lines": [], "excluded_lines": [], "start_line": 1197}, "_contains_sensitive": {"executed_lines": [1210, 1211, 1212, 1213, 1214], "summary": {"covered_lines": 5, "num_statements": 5, "percent_covered": 100.0, "percent_covered_display": "100", "missing_lines": 0, "excluded_lines": 0, "percent_statements_covered": 100.0, "percent_statements_covered_display": "100"}, "missing_lines": [], "excluded_lines": [], "start_line": 1207}, "_sanitize_params": {"executed_lines": [1219, 1220, 1221, 1222, 1223, 1224, 1226, 1227], "summary": {"covered_lines": 8, "num_statements": 8, "percent_covered": 100.0, "percent_covered_display": "100", "missing_lines": 0, "excluded_lines": 0, "percent_statements_covered": 100.0, "percent_statements_covered_display": "100"}, "missing_lines": [], "excluded_lines": [], "start_line": 1217}, "": {"executed_lines": [8, 9, 10, 11, 13, 14, 15, 16, 17, 18, 19, 21, 24, 40, 63, 66, 99, 100, 109, 174, 209, 223, 254, 305, 355, 382, 442, 476, 554, 581, 611, 627, 639, 692, 700, 716, 738, 751, 769, 795, 824, 848, 862, 891, 913, 955, 967, 979, 998, 1010, 1024, 1036, 1048, 1060, 1072, 1084, 1100, 1105, 1109, 1129, 1147, 1197, 1207, 1217], "summary": {"covered_lines": 64, "num_statements": 64, "percent_covered": 100.0, "percent_covered_display": "100", "missing_lines": 0, "excluded_lines": 0, "percent_statements_covered": 100.0, "percent_statements_covered_display": "100"}, "missing_lines": [], "excluded_lines": [], "start_line": 1}}, "classes": {"ActionExecutor": {"executed_lines": [88, 89, 90, 91, 92, 95, 96, 97, 107, 123, 124, 127, 128, 129, 130, 135, 136, 139, 140, 141, 142, 143, 146, 147, 148, 149, 152, 153, 154, 156, 157, 159, 160, 161, 162, 163, 165, 171, 172, 176, 177, 180, 181, 182, 183, 184, 187, 188, 189, 190, 192, 193, 194, 195, 196, 197, 198, 200, 206, 207, 211, 217, 218, 229, 230, 231, 233, 234, 235, 236, 238, 239, 246, 247, 248, 259, 260, 261, 262, 263, 264, 265, 266, 267, 272, 273, 280, 281, 282, 283, 289, 290, 292, 298, 299, 316, 317, 318, 319, 320, 321, 322, 324, 325, 326, 327, 332, 340, 341, 342, 347, 348, 349, 357, 358, 359, 360, 365, 366, 367, 368, 372, 373, 374, 396, 397, 404, 405, 412, 413, 414, 415, 416, 417, 418, 419, 425, 426, 428, 435, 436, 446, 447, 448, 449, 455, 468, 469, 470, 489, 490, 495, 496, 502, 503, 506, 507, 508, 509, 510, 511, 512, 513, 514, 515, 516, 517, 518, 519, 520, 521, 522, 523, 524, 525, 526, 527, 529, 530, 531, 532, 533, 538, 539, 541, 547, 548, 558, 559, 560, 561, 562, 563, 564, 565, 569, 570, 574, 575, 584, 585, 590, 591, 592, 593, 594, 595, 596, 597, 598, 599, 601, 602, 603, 608, 609, 613, 614, 615, 616, 617, 618, 619, 620, 621, 629, 630, 631, 632, 633, 634, 635, 636, 637, 651, 652, 653, 654, 655, 657, 658, 660, 661, 662, 664, 665, 666, 667, 668, 669, 670, 672, 673, 674, 675, 676, 677, 678, 679, 680, 684, 685, 686, 687, 688, 689, 690, 694, 695, 696, 697, 698, 702, 703, 704, 709, 710, 718, 719, 720, 721, 726, 731, 732, 740, 742, 744, 745, 746, 747, 748, 749, 753, 754, 755, 756, 761, 762, 763, 771, 772, 774, 775, 776, 777, 785, 786, 788, 789, 799, 800, 802, 803, 804, 807, 814, 815, 817, 818, 828, 829, 831, 832, 833, 834, 841, 842, 850, 851, 852, 853, 854, 855, 856, 867, 868, 869, 872, 874, 875, 880, 885, 886, 888, 889, 893, 894, 895, 900, 901, 902, 906, 907, 919, 920, 921, 922, 925, 926, 927, 928, 929, 930, 931, 932, 934, 935, 936, 942, 948, 949, 957, 958, 959, 960, 961, 969, 970, 971, 972, 973, 981, 982, 983, 984, 985, 986, 991, 992, 1000, 1001, 1002, 1003, 1004, 1012, 1013, 1014, 1015, 1016, 1017, 1018, 1026, 1027, 1028, 1029, 1030, 1038, 1039, 1040, 1041, 1042, 1050, 1051, 1052, 1053, 1054, 1062, 1063, 1064, 1065, 1066, 1074, 1075, 1076, 1077, 1078, 1086, 1087, 1088, 1089, 1093, 1094, 1102, 1103, 1107, 1111, 1112, 1114, 1115, 1116, 1122, 1123, 1131, 1132, 1134, 1135, 1136, 1143, 1144], "summary": {"covered_lines": 449, "num_statements": 449, "percent_covered": 100.0, "percent_covered_display": "100", "missing_lines": 0, "excluded_lines": 0, "percent_statements_covered": 100.0, "percent_statements_covered_display": "100"}, "missing_lines": [], "excluded_lines": [], "start_line": 63}, "": {"executed_lines": [8, 9, 10, 11, 13, 14, 15, 16, 17, 18, 19, 21, 24, 40, 63, 66, 99, 100, 109, 174, 209, 223, 254, 305, 355, 382, 442, 476, 554, 581, 611, 627, 639, 692, 700, 716, 738, 751, 769, 795, 824, 848, 862, 891, 913, 955, 967, 979, 998, 1010, 1024, 1036, 1048, 1060, 1072, 1084, 1100, 1105, 1109, 1129, 1147, 1197, 1199, 1200, 1201, 1202, 1203, 1204, 1207, 1210, 1211, 1212, 1213, 1214, 1217, 1219, 1220, 1221, 1222, 1223, 1224, 1226, 1227], "summary": {"covered_lines": 83, "num_statements": 83, "percent_covered": 100.0, "percent_covered_display": "100", "missing_lines": 0, "excluded_lines": 0, "percent_statements_covered": 100.0, "percent_statements_covered_display": "100"}, "missing_lines": [], "excluded_lines": [], "start_line": 1}}}, "core/action_schemas.py": {"executed_lines": [16, 18, 20, 23, 24, 27, 30, 38, 45, 46, 47, 48, 49, 51, 52, 54, 55, 56, 57, 58, 61, 63, 64, 67, 69, 70, 73, 78, 79, 82, 84, 85, 88, 91, 92, 95, 97, 98, 99, 102, 104, 105, 108, 110, 111, 112, 119, 134, 147, 148, 150, 151, 152, 154, 155, 156, 158, 159, 160, 161, 162, 164], "summary": {"covered_lines": 62, "num_statements": 62, "percent_covered": 100.0, "percent_covered_display": "100", "missing_lines": 0, "excluded_lines": 0, "percent_statements_covered": 100.0, "percent_statements_covered_display": "100"}, "missing_lines": [], "excluded_lines": [], "functions": {"ClickAction._derive_button_and_clicks": {"executed_lines": [54, 55, 56, 57, 58], "summary": {"covered_lines": 5, "num_statements": 5, "percent_covered": 100.0, "percent_covered_display": "100", "missing_lines": 0, "excluded_lines": 0, "percent_statements_covered": 100.0, "percent_statements_covered_display": "100"}, "missing_lines": [], "excluded_lines": [], "start_line": 52}, "validate_action": {"executed_lines": [147, 148, 150, 151, 152, 154, 155, 156, 158, 159, 160, 161, 162, 164], "summary": {"covered_lines": 14, "num_statements": 14, "percent_covered": 100.0, "percent_covered_display": "100", "missing_lines": 0, "excluded_lines": 0, "percent_statements_covered": 100.0, "percent_statements_covered_display": "100"}, "missing_lines": [], "excluded_lines": [], "start_line": 134}, "": {"executed_lines": [16, 18, 20, 23, 24, 27, 30, 38, 45, 46, 47, 48, 49, 51, 52, 61, 63, 64, 67, 69, 70, 73, 78, 79, 82, 84, 85, 88, 91, 92, 95, 97, 98, 99, 102, 104, 105, 108, 110, 111, 112, 119, 134], "summary": {"covered_lines": 43, "num_statements": 43, "percent_covered": 100.0, "percent_covered_display": "100", "missing_lines": 0, "excluded_lines": 0, "percent_statements_covered": 100.0, "percent_statements_covered_display": "100"}, "missing_lines": [], "excluded_lines": [], "start_line": 1}}, "classes": {"_ActionBase": {"executed_lines": [], "summary": {"covered_lines": 0, "num_statements": 0, "percent_covered": 100.0, "percent_covered_display": "100", "missing_lines": 0, "excluded_lines": 0, "percent_statements_covered": 100.0, "percent_statements_covered_display": "100"}, "missing_lines": [], "excluded_lines": [], "start_line": 27}, "ClickAction": {"executed_lines": [54, 55, 56, 57, 58], "summary": {"covered_lines": 5, "num_statements": 5, "percent_covered": 100.0, "percent_covered_display": "100", "missing_lines": 0, "excluded_lines": 0, "percent_statements_covered": 100.0, "percent_statements_covered_display": "100"}, "missing_lines": [], "excluded_lines": [], "start_line": 38}, "TypeTextAction": {"executed_lines": [], "summary": {"covered_lines": 0, "num_statements": 0, "percent_covered": 100.0, "percent_covered_display": "100", "missing_lines": 0, "excluded_lines": 0, "percent_statements_covered": 100.0, "percent_statements_covered_display": "100"}, "missing_lines": [], "excluded_lines": [], "start_line": 61}, "PressKeyAction": {"executed_lines": [], "summary": {"covered_lines": 0, "num_statements": 0, "percent_covered": 100.0, "percent_covered_display": "100", "missing_lines": 0, "excluded_lines": 0, "percent_statements_covered": 100.0, "percent_statements_covered_display": "100"}, "missing_lines": [], "excluded_lines": [], "start_line": 67}, "HotkeyAction": {"executed_lines": [], "summary": {"covered_lines": 0, "num_statements": 0, "percent_covered": 100.0, "percent_covered_display": "100", "missing_lines": 0, "excluded_lines": 0, "percent_statements_covered": 100.0, "percent_statements_covered_display": "100"}, "missing_lines": [], "excluded_lines": [], "start_line": 73}, "ScrollAction": {"executed_lines": [], "summary": {"covered_lines": 0, "num_statements": 0, "percent_covered": 100.0, "percent_covered_display": "100", "missing_lines": 0, "excluded_lines": 0, "percent_statements_covered": 100.0, "percent_statements_covered_display": "100"}, "missing_lines": [], "excluded_lines": [], "start_line": 82}, "WaitAction": {"executed_lines": [], "summary": {"covered_lines": 0, "num_statements": 0, "percent_covered": 100.0, "percent_covered_display": "100", "missing_lines": 0, "excluded_lines": 0, "percent_statements_covered": 100.0, "percent_statements_covered_display": "100"}, "missing_lines": [], "excluded_lines": [], "start_line": 88}, "WriteFileAction": {"executed_lines": [], "summary": {"covered_lines": 0, "num_statements": 0, "percent_covered": 100.0, "percent_covered_display": "100", "missing_lines": 0, "excluded_lines": 0, "percent_statements_covered": 100.0, "percent_statements_covered_display": "100"}, "missing_lines": [], "excluded_lines": [], "start_line": 95}, "ReadFileAction": {"executed_lines": [], "summary": {"covered_lines": 0, "num_statements": 0, "percent_covered": 100.0, "percent_covered_display": "100", "missing_lines": 0, "excluded_lines": 0, "percent_statements_covered": 100.0, "percent_statements_covered_display": "100"}, "missing_lines": [], "excluded_lines": [], "start_line": 102}, "KillProcessAction": {"executed_lines": [], "summary": {"covered_lines": 0, "num_statements": 0, "percent_covered": 100.0, "percent_covered_display": "100", "missing_lines": 0, "excluded_lines": 0, "percent_statements_covered": 100.0, "percent_statements_covered_display": "100"}, "missing_lines": [], "excluded_lines": [], "start_line": 108}, "": {"executed_lines": [16, 18, 20, 23, 24, 27, 30, 38, 45, 46, 47, 48, 49, 51, 52, 61, 63, 64, 67, 69, 70, 73, 78, 79, 82, 84, 85, 88, 91, 92, 95, 97, 98, 99, 102, 104, 105, 108, 110, 111, 112, 119, 134, 147, 148, 150, 151, 152, 154, 155, 156, 158, 159, 160, 161, 162, 164], "summary": {"covered_lines": 57, "num_statements": 57, "percent_covered": 100.0, "percent_covered_display": "100", "missing_lines": 0, "excluded_lines": 0, "percent_statements_covered": 100.0, "percent_statements_covered_display": "100"}, "missing_lines": [], "excluded_lines": [], "start_line": 1}}}, "core/agent_pool.py": {"executed_lines": [29, 31, 32, 33, 34, 35, 36, 37, 38, 43, 50, 53, 54, 55, 58, 64, 67, 68, 69, 70, 71, 78, 79, 82, 83, 84, 85, 86, 87, 90, 91, 92, 93, 94, 97, 99, 101, 119, 134, 139, 140, 141, 142, 145, 147, 149, 151, 153, 154, 155, 158, 163, 164, 173, 191, 192, 193, 194, 196, 197, 204, 205, 206, 207, 209, 211, 217, 218, 220, 227, 228, 229, 230, 231, 233, 234, 239, 241, 243, 244, 245, 246, 247, 250, 251, 252, 254, 256, 257, 258, 259, 260, 262, 264, 265, 267, 268, 270, 276, 277, 278, 279, 280, 281, 284, 286, 299, 300, 301, 303, 304, 305, 306, 307, 308, 311, 312, 313, 316, 318, 320, 322, 323, 328, 329, 330, 331, 336, 340, 342, 344, 346, 347, 349, 350, 352, 353, 354, 357, 358, 359, 360, 361, 362, 363, 364, 367, 368, 369, 370, 372, 375, 376, 378, 379, 380, 385, 391, 393, 399, 400, 401, 402, 408, 412, 413, 414, 415, 417, 426, 428, 429, 430, 431, 432, 438, 443, 445, 452, 453, 454, 455, 460, 461, 468, 470, 471, 472, 473, 474, 475, 476, 477, 483, 485, 486, 487, 488, 491, 492, 493, 494, 495, 496, 498, 499, 500, 501, 502, 504, 505, 506, 509, 510, 512, 513, 516, 517, 518, 519, 520, 522, 528, 529, 530, 531, 533, 534, 537, 538, 539, 541, 547, 548, 550, 552, 553, 555, 556, 558, 559, 561, 562, 564, 578, 579, 580, 585, 587, 588, 589, 590, 591, 592, 593, 594, 596, 597], "summary": {"covered_lines": 258, "num_statements": 258, "percent_covered": 100.0, "percent_covered_display": "100", "missing_lines": 0, "excluded_lines": 2, "percent_statements_covered": 100.0, "percent_statements_covered_display": "100"}, "missing_lines": [], "excluded_lines": [40, 41], "functions": {"AgentSession.to_dict": {"executed_lines": [101], "summary": {"covered_lines": 1, "num_statements": 1, "percent_covered": 100.0, "percent_covered_display": "100", "missing_lines": 0, "excluded_lines": 0, "percent_statements_covered": 100.0, "percent_statements_covered_display": "100"}, "missing_lines": [], "excluded_lines": [], "start_line": 99}, "AgentPool.__init__": {"executed_lines": [139, 140, 141, 142, 145, 147, 149, 151, 153, 154, 155, 158, 163, 164], "summary": {"covered_lines": 14, "num_statements": 14, "percent_covered": 100.0, "percent_covered_display": "100", "missing_lines": 0, "excluded_lines": 0, "percent_statements_covered": 100.0, "percent_statements_covered_display": "100"}, "missing_lines": [], "excluded_lines": [], "start_line": 134}, "AgentPool.submit": {"executed_lines": [191, 192, 193, 194, 196, 197, 204, 205, 206, 207, 209, 211, 217, 218], "summary": {"covered_lines": 14, "num_statements": 14, "percent_covered": 100.0, "percent_covered_display": "100", "missing_lines": 0, "excluded_lines": 0, "percent_statements_covered": 100.0, "percent_statements_covered_display": "100"}, "missing_lines": [], "excluded_lines": [], "start_line": 173}, "AgentPool.cancel": {"executed_lines": [227, 228, 229, 230, 231, 233, 234, 239, 241, 243, 244, 245, 246, 247, 250, 251, 252], "summary": {"covered_lines": 17, "num_statements": 17, "percent_covered": 100.0, "percent_covered_display": "100", "missing_lines": 0, "excluded_lines": 0, "percent_statements_covered": 100.0, "percent_statements_covered_display": "100"}, "missing_lines": [], "excluded_lines": [], "start_line": 220}, "AgentPool.get_status": {"executed_lines": [256, 257, 258, 259, 260], "summary": {"covered_lines": 5, "num_statements": 5, "percent_covered": 100.0, "percent_covered_display": "100", "missing_lines": 0, "excluded_lines": 0, "percent_statements_covered": 100.0, "percent_statements_covered_display": "100"}, "missing_lines": [], "excluded_lines": [], "start_line": 254}, "AgentPool.list_sessions": {"executed_lines": [264, 265, 267, 268], "summary": {"covered_lines": 4, "num_statements": 4, "percent_covered": 100.0, "percent_covered_display": "100", "missing_lines": 0, "excluded_lines": 0, "percent_statements_covered": 100.0, "percent_statements_covered_display": "100"}, "missing_lines": [], "excluded_lines": [], "start_line": 262}, "AgentPool.get_result": {"executed_lines": [276, 277, 278, 279, 280, 281, 284], "summary": {"covered_lines": 7, "num_statements": 7, "percent_covered": 100.0, "percent_covered_display": "100", "missing_lines": 0, "excluded_lines": 0, "percent_statements_covered": 100.0, "percent_statements_covered_display": "100"}, "missing_lines": [], "excluded_lines": [], "start_line": 270}, "AgentPool.shutdown": {"executed_lines": [299, 300, 301, 303, 304, 305, 306, 307, 308, 311, 312, 313, 316, 318, 320, 322, 323, 328, 329, 330, 331, 336], "summary": {"covered_lines": 22, "num_statements": 22, "percent_covered": 100.0, "percent_covered_display": "100", "missing_lines": 0, "excluded_lines": 0, "percent_statements_covered": 100.0, "percent_statements_covered_display": "100"}, "missing_lines": [], "excluded_lines": [], "start_line": 286}, "AgentPool._running_count": {"executed_lines": [342], "summary": {"covered_lines": 1, "num_statements": 1, "percent_covered": 100.0, "percent_covered_display": "100", "missing_lines": 0, "excluded_lines": 0, "percent_statements_covered": 100.0, "percent_statements_covered_display": "100"}, "missing_lines": [], "excluded_lines": [], "start_line": 340}, "AgentPool._dispatcher_loop": {"executed_lines": [346, 347, 349, 350, 352, 353, 354, 357, 358, 359, 360, 361, 362, 363, 364, 367, 368, 369, 370, 372, 375, 376, 378, 379, 380, 385], "summary": {"covered_lines": 26, "num_statements": 26, "percent_covered": 100.0, "percent_covered_display": "100", "missing_lines": 0, "excluded_lines": 0, "percent_statements_covered": 100.0, "percent_statements_covered_display": "100"}, "missing_lines": [], "excluded_lines": [], "start_line": 344}, "AgentPool._start_agent_thread": {"executed_lines": [393, 399, 400, 401, 402], "summary": {"covered_lines": 5, "num_statements": 5, "percent_covered": 100.0, "percent_covered_display": "100", "missing_lines": 0, "excluded_lines": 0, "percent_statements_covered": 100.0, "percent_statements_covered_display": "100"}, "missing_lines": [], "excluded_lines": [], "start_line": 391}, "AgentPool._mark_session_failed": {"executed_lines": [412, 413, 414, 415], "summary": {"covered_lines": 4, "num_statements": 4, "percent_covered": 100.0, "percent_covered_display": "100", "missing_lines": 0, "excluded_lines": 0, "percent_statements_covered": 100.0, "percent_statements_covered_display": "100"}, "missing_lines": [], "excluded_lines": [], "start_line": 408}, "AgentPool._setup_virtual_desktop": {"executed_lines": [426, 428, 429, 430, 431, 432, 438, 443], "summary": {"covered_lines": 8, "num_statements": 8, "percent_covered": 100.0, "percent_covered_display": "100", "missing_lines": 0, "excluded_lines": 0, "percent_statements_covered": 100.0, "percent_statements_covered_display": "100"}, "missing_lines": [], "excluded_lines": [], "start_line": 417}, "AgentPool._cleanup_virtual_desktop": {"executed_lines": [452, 453, 454, 455, 460, 461], "summary": {"covered_lines": 6, "num_statements": 6, "percent_covered": 100.0, "percent_covered_display": "100", "missing_lines": 0, "excluded_lines": 0, "percent_statements_covered": 100.0, "percent_statements_covered_display": "100"}, "missing_lines": [], "excluded_lines": [], "start_line": 445}, "AgentPool._notify_session_complete": {"executed_lines": [470, 471, 472, 473, 474, 475, 476, 477], "summary": {"covered_lines": 8, "num_statements": 8, "percent_covered": 100.0, "percent_covered_display": "100", "missing_lines": 0, "excluded_lines": 0, "percent_statements_covered": 100.0, "percent_statements_covered_display": "100"}, "missing_lines": [], "excluded_lines": [], "start_line": 468}, "AgentPool._agent_worker": {"executed_lines": [485, 486, 487, 488, 491, 492, 493, 494, 495, 496, 498, 499, 500, 501, 502, 504, 505, 506, 509, 510, 512, 513, 516, 517, 518, 519, 520, 522, 528, 529, 530, 531, 533, 534, 537, 538, 539, 541], "summary": {"covered_lines": 38, "num_statements": 38, "percent_covered": 100.0, "percent_covered_display": "100", "missing_lines": 0, "excluded_lines": 0, "percent_statements_covered": 100.0, "percent_statements_covered_display": "100"}, "missing_lines": [], "excluded_lines": [], "start_line": 483}, "AgentPool.max_agents": {"executed_lines": [550], "summary": {"covered_lines": 1, "num_statements": 1, "percent_covered": 100.0, "percent_covered_display": "100", "missing_lines": 0, "excluded_lines": 0, "percent_statements_covered": 100.0, "percent_statements_covered_display": "100"}, "missing_lines": [], "excluded_lines": [], "start_line": 548}, "AgentPool.active_count": {"executed_lines": [555, 556], "summary": {"covered_lines": 2, "num_statements": 2, "percent_covered": 100.0, "percent_covered_display": "100", "missing_lines": 0, "excluded_lines": 0, "percent_statements_covered": 100.0, "percent_statements_covered_display": "100"}, "missing_lines": [], "excluded_lines": [], "start_line": 553}, "AgentPool.queued_count": {"executed_lines": [561, 562], "summary": {"covered_lines": 2, "num_statements": 2, "percent_covered": 100.0, "percent_covered_display": "100", "missing_lines": 0, "excluded_lines": 0, "percent_statements_covered": 100.0, "percent_statements_covered_display": "100"}, "missing_lines": [], "excluded_lines": [], "start_line": 559}, "AgentPool.clear_completed": {"executed_lines": [578, 579, 580, 585, 587, 588, 589, 590, 591, 592, 593, 594], "summary": {"covered_lines": 12, "num_statements": 12, "percent_covered": 100.0, "percent_covered_display": "100", "missing_lines": 0, "excluded_lines": 0, "percent_statements_covered": 100.0, "percent_statements_covered_display": "100"}, "missing_lines": [], "excluded_lines": [], "start_line": 564}, "AgentPool.__repr__": {"executed_lines": [597], "summary": {"covered_lines": 1, "num_statements": 1, "percent_covered": 100.0, "percent_covered_display": "100", "missing_lines": 0, "excluded_lines": 0, "percent_statements_covered": 100.0, "percent_statements_covered_display": "100"}, "missing_lines": [], "excluded_lines": [], "start_line": 596}, "": {"executed_lines": [29, 31, 32, 33, 34, 35, 36, 37, 38, 43, 50, 53, 54, 55, 58, 64, 67, 68, 69, 70, 71, 78, 79, 82, 83, 84, 85, 86, 87, 90, 91, 92, 93, 94, 97, 99, 119, 134, 173, 220, 254, 262, 270, 286, 340, 344, 391, 408, 417, 445, 468, 483, 547, 548, 552, 553, 558, 559, 564, 596], "summary": {"covered_lines": 60, "num_statements": 60, "percent_covered": 100.0, "percent_covered_display": "100", "missing_lines": 0, "excluded_lines": 2, "percent_statements_covered": 100.0, "percent_statements_covered_display": "100"}, "missing_lines": [], "excluded_lines": [40, 41], "start_line": 1}}, "classes": {"_Priority": {"executed_lines": [], "summary": {"covered_lines": 0, "num_statements": 0, "percent_covered": 100.0, "percent_covered_display": "100", "missing_lines": 0, "excluded_lines": 0, "percent_statements_covered": 100.0, "percent_statements_covered_display": "100"}, "missing_lines": [], "excluded_lines": [], "start_line": 50}, "AgentSession": {"executed_lines": [101], "summary": {"covered_lines": 1, "num_statements": 1, "percent_covered": 100.0, "percent_covered_display": "100", "missing_lines": 0, "excluded_lines": 0, "percent_statements_covered": 100.0, "percent_statements_covered_display": "100"}, "missing_lines": [], "excluded_lines": [], "start_line": 79}, "AgentPool": {"executed_lines": [139, 140, 141, 142, 145, 147, 149, 151, 153, 154, 155, 158, 163, 164, 191, 192, 193, 194, 196, 197, 204, 205, 206, 207, 209, 211, 217, 218, 227, 228, 229, 230, 231, 233, 234, 239, 241, 243, 244, 245, 246, 247, 250, 251, 252, 256, 257, 258, 259, 260, 264, 265, 267, 268, 276, 277, 278, 279, 280, 281, 284, 299, 300, 301, 303, 304, 305, 306, 307, 308, 311, 312, 313, 316, 318, 320, 322, 323, 328, 329, 330, 331, 336, 342, 346, 347, 349, 350, 352, 353, 354, 357, 358, 359, 360
[...]
"100", "missing_lines": 0, "excluded_lines": 0, "percent_statements_covered": 100.0, "percent_statements_covered_display": "100"}, "missing_lines": [], "excluded_lines": [], "start_line": 358}, "SettingsTab._save": {"executed_lines": [372, 373, 374, 375, 377, 378, 379, 380, 381, 382, 383, 384, 387, 388, 390, 391], "summary": {"covered_lines": 16, "num_statements": 16, "percent_covered": 100.0, "percent_covered_display": "100", "missing_lines": 0, "excluded_lines": 0, "percent_statements_covered": 100.0, "percent_statements_covered_display": "100"}, "missing_lines": [], "excluded_lines": [], "start_line": 370}, "SettingsTab._reset": {"executed_lines": [395, 415, 416, 417, 418, 419, 420, 421, 423, 424], "summary": {"covered_lines": 10, "num_statements": 10, "percent_covered": 100.0, "percent_covered_display": "100", "missing_lines": 0, "excluded_lines": 0, "percent_statements_covered": 100.0, "percent_statements_covered_display": "100"}, "missing_lines": [], "excluded_lines": [], "start_line": 393}, "SettingsTab.load_config": {"executed_lines": [428, 429, 430, 431, 432, 433, 434, 440], "summary": {"covered_lines": 8, "num_statements": 8, "percent_covered": 100.0, "percent_covered_display": "100", "missing_lines": 0, "excluded_lines": 0, "percent_statements_covered": 100.0, "percent_statements_covered_display": "100"}, "missing_lines": [], "excluded_lines": [], "start_line": 426}, "": {"executed_lines": [6, 7, 8, 9, 10, 12, 14, 17, 21, 32, 45, 63, 84, 155, 181, 195, 223, 227, 234, 239, 261, 279, 322, 333, 358, 370, 393, 426], "summary": {"covered_lines": 28, "num_statements": 28, "percent_covered": 100.0, "percent_covered_display": "100", "missing_lines": 0, "excluded_lines": 0, "percent_statements_covered": 100.0, "percent_statements_covered_display": "100"}, "missing_lines": [], "excluded_lines": [], "start_line": 1}}, "classes": {"SettingsTab": {"executed_lines": [33, 34, 35, 36, 39, 41, 47, 51, 53, 54, 55, 56, 57, 58, 59, 60, 61, 65, 70, 72, 79, 80, 82, 95, 102, 103, 104, 112, 113, 114, 115, 124, 125, 126, 127, 136, 137, 138, 139, 146, 148, 150, 151, 156, 157, 158, 175, 176, 177, 182, 183, 184, 185, 196, 197, 224, 225, 228, 229, 230, 231, 232, 235, 236, 237, 240, 241, 250, 251, 262, 263, 264, 266, 275, 280, 281, 283, 284, 285, 287, 288, 289, 290, 292, 293, 298, 300, 301, 306, 308, 315, 323, 324, 325, 326, 327, 328, 329, 334, 335, 337, 347, 360, 361, 362, 363, 364, 365, 367, 368, 372, 373, 374, 375, 377, 378, 379, 380, 381, 382, 383, 384, 387, 388, 390, 391, 395, 415, 416, 417, 418, 419, 420, 421, 423, 424, 428, 429, 430, 431, 432, 433, 434, 440], "summary": {"covered_lines": 144, "num_statements": 144, "percent_covered": 100.0, "percent_covered_display": "100", "missing_lines": 0, "excluded_lines": 0, "percent_statements_covered": 100.0, "percent_statements_covered_display": "100"}, "missing_lines": [], "excluded_lines": [], "start_line": 17}, "": {"executed_lines": [6, 7, 8, 9, 10, 12, 14, 17, 21, 32, 45, 63, 84, 155, 181, 195, 223, 227, 234, 239, 261, 279, 322, 333, 358, 370, 393, 426], "summary": {"covered_lines": 28, "num_statements": 28, "percent_covered": 100.0, "percent_covered_display": "100", "missing_lines": 0, "excluded_lines": 0, "percent_statements_covered": 100.0, "percent_statements_covered_display": "100"}, "missing_lines": [], "excluded_lines": [], "start_line": 1}}}, "gui/tabs/workflows_tab.py": {"executed_lines": [7, 8, 9, 10, 11, 13, 15, 17, 19, 21, 32, 35, 36, 37, 38, 39, 40, 41, 42, 44, 45, 46, 48, 49, 50, 54, 55, 56, 57, 58, 59, 60, 63, 64, 75, 76, 79, 91, 96, 97, 101, 102, 103, 104, 105, 106, 107, 108, 111, 117, 119, 126, 129, 134, 135, 138, 149, 152, 158, 159, 160, 163, 169, 179, 183, 185, 186, 187, 189, 190, 192, 198, 199, 206, 207, 209, 216, 218, 219, 220, 227, 229, 230, 231, 233, 234, 235, 236, 240, 242, 244, 245, 246, 247, 248, 249, 250, 251, 253, 254, 255, 256, 257, 258, 260, 262, 263, 264, 266, 267, 268, 269, 270, 272, 275, 276, 278, 287, 296, 297, 298, 299, 306, 313, 315, 322, 323, 325, 326, 327, 328, 329, 330, 331, 332, 333, 334, 335, 336, 337, 338, 339, 340, 341, 342, 346, 348, 349, 350, 352, 353, 359, 361, 362, 363, 371, 379, 380, 381, 383, 385, 389, 391, 392, 393, 394, 395, 397, 398, 399, 401, 402, 404, 405, 406, 407, 412, 413, 414, 415, 416, 417, 418, 420, 422, 423, 424, 428, 430, 431, 432, 433, 434, 440, 441, 442, 446, 447, 448, 449, 450], "summary": {"covered_lines": 201, "num_statements": 201, "percent_covered": 100.0, "percent_covered_display": "100", "missing_lines": 0, "excluded_lines": 0, "percent_statements_covered": 100.0, "percent_statements_covered_display": "100"}, "missing_lines": [], "excluded_lines": [], "functions": {"WorkflowsTab.__init__": {"executed_lines": [36, 37, 38, 39, 40, 41, 42, 44, 45, 46, 48, 49, 50], "summary": {"covered_lines": 13, "num_statements": 13, "percent_covered": 100.0, "percent_covered_display": "100", "missing_lines": 0, "excluded_lines": 0, "percent_statements_covered": 100.0, "percent_statements_covered_display": "100"}, "missing_lines": [], "excluded_lines": [], "start_line": 35}, "WorkflowsTab._build_left_panel": {"executed_lines": [55, 56, 57, 58, 59, 60, 63, 64, 75, 76, 79, 91, 96, 97], "summary": {"covered_lines": 14, "num_statements": 14, "percent_covered": 100.0, "percent_covered_display": "100", "missing_lines": 0, "excluded_lines": 0, "percent_statements_covered": 100.0, "percent_statements_covered_display": "100"}, "missing_lines": [], "excluded_lines": [], "start_line": 54}, "WorkflowsTab._build_right_panel": {"executed_lines": [102, 103, 104, 105, 106, 107, 108, 111, 117, 119, 126, 129, 134, 135, 138, 149, 152, 158, 159, 160, 163, 169, 179], "summary": {"covered_lines": 23, "num_statements": 23, "percent_covered": 100.0, "percent_covered_display": "100", "missing_lines": 0, "excluded_lines": 0, "percent_statements_covered": 100.0, "percent_statements_covered_display": "100"}, "missing_lines": [], "excluded_lines": [], "start_line": 101}, "WorkflowsTab.refresh_workflows": {"executed_lines": [185, 186, 187, 189, 190, 192, 198, 199, 206, 207, 209, 216, 218, 219, 220, 227, 229, 230, 231, 233, 234, 235, 236], "summary": {"covered_lines": 23, "num_statements": 23, "percent_covered": 100.0, "percent_covered_display": "100", "missing_lines": 0, "excluded_lines": 0, "percent_statements_covered": 100.0, "percent_statements_covered_display": "100"}, "missing_lines": [], "excluded_lines": [], "start_line": 183}, "WorkflowsTab.select_workflow": {"executed_lines": [242, 244, 245, 246, 247, 248, 249, 250, 251, 253, 254, 255, 256, 257, 258], "summary": {"covered_lines": 15, "num_statements": 15, "percent_covered": 100.0, "percent_covered_display": "100", "missing_lines": 0, "excluded_lines": 0, "percent_statements_covered": 100.0, "percent_statements_covered_display": "100"}, "missing_lines": [], "excluded_lines": [], "start_line": 240}, "WorkflowsTab._render_steps": {"executed_lines": [262, 263, 264, 266, 267, 268, 269, 270, 272, 275, 276, 278, 287, 296, 297, 298, 299, 306, 313, 315], "summary": {"covered_lines": 20, "num_statements": 20, "percent_covered": 100.0, "percent_covered_display": "100", "missing_lines": 0, "excluded_lines": 0, "percent_statements_covered": 100.0, "percent_statements_covered_display": "100"}, "missing_lines": [], "excluded_lines": [], "start_line": 260}, "WorkflowsTab._step_summary": {"executed_lines": [325, 326, 327, 328, 329, 330, 331, 332, 333, 334, 335, 336, 337, 338, 339, 340, 341, 342], "summary": {"covered_lines": 18, "num_statements": 18, "percent_covered": 100.0, "percent_covered_display": "100", "missing_lines": 0, "excluded_lines": 0, "percent_statements_covered": 100.0, "percent_statements_covered_display": "100"}, "missing_lines": [], "excluded_lines": [], "start_line": 323}, "WorkflowsTab._render_variables": {"executed_lines": [348, 349, 350, 352, 353, 359, 361, 362, 363, 371, 379, 380, 381], "summary": {"covered_lines": 13, "num_statements": 13, "percent_covered": 100.0, "percent_covered_display": "100", "missing_lines": 0, "excluded_lines": 0, "percent_statements_covered": 100.0, "percent_statements_covered_display": "100"}, "missing_lines": [], "excluded_lines": [], "start_line": 346}, "WorkflowsTab._collect_variables": {"executed_lines": [385], "summary": {"covered_lines": 1, "num_statements": 1, "percent_covered": 100.0, "percent_covered_display": "100", "missing_lines": 0, "excluded_lines": 0, "percent_statements_covered": 100.0, "percent_statements_covered_display": "100"}, "missing_lines": [], "excluded_lines": [], "start_line": 383}, "WorkflowsTab.run_selected_workflow": {"executed_lines": [391, 392, 393, 394, 395, 397, 398, 399, 401, 402, 404, 420], "summary": {"covered_lines": 12, "num_statements": 12, "percent_covered": 100.0, "percent_covered_display": "100", "missing_lines": 0, "excluded_lines": 0, "percent_statements_covered": 100.0, "percent_statements_covered_display": "100"}, "missing_lines": [], "excluded_lines": [], "start_line": 389}, "WorkflowsTab.run_selected_workflow._run": {"executed_lines": [405, 406, 407, 412, 413, 414, 415, 416, 417, 418], "summary": {"covered_lines": 10, "num_statements": 10, "percent_covered": 100.0, "percent_covered_display": "100", "missing_lines": 0, "excluded_lines": 0, "percent_statements_covered": 100.0, "percent_statements_covered_display": "100"}, "missing_lines": [], "excluded_lines": [], "start_line": 404}, "WorkflowsTab._finish_run": {"executed_lines": [423, 424], "summary": {"covered_lines": 2, "num_statements": 2, "percent_covered": 100.0, "percent_covered_display": "100", "missing_lines": 0, "excluded_lines": 0, "percent_statements_covered": 100.0, "percent_statements_covered_display": "100"}, "missing_lines": [], "excluded_lines": [], "start_line": 422}, "WorkflowsTab._new_workflow": {"executed_lines": [430, 431, 432, 433, 434, 440, 441, 442], "summary": {"covered_lines": 8, "num_statements": 8, "percent_covered": 100.0, "percent_covered_display": "100", "missing_lines": 0, "excluded_lines": 0, "percent_statements_covered": 100.0, "percent_statements_covered_display": "100"}, "missing_lines": [], "excluded_lines": [], "start_line": 428}, "WorkflowsTab._append_output": {"executed_lines": [447, 448, 449, 450], "summary": {"covered_lines": 4, "num_statements": 4, "percent_covered": 100.0, "percent_covered_display": "100", "missing_lines": 0, "excluded_lines": 0, "percent_statements_covered": 100.0, "percent_statements_covered_display": "100"}, "missing_lines": [], "excluded_lines": [], "start_line": 446}, "": {"executed_lines": [7, 8, 9, 10, 11, 13, 15, 17, 19, 21, 32, 35, 54, 101, 183, 240, 260, 322, 323, 346, 383, 389, 422, 428, 446], "summary": {"covered_lines": 25, "num_statements": 25, "percent_covered": 100.0, "percent_covered_display": "100", "missing_lines": 0, "excluded_lines": 0, "percent_statements_covered": 100.0, "percent_statements_covered_display": "100"}, "missing_lines": [], "excluded_lines": [], "start_line": 1}}, "classes": {"WorkflowsTab": {"executed_lines": [36, 37, 38, 39, 40, 41, 42, 44, 45, 46, 48, 49, 50, 55, 56, 57, 58, 59, 60, 63, 64, 75, 76, 79, 91, 96, 97, 102, 103, 104, 105, 106, 107, 108, 111, 117, 119, 126, 129, 134, 135, 138, 149, 152, 158, 159, 160, 163, 169, 179, 185, 186, 187, 189, 190, 192, 198, 199, 206, 207, 209, 216, 218, 219, 220, 227, 229, 230, 231, 233, 234, 235, 236, 242, 244, 245, 246, 247, 248, 249, 250, 251, 253, 254, 255, 256, 257, 258, 262, 263, 264, 266, 267, 268, 269, 270, 272, 275, 276, 278, 287, 296, 297, 298, 299, 306, 313, 315, 325, 326, 327, 328, 329, 330, 331, 332, 333, 334, 335, 336, 337, 338, 339, 340, 341, 342, 348, 349, 350, 352, 353, 359, 361, 362, 363, 371, 379, 380, 381, 385, 391, 392, 393, 394, 395, 397, 398, 399, 401, 402, 404, 405, 406, 407, 412, 413, 414, 415, 416, 417, 418, 420, 423, 424, 430, 431, 432, 433, 434, 440, 441, 442, 447, 448, 449, 450], "summary": {"covered_lines": 176, "num_statements": 176, "percent_covered": 100.0, "percent_covered_display": "100", "missing_lines": 0, "excluded_lines": 0, "percent_statements_covered": 100.0, "percent_statements_covered_display": "100"}, "missing_lines": [], "excluded_lines": [], "start_line": 32}, "": {"executed_lines": [7, 8, 9, 10, 11, 13, 15, 17, 19, 21, 32, 35, 54, 101, 183, 240, 260, 322, 323, 346, 383, 389, 422, 428, 446], "summary": {"covered_lines": 25, "num_statements": 25, "percent_covered": 100.0, "percent_covered_display": "100", "missing_lines": 0, "excluded_lines": 0, "percent_statements_covered": 100.0, "percent_statements_covered_display": "100"}, "missing_lines": [], "excluded_lines": [], "start_line": 1}}}, "gui/themes.py": {"executed_lines": [10, 12, 13, 15, 20, 464, 466, 469, 471, 474, 476, 477, 478, 479, 481, 487, 488, 490], "summary": {"covered_lines": 18, "num_statements": 18, "percent_covered": 100.0, "percent_covered_display": "100", "missing_lines": 0, "excluded_lines": 0, "percent_statements_covered": 100.0, "percent_statements_covered_display": "100"}, "missing_lines": [], "excluded_lines": [], "functions": {"get_theme": {"executed_lines": [466], "summary": {"covered_lines": 1, "num_statements": 1, "percent_covered": 100.0, "percent_covered_display": "100", "missing_lines": 0, "excluded_lines": 0, "percent_statements_covered": 100.0, "percent_statements_covered_display": "100"}, "missing_lines": [], "excluded_lines": [], "start_line": 464}, "get_theme_names": {"executed_lines": [471], "summary": {"covered_lines": 1, "num_statements": 1, "percent_covered": 100.0, "percent_covered_display": "100", "missing_lines": 0, "excluded_lines": 0, "percent_statements_covered": 100.0, "percent_statements_covered_display": "100"}, "missing_lines": [], "excluded_lines": [], "start_line": 469}, "apply_theme": {"executed_lines": [476, 477, 478, 479, 481, 487, 488, 490], "summary": {"covered_lines": 8, "num_statements": 8, "percent_covered": 100.0, "percent_covered_display": "100", "missing_lines": 0, "excluded_lines": 0, "percent_statements_covered": 100.0, "percent_statements_covered_display": "100"}, "missing_lines": [], "excluded_lines": [], "start_line": 474}, "": {"executed_lines": [10, 12, 13, 15, 20, 464, 469, 474], "summary": {"covered_lines": 8, "num_statements": 8, "percent_covered": 100.0, "percent_covered_display": "100", "missing_lines": 0, "excluded_lines": 0, "percent_statements_covered": 100.0, "percent_statements_covered_display": "100"}, "missing_lines": [], "excluded_lines": [], "start_line": 1}}, "classes": {"": {"executed_lines": [10, 12, 13, 15, 20, 464, 466, 469, 471, 474, 476, 477, 478, 479, 481, 487, 488, 490], "summary": {"covered_lines": 18, "num_statements": 18, "percent_covered": 100.0, "percent_covered_display": "100", "missing_lines": 0, "excluded_lines": 0, "percent_statements_covered": 100.0, "percent_statements_covered_display": "100"}, "missing_lines": [], "excluded_lines": [], "start_line": 1}}}, "gui/tray.py": {"executed_lines": [19, 21, 22, 23, 24, 26, 28, 29, 30, 32, 33, 34, 35, 38, 40, 43, 45, 46, 47, 49, 51, 52, 56, 57, 60, 67, 74, 75, 76, 77, 78, 79, 81, 84, 85, 87, 88, 89, 90, 92, 94, 104, 111, 112, 113, 114, 115, 117, 118, 119, 121, 123, 124, 125, 126, 127, 128, 130, 132, 133, 134, 135, 136, 137], "summary": {"covered_lines": 64, "num_statements": 64, "percent_covered": 100.0, "percent_covered_display": "100", "missing_lines": 0, "excluded_lines": 0, "percent_statements_covered": 100.0, "percent_statements_covered_display": "100"}, "missing_lines": [], "excluded_lines": [], "functions": {"is_available": {"executed_lines": [40], "summary": {"covered_lines": 1, "num_statements": 1, "percent_covered": 100.0, "percent_covered_display": "100", "missing_lines": 0, "excluded_lines": 0, "percent_statements_covered": 100.0, "percent_statements_covered_display": "100"}, "missing_lines": [], "excluded_lines": [], "start_line": 38}, "_make_icon_image": {"executed_lines": [45, 46, 47, 49, 51, 52, 56, 57], "summary": {"covered_lines": 8, "num_statements": 8, "percent_covered": 100.0, "percent_covered_display": "100", "missing_lines": 0, "excluded_lines": 0, "percent_statements_covered": 100.0, "percent_statements_covered_display": "100"}, "missing_lines": [], "excluded_lines": [], "start_line": 43}, "SentinelTray.__init__": {"executed_lines": [74, 75, 76, 77, 78, 79], "summary": {"covered_lines": 6, "num_statements": 6, "percent_covered": 100.0, "percent_covered_display": "100", "missing_lines": 0, "excluded_lines": 0, "percent_statements_covered": 100.0, "percent_statements_covered_display": "100"}, "missing_lines": [], "excluded_lines": [], "start_line": 67}, "SentinelTray.run": {"executed_lines": [84, 85, 87, 94, 104, 111, 117, 118, 119], "summary": {"covered_lines": 9, "num_statements": 9, "percent_covered": 100.0, "percent_covered_display": "100", "missing_lines": 0, "excluded_lines": 0, "percent_statements_covered": 100.0, "percent_statements_covered_display": "100"}, "missing_lines": [], "excluded_lines": [], "start_line": 81}, "SentinelTray.run._quit": {"executed_lines": [88, 89, 90, 92], "summary": {"covered_lines": 4, "num_statements": 4, "percent_covered": 100.0, "percent_covered_display": "100", "missing_lines": 0, "excluded_lines": 0, "percent_statements_covered": 100.0, "percent_statements_covered_display": "100"}, "missing_lines": [], "excluded_lines": [], "start_line": 87}, "SentinelTray.run._runner": {"executed_lines": [112, 113, 114, 115], "summary": {"covered_lines": 4, "num_statements": 4, "percent_covered": 100.0, "percent_covered_display": "100", "missing_lines": 0, "excluded_lines": 0, "percent_statements_covered": 100.0, "percent_statements_covered_display": "100"}, "missing_lines": [], "excluded_lines": [], "start_line": 111}, "SentinelTray.notify": {"executed_lines": [123, 124, 125, 126, 127, 128], "summary": {"covered_lines": 6, "num_statements": 6, "percent_covered": 100.0, "percent_covered_display": "100", "missing_lines": 0, "excluded_lines": 0, "percent_statements_covered": 100.0, "percent_statements_covered_display": "100"}, "missing_lines": [], "excluded_lines": [], "start_line": 121}, "SentinelTray.stop": {"executed_lines": [132, 133, 134, 135, 136, 137], "summary": {"covered_lines": 6, "num_statements": 6, "percent_covered": 100.0, "percent_covered_display": "100", "missing_lines": 0, "excluded_lines": 0, "percent_statements_covered": 100.0, "percent_statements_covered_display": "100"}, "missing_lines": [], "excluded_lines": [], "start_line": 130}, "": {"executed_lines": [19, 21, 22, 23, 24, 26, 28, 29, 30, 32, 33, 34, 35, 38, 43, 60, 67, 81, 121, 130], "summary": {"covered_lines": 20, "num_statements": 20, "percent_covered": 100.0, "percent_covered_display": "100", "missing_lines": 0, "excluded_lines": 0, "percent_statements_covered": 100.0, "percent_statements_covered_display": "100"}, "missing_lines": [], "excluded_lines": [], "start_line": 1}}, "classes": {"SentinelTray": {"executed_lines": [74, 75, 76, 77, 78, 79, 84, 85, 87, 88, 89, 90, 92, 94, 104, 111, 112, 113, 114, 115, 117, 118, 119, 123, 124, 125, 126, 127, 128, 132, 133, 134, 135, 136, 137], "summary": {"covered_lines": 35, "num_statements": 35, "percent_covered": 100.0, "percent_covered_display": "100", "missing_lines": 0, "excluded_lines": 0, "percent_statements_covered": 100.0, "percent_statements_covered_display": "100"}, "missing_lines": [], "excluded_lines": [], "start_line": 60}, "": {"executed_lines": [19, 21, 22, 23, 24, 26, 28, 29, 30, 32, 33, 34, 35, 38, 40, 43, 45, 46, 47, 49, 51, 52, 56, 57, 60, 67, 81, 121, 130], "summary": {"covered_lines": 29, "num_statements": 29, "percent_covered": 100.0, "percent_covered_display": "100", "missing_lines": 0, "excluded_lines": 0, "percent_statements_covered": 100.0, "percent_statements_covered_display": "100"}, "missing_lines": [], "excluded_lines": [], "start_line": 1}}}}, "totals": {"covered_lines": 10670, "num_statements": 10674, "percent_covered": 99.96252576353757, "percent_covered_display": "99", "missing_lines": 4, "excluded_lines": 22, "percent_statements_covered": 99.96252576353757, "percent_statements_covered_display": "99"}}