{"meta": {"format": 3, "version": "7.14.0", "timestamp": "2026-05-29T21:21:56.853258", "branch_coverage": true, "show_contexts": false}, "files": {"api/__init__.py": {"executed_lines": [], "summary": {"covered_lines": 0, "num_statements": 0, "percent_covered": 100.0, "percent_covered_display": "100", "missing_lines": 0, "excluded_lines": 0, "percent_statements_covered": 100.0, "percent_statements_covered_display": "100", "num_branches": 0, "num_partial_branches": 0, "covered_branches": 0, "missing_branches": 0, "percent_branches_covered": 100.0, "percent_branches_covered_display": "100"}, "missing_lines": [], "excluded_lines": [], "executed_branches": [], "missing_branches": [], "functions": {"": {"executed_lines": [], "summary": {"covered_lines": 0, "num_statements": 0, "percent_covered": 100.0, "percent_covered_display": "100", "missing_lines": 0, "excluded_lines": 0, "percent_statements_covered": 100.0, "percent_statements_covered_display": "100", "num_branches": 0, "num_partial_branches": 0, "covered_branches": 0, "missing_branches": 0, "percent_branches_covered": 100.0, "percent_branches_covered_display": "100"}, "missing_lines": [], "excluded_lines": [], "start_line": 1, "executed_branches": [], "missing_branches": []}}, "classes": {"": {"executed_lines": [], "summary": {"covered_lines": 0, "num_statements": 0, "percent_covered": 100.0, "percent_covered_display": "100", "missing_lines": 0, "excluded_lines": 0, "percent_statements_covered": 100.0, "percent_statements_covered_display": "100", "num_branches": 0, "num_partial_branches": 0, "covered_branches": 0, "missing_branches": 0, "percent_branches_covered": 100.0, "percent_branches_covered_display": "100"}, "missing_lines": [], "excluded_lines": [], "start_line": 1, "executed_branches": [], "missing_branches": []}}}, "api/server.py": {"executed_lines": [20, 21, 22, 23, 24, 25, 26, 27, 28, 29, 31, 32, 33, 35, 36, 37, 38, 39, 40, 42, 47, 53, 57, 58, 61, 67, 70, 71, 72, 73, 74, 77, 81, 84, 87, 90, 93, 94, 97, 101, 104, 109, 110, 113, 119, 125, 128, 130, 133, 139, 143, 144, 147, 153, 160, 169, 177, 184, 185, 186, 187, 188, 190, 194, 195, 196, 197, 198, 199, 200, 202, 205, 206, 207, 209, 210, 212, 213, 215, 225, 226, 227, 228, 229, 231, 237, 244, 245, 247, 249, 250, 251, 253, 255, 256, 257, 258, 259, 260, 261, 262, 263, 264, 265, 266, 267, 268, 269, 270, 272, 274, 275, 276, 277, 278, 279, 280, 281, 282, 283, 284, 285, 286, 287, 288, 289, 290, 291, 293, 295, 296, 297, 298, 299, 300, 301, 302, 303, 304, 305, 306, 307, 311, 314, 315, 316, 318, 319, 320, 321, 322, 324, 326, 328, 329, 330, 331, 332, 341, 342, 343, 345, 346, 348, 350, 353, 354, 355, 357, 358, 359, 360, 361, 362, 363, 364, 366, 368, 369, 370, 371, 372, 373, 374, 375, 376, 378, 381, 382, 383, 384, 385, 389, 392, 393, 394, 395, 396, 397, 399, 402, 403, 404, 410, 412, 415, 416, 417, 418, 419, 420, 422, 425, 426, 427, 428, 429, 430, 432, 435, 436, 437, 438, 439, 440, 442, 445, 447, 448, 449, 450, 452, 455, 456, 458, 459, 460, 461, 462, 463, 464, 465, 467, 468, 469, 470, 471, 475, 479, 480, 481, 483, 484, 485, 486, 487, 489, 491, 495, 496, 497, 498, 500, 501, 502, 503, 504, 505, 506, 513, 517, 518, 519, 521, 522, 523, 530, 531, 532, 534, 538, 539, 540, 541, 542, 543, 544, 545, 547, 551, 552, 553, 554, 555, 556, 557, 558, 559, 560, 561, 562, 563, 564, 565, 566, 567, 568, 569, 570, 574, 578, 579, 580, 582, 583, 584, 585, 586, 588, 592, 593, 594, 595, 597, 598, 599, 600, 601, 602, 603, 611, 615, 616, 617, 618, 620, 624, 625, 626, 627, 628, 629, 630, 631, 633, 637, 638, 639, 640, 641, 642, 643, 644, 646, 650, 651, 652, 653, 654, 655, 656, 658, 662, 663, 664, 665, 666, 671, 672, 673, 675, 679, 680, 681, 682, 683, 684, 685, 686, 688, 692, 693, 694, 695, 696, 697, 698, 699, 700, 704, 708, 709, 710, 711, 713, 717, 718, 719, 720, 721, 726, 727, 728, 730, 734, 735, 736, 737, 738, 739, 740, 741, 743, 747, 748, 749, 750, 751, 752, 753, 754, 755, 756, 758, 765, 766, 768, 769, 770, 772, 773, 774, 775, 777, 778, 779, 780, 781, 782, 783, 784, 785, 786, 787, 789, 793, 794, 795, 796, 797, 798, 799, 800, 801, 803, 807, 808, 809, 810, 811, 812, 813, 814, 816, 820, 821, 822, 823, 824, 825, 828, 829, 830, 831, 833, 837, 838, 839, 840, 841, 842, 843, 844, 848, 851, 852, 854, 856, 857, 858, 859, 861, 862, 863, 864, 865, 866, 867, 868, 869, 870, 871, 872, 873, 874, 875, 877, 878, 880, 881, 882, 883, 885, 886, 887, 888, 889, 890, 891, 892, 893, 894, 895, 896, 897, 898, 899, 900, 901, 903, 904, 905, 906, 907, 908, 909, 910, 911, 912, 913, 914, 915, 917, 918, 919, 921, 922, 929, 930, 931, 933, 934, 935, 937, 938, 939, 943, 946, 947, 948, 950, 956, 957, 961, 963, 966, 967, 969, 977, 978, 979, 980, 981, 982, 984, 990, 991, 992, 993, 994, 995, 997, 1002, 1003, 1004, 1006, 1012, 1013, 1014, 1015, 1016], "summary": {"covered_lines": 591, "num_statements": 591, "percent_covered": 100.0, "percent_covered_display": "100", "missing_lines": 0, "excluded_lines": 0, "percent_statements_covered": 100.0, "percent_statements_covered_display": "100", "num_branches": 102, "num_partial_branches": 0, "covered_branches": 102, "missing_branches": 0, "percent_branches_covered": 100.0, "percent_branches_covered_display": "100"}, "missing_lines": [], "excluded_lines": [], "executed_branches": [[196, 197], [196, 198], [199, -194], [199, 200], [226, 227], [226, 228], [228, 229], [228, 231], [315, 316], [315, 318], [319, 320], [319, 321], [321, 322], [321, 324], [358, 359], [358, 366], [363, 364], [363, 368], [382, 383], [382, 385], [403, 404], [403, 410], [448, 449], [448, 450], [459, 460], [459, 461], [469, 470], [469, 471], [496, 497], [496, 498], [539, 540], [539, 541], [552, 553], [552, 554], [593, 594], [593, 595], [616, 617], [616, 618], [625, 626], [625, 627], [638, 639], [638, 640], [651, 652], [651, 653], [663, 664], [663, 665], [680, 681], [680, 682], [693, 694], [693, 695], [709, 710], [709, 711], [718, 719], [718, 720], [735, 736], [735, 737], [748, 749], [748, 750], [754, 755], [754, 756], [765, 766], [765, 768], [773, 774], [773, 775], [781, 782], [781, 783], [794, 795], [794, 796], [808, 809], [808, 810], [821, 822], [821, 823], [838, 839], [838, 840], [857, 858], [857, 859], [865, 866], [865, 871], [871, -861], [871, 872], [873, -861], [873, 874], [874, 873], [874, 875], [886, 887], [886, 903], [912, 906], [912, 913], [918, -877], [918, 919], [930, 931], [930, 933], [934, 935], [934, 937], [937, 938], [937, 939], [979, 980], [979, 981], [992, 993], [992, 994], [1014, 1015], [1014, 1016]], "missing_branches": [], "functions": {"SentinelServer.__init__": {"executed_lines": [184, 185, 186, 187, 188, 190], "summary": {"covered_lines": 6, "num_statements": 6, "percent_covered": 100.0, "percent_covered_display": "100", "missing_lines": 0, "excluded_lines": 0, "percent_statements_covered": 100.0, "percent_statements_covered_display": "100", "num_branches": 0, "num_partial_branches": 0, "covered_branches": 0, "missing_branches": 0, "percent_branches_covered": 100.0, "percent_branches_covered_display": "100"}, "missing_lines": [], "excluded_lines": [], "start_line": 177, "executed_branches": [], "missing_branches": []}, "SentinelServer._check_auth": {"executed_lines": [195, 196, 197, 198, 199, 200], "summary": {"covered_lines": 6, "num_statements": 6, "percent_covered": 100.0, "percent_covered_display": "100", "missing_lines": 0, "excluded_lines": 0, "percent_statements_covered": 100.0, "percent_statements_covered_display": "100", "num_branches": 4, "num_partial_branches": 0, "covered_branches": 4, "missing_branches": 0, "percent_branches_covered": 100.0, "percent_branches_covered_display": "100"}, "missing_lines": [], "excluded_lines": [], "start_line": 194, "executed_branches": [[196, 197], [196, 198], [199, -194], [199, 200]], "missing_branches": []}, "SentinelServer.create_app": {"executed_lines": [205, 206, 207, 209, 210, 215, 225, 226, 227, 228, 229, 231, 237, 244, 245], "summary": {"covered_lines": 15, "num_statements": 15, "percent_covered": 100.0, "percent_covered_display": "100", "missing_lines": 0, "excluded_lines": 0, "percent_statements_covered": 100.0, "percent_statements_covered_display": "100", "num_branches": 4, "num_partial_branches": 0, "covered_branches": 4, "missing_branches": 0, "percent_branches_covered": 100.0, "percent_branches_covered_display": "100"}, "missing_lines": [], "excluded_lines": [], "start_line": 202, "executed_branches": [[226, 227], [226, 228], [228, 229], [228, 231]], "missing_branches": []}, "SentinelServer.create_app.lifespan": {"executed_lines": [212, 213], "summary": {"covered_lines": 2, "num_statements": 2, "percent_covered": 100.0, "percent_covered_display": "100", "missing_lines": 0, "excluded_lines": 0, "percent_statements_covered": 100.0, "percent_statements_covered_display": "100", "num_branches": 0, "num_partial_branches": 0, "covered_branches": 0, "missing_branches": 0, "percent_branches_covered": 100.0, "percent_branches_covered_display": "100"}, "missing_lines": [], "excluded_lines": [], "start_line": 210, "executed_branches": [], "missing_branches": []}, "SentinelServer._register_routes": {"executed_lines": [249, 250, 251], "summary": {"covered_lines": 3, "num_statements": 3, "percent_covered": 100.0, "percent_covered_display": "100", "missing_lines": 0, "excluded_lines": 0, "percent_statements_covered": 100.0, "percent_statements_covered_display": "100", "num_branches": 0, "num_partial_branches": 0, "covered_branches": 0, "missing_branches": 0, "percent_branches_covered": 100.0, "percent_branches_covered_display": "100"}, "missing_lines": [], "excluded_lines": [], "start_line": 247, "executed_branches": [], "missing_branches": []}, "SentinelServer._register_core_routes": {"executed_lines": [255, 256, 257, 258, 259, 260, 261, 262, 263, 264, 265, 266, 267, 268, 269, 270], "summary": {"covered_lines": 16, "num_statements": 16, "percent_covered": 100.0, "percent_covered_display": "100", "missing_lines": 0, "excluded_lines": 0, "percent_statements_covered": 100.0, "percent_statements_covered_display": "100", "num_branches": 0, "num_partial_branches": 0, "covered_branches": 0, "missing_branches": 0, "percent_branches_covered": 100.0, "percent_branches_covered_display": "100"}, "missing_lines": [], "excluded_lines": [], "start_line": 253, "executed_branches": [], "missing_branches": []}, "SentinelServer._register_v3_routes": {"executed_lines": [274, 275, 276, 277, 278, 279, 280, 281, 282, 283, 284, 285, 286, 287, 288, 289, 290, 291], "summary": {"covered_lines": 18, "num_statements": 18, "percent_covered": 100.0, "percent_covered_display": "100", "missing_lines": 0, "excluded_lines": 0, "percent_statements_covered": 100.0, "percent_statements_covered_display": "100", "num_branches": 0, "num_partial_branches": 0, "covered_branches": 0, "missing_branches": 0, "percent_branches_covered": 100.0, "percent_branches_covered_display": "100"}, "missing_lines": [], "excluded_lines": [], "start_line": 272, "executed_branches": [], "missing_branches": []}, "SentinelServer._register_v31_routes": {"executed_lines": [295, 296, 297, 298, 299, 300, 301, 302, 303, 304, 305, 306, 307], "summary": {"covered_lines": 13, "num_statements": 13, "percent_covered": 100.0, "percent_covered_display": "100", "missing_lines": 0, "excluded_lines": 0, "percent_statements_covered": 100.0, "percent_statements_covered_display": "100", "num_branches": 0, "num_partial_branches": 0, "covered_branches": 0, "missing_branches": 0, "percent_branches_covered": 100.0, "percent_branches_covered_display": "100"}, "missing_lines": [], "excluded_lines": [], "start_line": 293, "executed_branches": [], "missing_branches": []}, "SentinelServer._handle_goal": {"executed_lines": [314, 315, 316, 318, 319, 320, 321, 322, 324, 326, 328, 345, 346, 348], "summary": {"covered_lines": 14, "num_statements": 14, "percent_covered": 100.0, "percent_covered_display": "100", "missing_lines": 0, "excluded_lines": 0, "percent_statements_covered": 100.0, "percent_statements_covered_display": "100", "num_branches": 6, "num_partial_branches": 0, "covered_branches": 6, "missing_branches": 0, "percent_branches_covered": 100.0, "percent_branches_covered_display": "100"}, "missing_lines": [], "excluded_lines": [], "start_line": 311, "executed_branches": [[315, 316], [315, 318], [319, 320], [319, 321], [321, 322], [321, 324]], "missing_branches": []}, "SentinelServer._handle_goal._run": {"executed_lines": [329, 330, 331, 332, 341, 342, 343], "summary": {"covered_lines": 7, "num_statements": 7, "percent_covered": 100.0, "percent_covered_display": "100", "missing_lines": 0, "excluded_lines": 0, "percent_statements_covered": 100.0, "percent_statements_covered_display": "100", "num_branches": 0, "num_partial_branches": 0, "covered_branches": 0, "missing_branches": 0, "percent_branches_covered": 100.0, "percent_branches_covered_display": "100"}, "missing_lines": [], "excluded_lines": [], "start_line": 328, "executed_branches": [], "missing_branches": []}, "SentinelServer._handle_command": {"executed_lines": [353, 354, 355, 357, 358, 359, 360, 361, 362, 363, 364, 366, 368, 369, 370, 371, 372, 373, 374, 375, 376], "summary": {"covered_lines": 21, "num_statements": 21, "percent_covered": 100.0, "percent_covered_display": "100", "missing_lines": 0, "excluded_lines": 0, "percent_statements_covered": 100.0, "percent_statements_covered_display": "100", "num_branches": 4, "num_partial_branches": 0, "covered_branches": 4, "missing_branches": 0, "percent_branches_covered": 100.0, "percent_branches_covered_display": "100"}, "missing_lines": [], "excluded_lines": [], "start_line": 350, "executed_branches": [[358, 359], [358, 366], [363, 364], [363, 368]], "missing_branches": []}, "SentinelServer._handle_stop": {"executed_lines": [381, 382, 383, 384, 385], "summary": {"covered_lines": 5, "num_statements": 5, "percent_covered": 100.0, "percent_covered_display": "100", "missing_lines": 0, "excluded_lines": 0, "percent_statements_covered": 100.0, "percent_statements_covered_display": "100", "num_branches": 2, "num_partial_branches": 0, "covered_branches": 2, "missing_branches": 0, "percent_branches_covered": 100.0, "percent_branches_covered_display": "100"}, "missing_lines": [], "excluded_lines": [], "start_line": 378, "executed_branches": [[382, 383], [382, 385]], "missing_branches": []}, "SentinelServer._handle_screenshot": {"executed_lines": [392, 393, 394, 395, 396, 397], "summary": {"covered_lines": 6, "num_statements": 6, "percent_covered": 100.0, "percent_covered_display": "100", "missing_lines": 0, "excluded_lines": 0, "percent_statements_covered": 100.0, "percent_statements_covered_display": "100", "num_branches": 0, "num_partial_branches": 0, "covered_branches": 0, "missing_branches": 0, "percent_branches_covered": 100.0, "percent_branches_covered_display": "100"}, "missing_lines": [], "excluded_lines": [], "start_line": 389, "executed_branches": [], "missing_branches": []}, "SentinelServer._handle_status": {"executed_lines": [402, 403, 404, 410], "summary": {"covered_lines": 4, "num_statements": 4, "percent_covered": 100.0, "percent_covered_display": "100", "missing_lines": 0, "excluded_lines": 0, "percent_statements_covered": 100.0, "percent_statements_covered_display": "100", "num_branches": 2, "num_partial_branches": 0, "covered_branches": 2, "missing_branches": 0, "percent_branches_covered": 100.0, "percent_branches_covered_display": "100"}, "missing_lines": [], "excluded_lines": [], "start_line": 399, "executed_branches": [[403, 404], [403, 410]], "missing_branches": []}, "SentinelServer._handle_windows": {"executed_lines": [415, 416, 417, 418, 419, 420], "summary": {"covered_lines": 6, "num_statements": 6, "percent_covered": 100.0, "percent_covered_display": "100", "missing_lines": 0, "excluded_lines": 0, "percent_statements_covered": 100.0, "percent_statements_covered_display": "100", "num_branches": 0, "num_partial_branches": 0, "covered_branches": 0, "missing_branches": 0, "percent_branches_covered": 100.0, "percent_branches_covered_display": "100"}, "missing_lines": [], "excluded_lines": [], "start_line": 412, "executed_branches": [], "missing_branches": []}, "SentinelServer._handle_processes": {"executed_lines": [425, 426, 427, 428, 429, 430], "summary": {"covered_lines": 6, "num_statements": 6, "percent_covered": 100.0, "percent_covered_display": "100", "missing_lines": 0, "excluded_lines": 0, "percent_statements_covered": 100.0, "percent_statements_covered_display": "100", "num_branches": 0, "num_partial_branches": 0, "covered_branches": 0, "missing_branches": 0, "percent_branches_covered": 100.0, "percent_branches_covered_display": "100"}, "missing_lines": [], "excluded_lines": [], "start_line": 422, "executed_branches": [], "missing_branches": []}, "SentinelServer._handle_system": {"executed_lines": [435, 436, 437, 438, 439, 440], "summary": {"covered_lines": 6, "num_statements": 6, "percent_covered": 100.0, "percent_covered_display": "100", "missing_lines": 0, "excluded_lines": 0, "percent_statements_covered": 100.0, "percent_statements_covered_display": "100", "num_branches": 0, "num_partial_branches": 0, "covered_branches": 0, "missing_branches": 0, "percent_branches_covered": 100.0, "percent_branches_covered_display": "100"}, "missing_lines": [], "excluded_lines": [], "start_line": 432, "executed_branches": [], "missing_branches": []}, "SentinelServer._handle_get_config": {"executed_lines": [445, 447, 448, 449, 450], "summary": {"covered_lines": 5, "num_statements": 5, "percent_covered": 100.0, "percent_covered_display": "100", "missing_lines": 0, "excluded_lines": 0, "percent_statements_covered": 100.0, "percent_statements_covered_display": "100", "num_branches": 2, "num_partial_branches": 0, "covered_branches": 2, "missing_branches": 0, "percent_branches_covered": 100.0, "percent_branches_covered_display": "100"}, "missing_lines": [], "excluded_lines": [], "start_line": 442, "executed_branches": [[448, 449], [448, 450]], "missing_branches": []}, "SentinelServer._handle_put_config": {"executed_lines": [455, 456, 458, 459, 460, 461, 462, 463, 464, 465], "summary": {"covered_lines": 10, "num_statements": 10, "percent_covered": 100.0, "percent_covered_display": "100", "missing_lines": 0, "excluded_lines": 0, "percent_statements_covered": 100.0, "percent_statements_covered_display": "100", "num_branches": 2, "num_partial_branches": 0, "covered_branches": 2, "missing_branches": 0, "percent_branches_covered": 100.0, "percent_branches_covered_display": "100"}, "missing_lines": [], "excluded_lines": [], "start_line": 452, "executed_branches": [[459, 460], [459, 461]], "missing_branches": []}, "SentinelServer._handle_log": {"executed_lines": [468, 469, 470, 471], "summary": {"covered_lines": 4, "num_statements": 4, "percent_covered": 100.0, "percent_covered_display": "100", "missing_lines": 0, "excluded_lines": 0, "percent_statements_covered": 100.0, "percent_statements_covered_display": "100", "num_branches": 2, "num_partial_branches": 0, "covered_branches": 2, "missing_branches": 0, "percent_branches_covered": 100.0, "percent_branches_covered_display": "100"}, "missing_lines": [], "excluded_lines": [], "start_line": 467, "executed_branches": [[469, 470], [469, 471]], "missing_branches": []}, "SentinelServer._handle_scripts_list": {"executed_lines": [479, 480, 481, 483, 484, 485, 486, 487, 489], "summary": {"covered_lines": 9, "num_statements": 9, "percent_covered": 100.0, "percent_covered_display": "100", "missing_lines": 0, "excluded_lines": 0, "percent_statements_covered": 100.0, "percent_statements_covered_display": "100", "num_branches": 0, "num_partial_branches": 0, "covered_branches": 0, "missing_branches": 0, "percent_branches_covered": 100.0, "percent_branches_covered_display": "100"}, "missing_lines": [], "excluded_lines": [], "start_line": 475, "executed_branches": [], "missing_branches": []}, "SentinelServer._handle_script_run": {"executed_lines": [495, 496, 497, 498, 500, 501, 502, 503, 504, 505, 506], "summary": {"covered_lines": 11, "num_statements": 11, "percent_covered": 100.0, "percent_covered_display": "100", "missing_lines": 0, "excluded_lines": 0, "percent_statements_covered": 100.0, "percent_statements_covered_display": "100", "num_branches": 2, "num_partial_branches": 0, "covered_branches": 2, "missing_branches": 0, "percent_branches_covered": 100.0, "percent_branches_covered_display": "100"}, "missing_lines": [], "excluded_lines": [], "start_line": 491, "executed_branches": [[496, 497], [496, 498]], "missing_branches": []}, "SentinelServer._handle_powershell": {"executed_lines": [517, 518, 519, 521, 522, 523, 530, 531, 532], "summary": {"covered_lines": 9, "num_statements": 9, "percent_covered": 100.0, "percent_covered_display": "100", "missing_lines": 0, "excluded_lines": 0, "percent_statements_covered": 100.0, "percent_statements_covered_display": "100", "num_branches": 0, "num_partial_branches": 0, "covered_branches": 0, "missing_branches": 0, "percent_branches_covered": 100.0, "percent_branches_covered_display": "100"}, "missing_lines": [], "excluded_lines": [], "start_line": 513, "executed_branches": [], "missing_branches": []}, "SentinelServer._handle_recorder_start": {"executed_lines": [538, 539, 540, 541, 542, 543, 544, 545], "summary": {"covered_lines": 8, "num_statements": 8, "percent_covered": 100.0, "percent_covered_display": "100", "missing_lines": 0, "excluded_lines": 0, "percent_statements_covered": 100.0, "percent_statements_covered_display": "100", "num_branches": 2, "num_partial_branches": 0, "covered_branches": 2, "missing_branches": 0, "percent_branches_covered": 100.0, "percent_branches_covered_display": "100"}, "missing_lines": [], "excluded_lines": [], "start_line": 534, "executed_branches": [[539, 540], [539, 541]], "missing_branches": []}, "SentinelServer._handle_recorder_stop": {"executed_lines": [551, 552, 553, 554, 555, 556, 557, 558, 559, 560, 561, 562, 563, 564, 565, 566, 567, 568, 569, 570], "summary": {"covered_lines": 20, "num_statements": 20, "percent_covered": 100.0, "percent_covered_display": "100", "missing_lines": 0, "excluded_lines": 0, "percent_statements_covered": 100.0, "percent_statements_covered_display": "100", "num_branches": 2, "num_partial_branches": 0, "covered_branches": 2, "missing_branches": 0, "percent_branches_covered": 100.0, "percent_branches_covered_display": "100"}, "missing_lines": [], "excluded_lines": [], "start_line": 547, "executed_branches": [[552, 553], [552, 554]], "missing_branches": []}, "SentinelServer._handle_workflows_list": {"executed_lines": [578, 579, 580, 582, 583, 584, 585, 586], "summary": {"covered_lines": 8, "num_statements": 8, "percent_covered": 100.0, "percent_covered_display": "100", "missing_lines": 0, "excluded_lines": 0, "percent_statements_covered": 100.0, "percent_statements_covered_display": "100", "num_branches": 0, "num_partial_branches": 0, "covered_branches": 0, "missing_branches": 0, "percent_branches_covered": 100.0, "percent_branches_covered_display": "100"}, "missing_lines": [], "excluded_lines": [], "start_line": 574, "executed_branches": [], "missing_branches": []}, "SentinelServer._handle_workflow_run": {"executed_lines": [592, 593, 594, 595, 597, 598, 599, 600, 601, 602, 603], "summary": {"covered_lines": 11, "num_statements": 11, "percent_covered": 100.0, "percent_covered_display": "100", "missing_lines": 0, "excluded_lines": 0, "percent_statements_covered": 100.0, "percent_statements_covered_display": "100", "num_branches": 2, "num_partial_branches": 0, "covered_branches": 2, "missing_branches": 0, "percent_branches_covered": 100.0, "percent_branches_covered_display": "100"}, "missing_lines": [], "excluded_lines": [], "start_line": 588, "executed_branches": [[593, 594], [593, 595]], "missing_branches": []}, "SentinelServer._handle_schedule_list": {"executed_lines": [615, 616, 617, 618], "summary": {"covered_lines": 4, "num_statements": 4, "percent_covered": 100.0, "percent_covered_display": "100", "missing_lines": 0, "excluded_lines": 0, "percent_statements_covered": 100.0, "percent_statements_covered_display": "100", "num_branches": 2, "num_partial_branches": 0, "covered_branches": 2, "missing_branches": 0, "percent_branches_covered": 100.0, "percent_branches_covered_display": "100"}, "missing_lines": [], "excluded_lines": [], "start_line": 611, "executed_branches": [[616, 617], [616, 618]], "missing_branches": []}, "SentinelServer._handle_schedule_add": {"executed_lines": [624, 625, 626, 627, 628, 629, 630, 631], "summary": {"covered_lines": 8, "num_statements": 8, "percent_covered": 100.0, "percent_covered_display": "100", "missing_lines": 0, "excluded_lines": 0, "percent_statements_covered": 100.0, "percent_statements_covered_display": "100", "num_branches": 2, "num_partial_branches": 0, "covered_branches": 2, "missing_branches": 0, "percent_branches_covered": 100.0, "percent_branches_covered_display": "100"}, "missing_lines": [], "excluded_lines": [], "start_line": 620, "executed_branches": [[625, 626], [625, 627]], "missing_branches": []}, "SentinelServer._handle_schedule_remove": {"executed_lines": [637, 638, 639, 640, 641, 642, 643, 644], "summary": {"covered_lines": 8, "num_statements": 8, "percent_covered": 100.0, "percent_covered_display": "100", "missing_lines": 0, "excluded_lines": 0, "percent_statements_covered": 100.0, "percent_statements_covered_display": "100", "num_branches": 2, "num_partial_branches": 0, "covered_branches": 2, "missing_branches": 0, "percent_branches_covered": 100.0, "percent_branches_covered_display": "100"}, "missing_lines": [], "excluded_lines": [], "start_line": 633, "executed_branches": [[638, 639], [638, 640]], "missing_branches": []}, "SentinelServer._handle_schedule_run": {"executed_lines": [650, 651, 652, 653, 654, 655, 656], "summary": {"covered_lines": 7, "num_statements": 7, "percent_covered": 100.0, "percent_covered_display": "100", "missing_lines": 0, "excluded_lines": 0, "percent_statements_covered": 100.0, "percent_statements_covered_display": "100", "num_branches": 2, "num_partial_branches": 0, "covered_branches": 2, "missing_branches": 0, "percent_branches_covered": 100.0, "percent_branches_covered_display": "100"}, "missing_lines": [], "excluded_lines": [], "start_line": 646, "executed_branches": [[651, 652], [651, 653]], "missing_branches": []}, "SentinelServer._handle_notify": {"executed_lines": [662, 663, 664, 665, 666, 671, 672, 673], "summary": {"covered_lines": 8, "num_statements": 8, "percent_covered": 100.0, "percent_covered_display": "100", "missing_lines": 0, "excluded_lines": 0, "percent_statements_covered": 100.0, "percent_statements_covered_display": "100", "num_branches": 2, "num_partial_branches": 0, "covered_branches": 2, "missing_branches": 0, "percent_branches_covered": 100.0, "percent_branches_covered_display": "100"}, "missing_lines": [], "excluded_lines": [], "start_line": 658, "executed_branches": [[663, 664], [663, 665]], "missing_branches": []}, "SentinelServer._handle_plugins_list": {"executed_lines": [679, 680, 681, 682, 683, 684, 685, 686], "summary": {"covered_lines": 8, "num_statements": 8, "percent_covered": 100.0, "percent_covered_display": "100", "missing_lines": 0, "excluded_lines": 0, "percent_statements_covered": 100.0, "percent_statements_covered_display": "100", "num_branches": 2, "num_partial_branches": 0, "covered_branches": 2, "missing_branches": 0, "percent_branches_covered": 100.0, "percent_branches_covered_display": "100"}, "missing_lines": [], "excluded_lines": [], "start_line": 675, "executed_branches": [[680, 681], [680, 682]], "missing_branches": []}, "SentinelServer._handle_plugins_reload": {"executed_lines": [692, 693, 694, 695, 696, 697, 698, 699, 700], "summary": {"covered_lines": 9, "num_statements": 9, "percent_covered": 100.0, "percent_covered_display": "100", "missing_lines": 0, "excluded_lines": 0, "percent_statements_covered": 100.0, "percent_statements_covered_display": "100", "num_branches": 2, "num_partial_branches": 0, "covered_branches": 2, "missing_branches": 0, "percent_branches_covered": 100.0, "percent_branches_covered_display": "100"}, "missing_lines": [], "excluded_lines": [], "start_line": 688, "executed_branches": [[693, 694], [693, 695]], "missing_branches": []}, "SentinelServer._handle_agents_list": {"executed_lines": [708, 709, 710, 711], "summary": {"covered_lines": 4, "num_statements": 4, "percent_covered": 100.0, "percent_covered_display": "100", "missing_lines": 0, "excluded_lines": 0, "percent_statements_covered": 100.0, "percent_statements_covered_display": "100", "num_branches": 2, "num_partial_branches": 0, "covered_branches": 2, "missing_branches": 0, "percent_branches_covered": 100.0, "percent_branches_covered_display": "100"}, "missing_lines": [], "excluded_lines": [], "start_line": 704, "executed_branches": [[709, 710], [709, 711]], "missing_branches": []}, "SentinelServer._handle_agents_submit": {"executed_lines": [717, 718, 719, 720, 721, 726, 727, 728], "summary": {"covered_lines": 8, "num_statements": 8, "percent_covered": 100.0, "percent_covered_display": "100", "missing_lines": 0, "excluded_lines": 0, "percent_statements_covered": 100.0, "percent_statements_covered_display": "100", "num_branches": 2, "num_partial_branches": 0, "covered_branches": 2, "missing_branches": 0, "percent_branches_covered": 100.0, "percent_branches_covered_display": "100"}, "missing_lines": [], "excluded_lines": [], "start_line": 713, "executed_branches": [[718, 719], [718, 720]], "missing_branches": []}, "SentinelServer._handle_agents_cancel": {"executed_lines": [734, 735, 736, 737, 738, 739, 740, 741], "summary": {"covered_lines": 8, "num_statements": 8, "percent_covered": 100.0, "percent_covered_display": "100", "missing_lines": 0, "excluded_lines": 0, "percent_statements_covered": 100.0, "percent_statements_covered_display": "100", "num_branches": 2, "num_partial_branches": 0, "covered_branches": 2, "missing_branches": 0, "percent_branches_covered": 100.0, "percent_branches_covered_display": "100"}, "missing_lines": [], "excluded_lines": [], "start_line": 730, "executed_branches": [[735, 736], [735, 737]], "missing_branches": []}, "SentinelServer._handle_agent_status": {"executed_lines": [747, 748, 749, 750, 751, 752, 753, 754, 755, 756], "summary": {"covered_lines": 10, "num_statements": 10, "percent_covered": 100.0, "percent_covered_display": "100", "missing_lines": 0, "excluded_lines": 0, "percent_statements_covered": 100.0, "percent_statements_covered_display": "100", "num_branches": 4, "num_partial_branches": 0, "covered_branches": 4, "missing_branches": 0, "percent_branches_covered": 100.0, "percent_branches_covered_display": "100"}, "missing_lines": [], "excluded_lines": [], "start_line": 743, "executed_branches": [[748, 749], [748, 750], [754, 755], [754, 756]], "missing_branches": []}, "SentinelServer._handle_auth_login": {"executed_lines": [765, 766, 768, 769, 770, 772, 773, 774, 775, 777, 778, 779, 780, 781, 782, 783, 784, 785, 786, 787], "summary": {"covered_lines": 20, "num_statements": 20, "percent_covered": 100.0, "percent_covered_display": "100", "missing_lines": 0, "excluded_lines": 0, "percent_statements_covered": 100.0, "percent_statements_covered_display": "100", "num_branches": 6, "num_partial_branches": 0, "covered_branches": 6, "missing_branches": 0, "percent_branches_covered": 100.0, "percent_branches_covered_display": "100"}, "missing_lines": [], "excluded_lines": [], "start_line": 758, "executed_branches": [[765, 766], [765, 768], [773, 774], [773, 775], [781, 782], [781, 783]], "missing_branches": []}, "SentinelServer._handle_auth_logout": {"executed_lines": [793, 794, 795, 796, 797, 798, 799, 800, 801], "summary": {"covered_lines": 9, "num_statements": 9, "percent_covered": 100.0, "percent_covered_display": "100", "missing_lines": 0, "excluded_lines": 0, "percent_statements_covered": 100.0, "percent_statements_covered_display": "100", "num_branches": 2, "num_partial_branches": 0, "covered_branches": 2, "missing_branches": 0, "percent_branches_covered": 100.0, "percent_branches_covered_display": "100"}, "missing_lines": [], "excluded_lines": [], "start_line": 789, "executed_branches": [[794, 795], [794, 796]], "missing_branches": []}, "SentinelServer._handle_auth_users": {"executed_lines": [807, 808, 809, 810, 811, 812, 813, 814], "summary": {"covered_lines": 8, "num_statements": 8, "percent_covered": 100.0, "percent_covered_display": "100", "missing_lines": 0, "excluded_lines": 0, "percent_statements_covered": 100.0, "percent_statements_covered_display": "100", "num_branches": 2, "num_partial_branches": 0, "covered_branches": 2, "missing_branches": 0, "percent_branches_covered": 100.0, "percent_branches_covered_display": "100"}, "missing_lines": [], "excluded_lines": [], "start_line": 803, "executed_branches": [[808, 809], [808, 810]], "missing_branches": []}, "SentinelServer._handle_audit_export": {"executed_lines": [820, 821, 822, 823, 824, 825, 828, 829, 830, 831], "summary": {"covered_lines": 10, "num_statements": 10, "percent_covered": 100.0, "percent_covered_display": "100", "missing_lines": 0, "excluded_lines": 0, "percent_statements_covered": 100.0, "percent_statements_covered_display": "100", "num_branches": 2, "num_partial_branches": 0, "covered_branches": 2, "missing_branches": 0, "percent_branches_covered": 100.0, "percent_branches_covered_display": "100"}, "missing_lines": [], "excluded_lines": [], "start_line": 816, "executed_branches": [[821, 822], [821, 823]], "missing_branches": []}, "SentinelServer._handle_vault_keys": {"executed_lines": [837, 838, 839, 840, 841, 842, 843, 844], "summary": {"covered_lines": 8, "num_statements": 8, "percent_covered": 100.0, "percent_covered_display": "100", "missing_lines": 0, "excluded_lines": 0, "percent_statements_covered": 100.0, "percent_statements_covered_display": "100", "num_branches": 2, "num_partial_branches": 0, "covered_branches": 2, "missing_branches": 0, "percent_branches_covered": 100.0, "percent_branches_covered_display": "100"}, "missing_lines": [], "excluded_lines": [], "start_line": 833, "executed_branches": [[838, 839], [838, 840]], "missing_branches": []}, "SentinelServer._broadcast_step": {"executed_lines": [851, 852], "summary": {"covered_lines": 2, "num_statements": 2, "percent_covered": 100.0, "percent_covered_display": "100", "missing_lines": 0, "excluded_lines": 0, "percent_statements_covered": 100.0, "percent_statements_covered_display": "100", "num_branches": 0, "num_partial_branches": 0, "covered_branches": 0, "missing_branches": 0, "percent_branches_covered": 100.0, "percent_branches_covered_display": "100"}, "missing_lines": [], "excluded_lines": [], "start_line": 848, "executed_branches": [], "missing_branches": []}, "SentinelServer._broadcast_event": {"executed_lines": [856, 857, 858, 859], "summary": {"covered_lines": 4, "num_statements": 4, "percent_covered": 100.0, "percent_covered_display": "100", "missing_lines": 0, "excluded_lines": 0, "percent_statements_covered": 100.0, "percent_statements_covered_display": "100", "num_branches": 2, "num_partial_branches": 0, "covered_branches": 2, "missing_branches": 0, "percent_branches_covered": 100.0, "percent_branches_covered_display": "100"}, "missing_lines": [], "excluded_lines": [], "start_line": 854, "executed_branches": [[857, 858], [857, 859]], "missing_branches": []}, "SentinelServer._async_broadcast": {"executed_lines": [862, 863, 864, 865, 866, 867, 868, 869, 870, 871, 872, 873, 874, 875], "summary": {"covered_lines": 14, "num_statements": 14, "percent_covered": 100.0, "percent_covered_display": "100", "missing_lines": 0, "excluded_lines": 0, "percent_statements_covered": 100.0, "percent_statements_covered_display": "100", "num_branches": 8, "num_partial_branches": 0, "covered_branches": 8, "missing_branches": 0, "percent_branches_covered": 100.0, "percent_branches_covered_display": "100"}, "missing_lines": [], "excluded_lines": [], "start_line": 861, "executed_branches": [[865, 866], [865, 871], [871, -861], [871, 872], [873, -861], [873, 874], [874, 873], [874, 875]], "missing_branches": []}, "SentinelServer._handle_ws": {"executed_lines": [878, 880, 881, 882, 883, 885, 886, 887, 888, 889, 890, 891, 892, 893, 894, 895, 896, 897, 898, 899, 900, 901, 903, 904, 905, 906, 907, 908, 909, 910, 911, 912, 913, 914, 915, 917, 918, 919], "summary": {"covered_lines": 38, "num_statements": 38, "percent_covered": 100.0, "percent_covered_display": "100", "missing_lines": 0, "excluded_lines": 0, "percent_statements_covered": 100.0, "percent_statements_covered_display": "100", "num_branches": 6, "num_partial_branches": 0, "covered_branches": 6, "missing_branches": 0, "percent_branches_covered": 100.0, "percent_branches_covered_display": "100"}, "missing_lines": [], "excluded_lines": [], "start_line": 877, "executed_branches": [[886, 887], [886, 903], [912, 906], [912, 913], [918, -877], [918, 919]], "missing_branches": []}, "SentinelServer._get_client_ip": {"executed_lines": [929, 930, 931, 933, 934, 935, 937, 938, 939], "summary": {"covered_lines": 9, "num_statements": 9, "percent_covered": 100.0, "percent_covered_display": "100", "missing_lines": 0, "excluded_lines": 0, "percent_statements_covered": 100.0, "percent_statements_covered_display": "100", "num_branches": 6, "num_partial_branches": 0, "covered_branches": 6, "missing_branches": 0, "percent_branches_covered": 100.0, "percent_branches_covered_display": "100"}, "missing_lines": [], "excluded_lines": [], "start_line": 922, "executed_branches": [[930, 931], [930, 933], [934, 935], [934, 937], [937, 938], [937, 939]], "missing_branches": []}, "SentinelServer._handle_workflow_builder_list": {"executed_lines": [946, 947, 948], "summary": {"covered_lines": 3, "num_statements": 3, "percent_covered": 100.0, "percent_covered_display": "100", "missing_lines": 0, "excluded_lines": 0, "percent_statements_covered": 100.0, "percent_statements_covered_display": "100", "num_branches": 0, "num_partial_branches": 0, "covered_branches": 0, "missing_branches": 0, "percent_branches_covered": 100.0, "percent_branches_covered_display": "100"}, "missing_lines": [], "excluded_lines": [], "start_line": 943, "executed_branches": [], "missing_branches": []}, "SentinelServer._handle_workflow_builder_create": {"executed_lines": [956, 957, 961], "summary": {"covered_lines": 3, "num_statements": 3, "percent_covered": 100.0, "percent_covered_display": "100", "missing_lines": 0, "excluded_lines": 0, "percent_statements_covered": 100.0, "percent_statements_covered_display": "100", "num_branches": 0, "num_partial_branches": 0, "covered_branches": 0, "missing_branches": 0, "percent_branches_covered": 100.0, "percent_branches_covered_display": "100"}, "missing_lines": [], "excluded_lines": [], "start_line": 950, "executed_branches": [], "missing_branches": []}, "SentinelServer._handle_workflow_templates": {"executed_lines": [966, 967], "summary": {"covered_lines": 2, "num_statements": 2, "percent_covered": 100.0, "percent_covered_display": "100", "missing_lines": 0, "excluded_lines": 0, "percent_statements_covered": 100.0, "percent_statements_covered_display": "100", "num_branches": 0, "num_partial_branches": 0, "covered_branches": 0, "missing_branches": 0, "percent_branches_covered": 100.0, "percent_branches_covered_display": "100"}, "missing_lines": [], "excluded_lines": [], "start_line": 963, "executed_branches": [], "missing_branches": []}, "SentinelServer._handle_workflow_add_step": {"executed_lines": [977, 978, 979, 980, 981, 982], "summary": {"covered_lines": 6, "num_statements": 6, "percent_covered": 100.0, "percent_covered_display": "100", "missing_lines": 0, "excluded_lines": 0, "percent_statements_covered": 100.0, "percent_statements_covered_display": "100", "num_branches": 2, "num_partial_branches": 0, "covered_branches": 2, "missing_branches": 0, "percent_branches_covered": 100.0, "percent_branches_covered_display": "100"}, "missing_lines": [], "excluded_lines": [], "start_line": 969, "executed_branches": [[979, 980], [979, 981]], "missing_branches": []}, "SentinelServer._handle_workflow_remove_step": {"executed_lines": [990, 991, 992, 993, 994, 995], "summary": {"covered_lines": 6, "num_statements": 6, "percent_covered": 100.0, "percent_covered_display": "100", "missing_lines": 0, "excluded_lines": 0, "percent_statements_covered": 100.0, "percent_statements_covered_display": "100", "num_branches": 2, "num_partial_branches": 0, "covered_branches": 2, "missing_branches": 0, "percent_branches_covered": 100.0, "percent_branches_covered_display": "100"}, "missing_lines": [], "excluded_lines": [], "start_line": 984, "executed_branches": [[992, 993], [992, 994]], "missing_branches": []}, "SentinelServer._handle_workflow_builder_delete": {"executed_lines": [1002, 1003, 1004], "summary": {"covered_lines": 3, "num_statements": 3, "percent_covered": 100.0, "percent_covered_display": "100", "missing_lines": 0, "excluded_lines": 0, "percent_statements_covered": 100.0, "percent_statements_covered_display": "100", "num_branches": 0, "num_partial_branches": 0, "covered_branches": 0, "missing_branches": 0, "percent_branches_covered": 100.0, "percent_branches_covered_display": "100"}, "missing_lines": [], "excluded_lines": [], "start_line": 997, "executed_branches": [], "missing_branches": []}, "SentinelServer._handle_workflow_duplicate": {"executed_lines": [1012, 1013, 1014, 1015, 1016], "summary": {"covered_lines": 5, "num_statements": 5, "percent_covered": 100.0, "percent_covered_display": "100", "missing_lines": 0, "excluded_lines": 0, "percent_statements_covered": 100.0, "percent_statements_covered_display": "100", "num_branches": 2, "num_partial_branches": 0, "covered_branches": 2, "missing_branches": 0, "percent_branches_covered": 100.0, "percent_branches_covered_display": "100"}, "missing_lines": [], "excluded_lines": [], "start_line": 1006, "executed_branches": [[1014, 1015], [1014, 1016]], "missing_branches": []}, "": {"executed_lines": [20, 21, 22, 23, 24, 25, 26, 27, 28, 29, 31, 32, 33, 35, 36, 37, 38, 39, 40, 42, 47, 53, 57, 58, 61, 67, 70, 71, 72, 73, 74, 77, 81, 84, 87, 90, 93, 94, 97, 101, 104, 109, 110, 113, 119, 125, 128, 130, 133, 139, 143, 144, 147, 153, 160, 169, 177, 194, 202, 247, 253, 272, 293, 311, 350, 378, 389, 399, 412, 422, 432, 442, 452, 467, 475, 491, 513, 534, 547, 574, 588, 611, 620, 633, 646, 658, 675, 688, 704, 713, 730, 743, 758, 789, 803, 816, 833, 848, 854, 861, 877, 921, 922, 943, 950, 963, 969, 984, 997, 1006], "summary": {"covered_lines": 110, "num_statements": 110, "percent_covered": 100.0, "percent_covered_display": "100", "missing_lines": 0, "excluded_lines": 0, "percent_statements_covered": 100.0, "percent_statements_covered_display": "100", "num_branches": 0, "num_partial_branches": 0, "covered_branches": 0, "missing_branches": 0, "percent_branches_covered": 100.0, "percent_branches_covered_display": "100"}, "missing_lines": [], "excluded_lines": [], "start_line": 1, "executed_branches": [], "missing_branches": []}}, "classes": {"GoalRequest": {"executed_lines": [], "summary": {"covered_lines": 0, "num_statements": 0, "percent_covered": 100.0, "percent_covered_display": "100", "missing_lines": 0, "excluded_lines": 0, "percent_statements_covered": 100.0, "percent_statements_covered_display": "100", "num_branches": 0, "num_partial_branches": 0, "covered_branches": 0, "missing_branches": 0, "percent_branches_covered": 100.0, "percent_branches_covered_display": "100"}, "missing_lines": [], "excluded_lines": [], "start_line": 53, "executed_branches": [], "missing_branches": []}, "CommandRequest": {"executed_lines": [], "summary": {"covered_lines": 0, "num_statements": 0, "percent_covered": 100.0, "percent_covered_display": "100", "missing_lines": 0, "excluded_lines": 0, "percent_statements_covered": 100.0, "percent_statements_covered_display": "100", "num_branches": 0, "num_partial_branches": 0, "covered_branches": 0, "missing_branches": 0, "percent_branches_covered": 100.0, "percent_branches_covered_display": "100"}, "missing_lines": [], "excluded_lines": [], "start_line": 61, "executed_branches": [], "missing_branches": []}, "ConfigUpdate": {"executed_lines": [], "summary": {"covered_lines": 0, "num_statements": 0, "percent_covered": 100.0, "percent_covered_display": "100", "missing_lines": 0, "excluded_lines": 0, "percent_statements_covered": 100.0, "percent_statements_covered_display": "100", "num_branches": 0, "num_partial_branches": 0, "covered_branches": 0, "missing_branches": 0, "percent_branches_covered": 100.0, "percent_branches_covered_display": "100"}, "missing_lines": [], "excluded_lines": [], "start_line": 67, "executed_branches": [], "missing_branches": []}, "ScriptRunRequest": {"executed_lines": [], "summary": {"covered_lines": 0, "num_statements": 0, "percent_covered": 100.0, "percent_covered_display": "100", "missing_lines": 0, "excluded_lines": 0, "percent_statements_covered": 100.0, "percent_statements_covered_display": "100", "num_branches": 0, "num_partial_branches": 0, "covered_branches": 0, "missing_branches": 0, "percent_branches_covered": 100.0, "percent_branches_covered_display": "100"}, "missing_lines": [], "excluded_lines": [], "start_line": 77, "executed_branches": [], "missing_branches": []}, "PowerShellRequest": {"executed_lines": [], "summary": {"covered_lines": 0, "num_statements": 0, "percent_covered": 100.0, "percent_covered_display": "100", "missing_lines": 0, "excluded_lines": 0, "percent_statements_covered": 100.0, "percent_statements_covered_display": "100", "num_branches": 0, "num_partial_branches": 0, "covered_branches": 0, "missing_branches": 0, "percent_branches_covered": 100.0, "percent_branches_covered_display": "100"}, "missing_lines": [], "excluded_lines": [], "start_line": 84, "executed_branches": [], "missing_branches": []}, "RecorderStopRequest": {"executed_lines": [], "summary": {"covered_lines": 0, "num_statements": 0, "percent_covered": 100.0, "percent_covered_display": "100", "missing_lines": 0, "excluded_lines": 0, "percent_statements_covered": 100.0, "percent_statements_covered_display": "100", "num_branches": 0, "num_partial_branches": 0, "covered_branches": 0, "missing_branches": 0, "percent_branches_covered": 100.0, "percent_branches_covered_display": "100"}, "missing_lines": [], "excluded_lines": [], "start_line": 90, "executed_branches": [], "missing_branches": []}, "WorkflowRunRequest": {"executed_lines": [], "summary": {"covered_lines": 0, "num_statements": 0, "percent_covered": 100.0, "percent_covered_display": "100", "missing_lines": 0, "excluded_lines": 0, "percent_statements_covered": 100.0, "percent_statements_covered_display": "100", "num_branches": 0, "num_partial_branches": 0, "covered_branches": 0, "missing_branches": 0, "percent_branches_covered": 100.0, "percent_branches_covered_display": "100"}, "missing_lines": [], "excluded_lines": [], "start_line": 97, "executed_branches": [], "missing_branches": []}, "ScheduleAddRequest": {"executed_lines": [], "summary": {"covered_lines": 0, "num_statements": 0, "percent_covered": 100.0, "percent_covered_display": "100", "missing_lines": 0, "excluded_lines": 0, "percent_statements_covered": 100.0, "percent_statements_covered_display": "100", "num_branches": 0, "num_partial_branches": 0, "covered_branches": 0, "missing_branches": 0, "percent_branches_covered": 100.0, "percent_branches_covered_display": "100"}, "missing_lines": [], "excluded_lines": [], "start_line": 104, "executed_branches": [], "missing_branches": []}, "ScheduleRemoveRequest": {"executed_lines": [], "summary": {"covered_lines": 0, "num_statements": 0, "percent_covered": 100.0, "percent_covered_display": "100", "missing_lines": 0, "excluded_lines": 0, "percent_statements_covered": 100.0, "percent_statements_covered_display": "100", "num_branches": 0, "num_partial_branches": 0, "covered_branches": 0, "missing_branches": 0, "percent_branches_covered": 100.0, "percent_branches_covered_display": "100"}, "missing_lines": [], "excluded_lines": [], "start_line": 113, "executed_branches": [], "missing_branches": []}, "ScheduleRunRequest": {"executed_lines": [], "summary": {"covered_lines": 0, "num_statements": 0, "percent_covered": 100.0, "percent_covered_display": "100", "missing_lines": 0, "excluded_lines": 0, "percent_statements_covered": 100.0, "percent_statements_covered_display": "100", "num_branches": 0, "num_partial_branches": 0, "covered_branches": 0, "missing_branches": 0, "percent_branches_covered": 100.0, "percent_branches_covered_display": "100"}, "missing_lines": [], "excluded_lines": [], "start_line": 119, "executed_branches": [], "missing_branches": []}, "NotifyRequest": {"executed_lines": [], "summary": {"covered_lines": 0, "num_statements": 0, "percent_covered": 100.0, "percent_covered_display": "100", "missing_lines": 0, "excluded_lines": 0, "percent_statements_covered": 100.0, "percent_statements_covered_display": "100", "num_branches": 0, "num_partial_branches": 0, "covered_branches": 0, "missing_branches": 0, "percent_branches_covered": 100.0, "percent_branches_covered_display": "100"}, "missing_lines": [], "excluded_lines": [], "start_line": 125, "executed_branches": [], "missing_branches": []}, "PluginReloadRequest": {"executed_lines": [], "summary": {"covered_lines": 0, "num_statements": 0, "percent_covered": 100.0, "percent_covered_display": "100", "missing_lines": 0, "excluded_lines": 0, "percent_statements_covered": 100.0, "percent_statements_covered_display": "100", "num_branches": 0, "num_partial_branches": 0, "covered_branches": 0, "missing_branches": 0, "percent_branches_covered": 100.0, "percent_branches_covered_display": "100"}, "missing_lines": [], "excluded_lines": [], "start_line": 133, "executed_branches": [], "missing_branches": []}, "AgentSubmitRequest": {"executed_lines": [], "summary": {"covered_lines": 0, "num_statements": 0, "percent_covered": 100.0, "percent_covered_display": "100", "missing_lines": 0, "excluded_lines": 0, "percent_statements_covered": 100.0, "percent_statements_covered_display": "100", "num_branches": 0, "num_partial_branches": 0, "covered_branches": 0, "missing_branches": 0, "percent_branches_covered": 100.0, "percent_branches_covered_display": "100"}, "missing_lines": [], "excluded_lines": [], "start_line": 139, "executed_branches": [], "missing_branches": []}, "AgentCancelRequest": {"executed_lines": [], "summary": {"covered_lines": 0, "num_statements": 0, "percent_covered": 100.0, "percent_covered_display": "100", "missing_lines": 0, "excluded_lines": 0, "percent_statements_covered": 100.0, "percent_statements_covered_display": "100", "num_branches": 0, "num_partial_branches": 0, "covered_branches": 0, "missing_branches": 0, "percent_branches_covered": 100.0, "percent_branches_covered_display": "100"}, "missing_lines": [], "excluded_lines": [], "start_line": 147, "executed_branches": [], "missing_branches": []}, "AuthLoginRequest": {"executed_lines": [], "summary": {"covered_lines": 0, "num_statements": 0, "percent_covered": 100.0, "percent_covered_display": "100", "missing_lines": 0, "excluded_lines": 0, "percent_statements_covered": 100.0, "percent_statements_covered_display": "100", "num_branches": 0, "num_partial_branches": 0, "covered_branches": 0, "missing_branches": 0, "percent_branches_covered": 100.0, "percent_branches_covered_display": "100"}, "missing_lines": [], "excluded_lines": [], "start_line": 153, "executed_branches": [], "missing_branches": []}, "AuthLogoutRequest": {"executed_lines": [], "summary": {"covered_lines": 0, "num_statements": 0, "percent_covered": 100.0, "percent_covered_display": "100", "missing_lines": 0, "excluded_lines": 0, "percent_statements_covered": 100.0, "percent_statements_covered_display": "100", "num_branches": 0, "num_partial_branches": 0, "covered_branches": 0, "missing_branches": 0, "percent_branches_covered": 100.0, "percent_branches_covered_display": "100"}, "missing_lines": [], "excluded_lines": [], "start_line": 160, "executed_branches": [], "missing_branches": []}, "SentinelServer": {"executed_lines": [184, 185, 186, 187, 188, 190, 195, 196, 197, 198, 199, 200, 205, 206, 207, 209, 210, 212, 213, 215, 225, 226, 227, 228, 229, 231, 237, 244, 245, 249, 250, 251, 255, 256, 257, 258, 259, 260, 261, 262, 263, 264, 265, 266, 267, 268, 269, 270, 274, 275, 276, 277, 278, 279, 280, 281, 282, 283, 284, 285, 286, 287, 288, 289, 290, 291, 295, 296, 297, 298, 299, 300, 301, 302, 303, 304, 305, 306, 307, 314, 315, 316, 318, 319, 320, 321, 322, 324, 326, 328, 329, 330, 331, 332, 341, 342, 343, 345, 346, 348, 353, 354, 355, 357, 358, 359, 360, 361, 362, 363, 364, 366, 368, 369, 370, 371, 372, 373, 374, 375, 376, 381, 382, 383, 384, 385, 392, 393, 394, 395, 396, 397, 402, 403, 404, 410, 415, 416, 417, 418, 419, 420, 425, 426, 427, 428, 429, 430, 435, 436, 437, 438, 439, 440, 445, 447, 448, 449, 450, 455, 456, 458, 459, 460, 461, 462, 463, 464, 465, 468, 469, 470, 471, 479, 480, 481, 483, 484, 485, 486, 487, 489, 495, 496, 497, 498, 500, 501, 502, 503, 504, 505, 506, 517, 518, 519, 521, 522, 523, 530, 531, 532, 538, 539, 540, 541, 542, 543, 544, 545, 551, 552, 553, 554, 555, 556, 557, 558, 559, 560, 561, 562, 563, 564, 565, 566, 567, 568, 569, 570, 578, 579, 580, 582, 583, 584, 585, 586, 592, 593, 594, 595, 597, 598, 599, 600, 601, 602, 603, 615, 616, 617, 618, 624, 625, 626, 627, 628, 629, 630, 631, 637, 638, 639, 640, 641, 642, 643, 644, 650, 651, 652, 653, 654, 655, 656, 662, 663, 664, 665, 666, 671, 672, 673, 679, 680, 681, 682, 683, 684, 685, 686, 692, 693, 694, 695, 696, 697, 698, 699, 700, 708, 709, 710, 711, 717, 718, 719, 720, 721, 726, 727, 728, 734, 735, 736, 737, 738, 739, 740, 741, 747, 748, 749, 750, 751, 752, 753, 754, 755, 756, 765, 766, 768, 769, 770, 772, 773, 774, 775, 777, 778, 779, 780, 781, 782, 783, 784, 785, 786, 787, 793, 794, 795, 796, 797, 798, 799, 800, 801, 807, 808, 809, 810, 811, 812, 813, 814, 820, 821, 822, 823, 824, 825, 828, 829, 830, 831, 837, 838, 839, 840, 841, 842, 843, 844, 851, 852, 856, 857, 858, 859, 862, 863, 864, 865, 866, 867, 868, 869, 870, 871, 872, 873, 874, 875, 878, 880, 881, 882, 883, 885, 886, 887, 888, 889, 890, 891, 892, 893, 894, 895, 896, 897, 898, 899, 900, 901, 903, 904, 905, 906, 907, 908, 909, 910, 911, 912, 913, 914, 915, 917, 918, 919, 929, 930, 931, 933, 934, 935, 937, 938, 939, 946, 947, 948, 956, 957, 961, 966, 967, 977, 978, 979, 980, 981, 982, 990, 991, 992, 993, 994, 995, 1002, 1003, 1004, 1012, 1013, 1014, 1015, 1016], "summary": {"covered_lines": 481, "num_statements": 481, "percent_covered": 100.0, "percent_covered_display": "100", "missing_lines": 0, "excluded_lines": 0, "percent_statements_covered": 100.0, "percent_statements_covered_display": "100", "num_branches": 102, "num_partial_branches": 0, "covered_branches": 102, "missing_branches": 0, "percent_branches_covered": 100.0, "percent_branches_covered_display": "100"}, "missing_lines": [], "excluded_lines": [], "start_line": 169, "executed_branches": [[196, 197], [196, 198], [199, -194], [199, 200], [226, 227], [226, 228], [228, 229], [228, 231], [315, 316], [315, 318], [319, 320], [319, 321], [321, 322], [321, 324], [358, 359], [358, 366], [363, 364], [363, 368], [382, 383], [382, 385], [403, 404], [403, 410], [448, 449], [448, 450], [459, 460], [459, 461], [469, 470], [469, 471], [496, 497], [496, 498], [539, 540], [539, 541], [552, 553], [552, 554], [593, 594], [593, 595], [616, 617], [616, 618], [625, 626], [625, 627], [638, 639], [638, 640], [651, 652], [651, 653], [663, 664], [663, 665], [680, 681], [680, 682], [693, 694], [693, 695], [709, 710], [709, 711], [718, 719], [718, 720], [735, 736], [735, 737], [748, 749], [748, 750], [754, 755], [754, 756], [765, 766], [765, 768], [773, 774], [773, 775], [781, 782], [781, 783], [794, 795], [794, 796], [808, 809], [808, 810], [821, 822], [821, 823], [838, 839], [838, 840], [857, 858], [857, 859], [865, 866], [865, 871], [871, -861], [871, 872], [873, -861], [873, 874], [874, 873], [874, 875], [886, 887], [886, 903], [912, 906], [912, 913], [918, -877], [918, 919], [930, 931], [930, 933], [934, 935], [934, 937], [937, 938], [937, 939], [979, 980], [979, 981], [992, 993], [992, 994], [1014, 1015], [1014, 1016]], "missing_branches": []}, "": {"executed_lines": [20, 21, 22, 23, 24, 25, 26, 27, 28, 29, 31, 32, 33, 35, 36, 37, 38, 39, 40, 42, 47, 53, 57, 58, 61, 67, 70, 71, 72, 73, 74, 77, 81, 84, 87, 90, 93, 94, 97, 101, 104, 109, 110, 113, 119, 125, 128, 130, 133, 139, 143, 144, 147, 153, 160, 169, 177, 194, 202, 247, 253, 272, 293, 311, 350, 378, 389, 399, 412, 422, 432, 442, 452, 467, 475, 491, 513, 534, 547, 574, 588, 611, 620, 633, 646, 658, 675, 688, 704, 713, 730, 743, 758, 789, 803, 816, 833, 848, 854, 861, 877, 921, 922, 943, 950, 963, 969, 984, 997, 1006], "summary": {"covered_lines": 110, "num_statements": 110, "percent_covered": 100.0, "percent_covered_display": "100", "missing_lines": 0, "excluded_lines": 0, "percent_statements_covered": 100.0, "percent_statements_covered_display": "100", "num_branches": 0, "num_partial_branches": 0, "covered_branches": 0, "missing_branches": 0, "percent_branches_covered": 100.0, "percent_branches_covered_display": "100"}, "missing_lines": [], "excluded_lines": [], "start_line": 1, "executed_branches": [], "missing_branches": []}}}, "core/__init__.py": {"executed_lines": [3, 5], "summary": {"covered_lines": 2, "num_statements": 2, "percent_covered": 100.0, "percent_covered_display": "100", "missing_lines": 0, "excluded_lines": 0, "percent_statements_covered": 100.0, "percent_statements_covered_display": "100", "num_branches": 0, "num_partial_branches": 0, "covered_branches": 0, "missing_branches": 0, "percent_branches_covered": 100.0, "percent_branches_covered_display": "100"}, "missing_lines": [], "excluded_lines": [], "executed_branches": [], "missing_branches": [], "functions": {"": {"executed_lines": [3, 5], "summary": {"covered_lines": 2, "num_statements": 2, "percent_covered": 100.0, "percent_covered_display": "100", "missing_lines": 0, "excluded_lines": 0, "percent_statements_covered": 100.0, "percent_statements_covered_display": "100", "num_branches": 0, "num_partial_branches": 0, "covered_branches": 0, "missing_branches": 0, "percent_branches_covered": 100.0, "percent_branches_covered_display": "100"}, "missing_lines": [], "excluded_lines": [], "start_line": 1, "executed_branches": [], "missing_branches": []}}, "classes": {"": {"executed_lines": [3, 5], "summary": {"covered_lines": 2, "num_statements": 2, "percent_covered": 100.0, "percent_covered_display": "100", "missing_lines": 0, "excluded_lines": 0, "percent_statements_covered": 100.0, "percent_statements_covered_display": "100", "num_branches": 0, "num_partial_branches": 0, "covered_branches": 0, "missing_branches": 0, "percent_branches_covered": 100.0, "percent_branches_covered_display": "100"}, "missing_lines": [], "excluded_lines": [], "start_line": 1, "executed_branches": [], "missing_branches": []}}}, "core/action_executor.py": {"executed_lines": [8, 9, 10, 11, 13, 14, 15, 16, 17, 18, 19, 21, 24, 40, 63, 66, 88, 89, 90, 91, 92, 95, 96, 97, 99, 100, 107, 109, 123, 124, 126, 127, 128, 129, 130, 131, 133, 135, 136, 137, 138, 140, 141, 142, 144, 146, 147, 148, 149, 150, 152, 156, 157, 158, 159, 160, 161, 162, 163, 167, 168, 169, 170, 171, 173, 175, 176, 178, 181, 182, 183, 184, 186, 187, 188, 189, 190, 191, 192, 194, 200, 201, 203, 205, 211, 212, 217, 223, 224, 225, 227, 228, 229, 230, 232, 233, 240, 241, 242, 248, 253, 254, 255, 256, 257, 258, 259, 260, 261, 266, 267, 274, 275, 276, 277, 283, 284, 286, 292, 293, 299, 310, 311, 312, 313, 314, 315, 316, 318, 319, 320, 321, 326, 334, 335, 336, 341, 342, 343, 349, 351, 352, 353, 354, 359, 360, 361, 362, 366, 367, 368, 376, 390, 391, 398, 399, 404, 405, 406, 412, 420, 421, 422, 423, 424, 425, 426, 427, 433, 434, 435, 443, 447, 448, 449, 450, 456, 469, 470, 471, 477, 490, 491, 496, 497, 503, 504, 505, 506, 507, 513, 521, 522, 523, 524, 525, 526, 527, 528, 529, 530, 531, 532, 533, 534, 535, 536, 537, 538, 539, 540, 541, 542, 543, 544, 545, 546, 547, 552, 553, 554, 561, 565, 566, 567, 568, 569, 570, 571, 572, 576, 577, 581, 582, 588, 591, 592, 597, 598, 599, 600, 601, 602, 603, 604, 605, 606, 608, 609, 610, 615, 616, 618, 620, 621, 622, 623, 624, 625, 626, 627, 628, 634, 636, 637, 638, 639, 640, 641, 642, 643, 644, 646, 658, 659, 660, 661, 662, 664, 665, 667, 668, 669, 671, 672, 673, 674, 675, 676, 677, 679, 680, 681, 682, 683, 684, 685, 686, 687, 691, 692, 693, 694, 695, 696, 697, 699, 701, 702, 703, 704, 705, 707, 709, 710, 711, 716, 717, 723, 725, 726, 727, 728, 733, 738, 739, 745, 747, 749, 751, 752, 753, 754, 755, 756, 758, 760, 761, 762, 763, 768, 769, 770, 776, 778, 779, 781, 782, 783, 784, 792, 793, 795, 796, 802, 806, 807, 809, 810, 811, 814, 821, 822, 824, 825, 831, 835, 836, 838, 839, 840, 841, 848, 849, 855, 857, 858, 859, 860, 861, 862, 863, 869, 874, 875, 876, 879, 881, 882, 887, 892, 893, 895, 896, 898, 900, 901, 902, 907, 908, 909, 913, 914, 920, 926, 927, 928, 929, 932, 933, 934, 935, 936, 937, 938, 939, 941, 942, 943, 949, 955, 956, 962, 964, 965, 966, 967, 968, 974, 976, 977, 978, 979, 980, 986, 988, 989, 990, 991, 992, 993, 998, 999, 1005, 1007, 1008, 1009, 1010, 1011, 1017, 1019, 1020, 1021, 1022, 1023, 1024, 1025, 1031, 1033, 1034, 1035, 1036, 1037, 1043, 1045, 1046, 1047, 1048, 1049, 1055, 1057, 1058, 1059, 1060, 1061, 1067, 1069, 1070, 1071, 1072, 1073, 1079, 1081, 1082, 1083, 1084, 1085, 1091, 1093, 1094, 1095, 1096, 1100, 1101, 1107, 1109, 1110, 1112, 1114, 1116, 1118, 1119, 1121, 1122, 1123, 1129, 1130, 1136, 1138, 1139, 1141, 1142, 1143, 1150, 1151, 1154, 1204, 1206, 1207, 1208, 1209, 1210, 1211, 1214, 1217, 1218, 1219, 1220, 1221, 1224, 1226, 1227, 1228, 1229, 1230, 1231, 1233, 1234], "summary": {"covered_lines": 538, "num_statements": 538, "percent_covered": 100.0, "percent_covered_display": "100", "missing_lines": 0, "excluded_lines": 0, "percent_statements_covered": 100.0, "percent_statements_covered_display": "100", "num_branches": 122, "num_partial_branches": 0, "covered_branches": 122, "missing_branches": 0, "percent_branches_covered": 100.0, "percent_branches_covered_display": "100"}, "missing_lines": [], "excluded_lines": [], "executed_branches": [[126, 127], [126, 133], [128, 129], [128, 133], [135, 136], [135, 140], [146, -144], [146, 147], [157, 158], [157, 159], [160, 161], [160, 162], [181, 182], [181, 186], [187, 188], [187, 194], [227, 228], [227, 232], [228, 229], [228, 232], [255, 256], [255, 274], [259, 260], [259, 266], [260, 261], [260, 266], [276, 277], [276, 286], [311, 312], [311, 314], [314, 315], [314, 318], [320, 321], [320, 326], [334, 335], [334, 341], [353, 354], [353, 359], [360, 361], [360, 366], [398, 399], [398, 404], [420, 421], [420, 435], [423, 424], [423, 435], [449, 450], [449, 456], [490, 491], [490, 496], [503, 504], [503, 505], [524, 525], [524, 536], [527, 528], [527, 530], [530, 531], [530, 533], [533, 524], [533, 534], [536, 537], [536, 554], [566, 567], [566, 576], [568, 569], [568, 576], [571, 572], [571, 576], [591, 592], [591, 597], [597, 598], [597, 600], [598, 599], [598, 600], [621, 622], [621, 624], [622, 623], [622, 624], [637, 638], [637, 640], [638, 639], [638, 640], [662, 664], [662, 693], [680, 681], [680, 686], [727, 728], [727, 733], [762, 763], [762, 768], [859, 860], [859, 861], [875, 876], [875, 879], [901, 902], [901, 907], [928, 929], [928, 932], [935, 936], [935, 939], [937, 935], [937, 938], [939, 941], [939, 949], [942, 943], [942, 949], [990, 991], [990, 993], [1021, 1022], [1021, 1023], [1207, 1208], [1207, 1209], [1218, 1219], [1218, 1221], [1219, 1218], [1219, 1220], [1227, 1228], [1227, 1234], [1228, 1229], [1228, 1230], [1230, 1231], [1230, 1233]], "missing_branches": [], "functions": {"ActionExecutor.__init__": {"executed_lines": [88, 89, 90, 91, 92, 95, 96, 97], "summary": {"covered_lines": 8, "num_statements": 8, "percent_covered": 100.0, "percent_covered_display": "100", "missing_lines": 0, "excluded_lines": 0, "percent_statements_covered": 100.0, "percent_statements_covered_display": "100", "num_branches": 0, "num_partial_branches": 0, "covered_branches": 0, "missing_branches": 0, "percent_branches_covered": 100.0, "percent_branches_covered_display": "100"}, "missing_lines": [], "excluded_lines": [], "start_line": 66, "executed_branches": [], "missing_branches": []}, "ActionExecutor.log": {"executed_lines": [107], "summary": {"covered_lines": 1, "num_statements": 1, "percent_covered": 100.0, "percent_covered_display": "100", "missing_lines": 0, "excluded_lines": 0, "percent_statements_covered": 100.0, "percent_statements_covered_display": "100", "num_branches": 0, "num_partial_branches": 0, "covered_branches": 0, "missing_branches": 0, "percent_branches_covered": 100.0, "percent_branches_covered_display": "100"}, "missing_lines": [], "excluded_lines": [], "start_line": 100, "executed_branches": [], "missing_branches": []}, "ActionExecutor.execute": {"executed_lines": [123, 124, 126, 127, 128, 129, 130, 131, 133, 135, 136, 137, 138, 140, 141, 142], "summary": {"covered_lines": 16, "num_statements": 16, "percent_covered": 100.0, "percent_covered_display": "100", "missing_lines": 0, "excluded_lines": 0, "percent_statements_covered": 100.0, "percent_statements_covered_display": "100", "num_branches": 6, "num_partial_branches": 0, "covered_branches": 6, "missing_branches": 0, "percent_branches_covered": 100.0, "percent_branches_covered_display": "100"}, "missing_lines": [], "excluded_lines": [], "start_line": 109, "executed_branches": [[126, 127], [126, 133], [128, 129], [128, 133], [135, 136], [135, 140]], "missing_branches": []}, "ActionExecutor._fire_pre_action_hook": {"executed_lines": [146, 147, 148, 149, 150], "summary": {"covered_lines": 5, "num_statements": 5, "percent_covered": 100.0, "percent_covered_display": "100", "missing_lines": 0, "excluded_lines": 0, "percent_statements_covered": 100.0, "percent_statements_covered_display": "100", "num_branches": 2, "num_partial_branches": 0, "covered_branches": 2, "missing_branches": 0, "percent_branches_covered": 100.0, "percent_branches_covered_display": "100"}, "missing_lines": [], "excluded_lines": [], "start_line": 144, "executed_branches": [[146, -144], [146, 147]], "missing_branches": []}, "ActionExecutor._dispatch_action_async": {"executed_lines": [156, 157, 158, 159, 160, 161, 162, 163, 167, 168, 169, 170, 171], "summary": {"covered_lines": 13, "num_statements": 13, "percent_covered": 100.0, "percent_covered_display": "100", "missing_lines": 0, "excluded_lines": 0, "percent_statements_covered": 100.0, "percent_statements_covered_display": "100", "num_branches": 4, "num_partial_branches": 0, "covered_branches": 4, "missing_branches": 0, "percent_branches_covered": 100.0, "percent_branches_covered_display": "100"}, "missing_lines": [], "excluded_lines": [], "start_line": 152, "executed_branches": [[157, 158], [157, 159], [160, 161], [160, 162]], "missing_branches": []}, "ActionExecutor.execute_sync": {"executed_lines": [175, 176, 178, 181, 182, 183, 184, 186, 187, 188, 189, 190, 191, 192, 194, 200, 201], "summary": {"covered_lines": 17, "num_statements": 17, "percent_covered": 100.0, "percent_covered_display": "100", "missing_lines": 0, "excluded_lines": 0, "percent_statements_covered": 100.0, "percent_statements_covered_display": "100", "num_branches": 4, "num_partial_branches": 0, "covered_branches": 4, "missing_branches": 0, "percent_branches_covered": 100.0, "percent_branches_covered_display": "100"}, "missing_lines": [], "excluded_lines": [], "start_line": 173, "executed_branches": [[181, 182], [181, 186], [187, 188], [187, 194]], "missing_branches": []}, "ActionExecutor._log_entry": {"executed_lines": [205, 211, 212], "summary": {"covered_lines": 3, "num_statements": 3, "percent_covered": 100.0, "percent_covered_display": "100", "missing_lines": 0, "excluded_lines": 0, "percent_statements_covered": 100.0, "percent_statements_covered_display": "100", "num_branches": 0, "num_partial_branches": 0, "covered_branches": 0, "missing_branches": 0, "percent_branches_covered": 100.0, "percent_branches_covered_display": "100"}, "missing_lines": [], "excluded_lines": [], "start_line": 203, "executed_branches": [], "missing_branches": []}, "ActionExecutor._click": {"executed_lines": [223, 224, 225, 227, 228, 229, 230, 232, 233, 240, 241, 242], "summary": {"covered_lines": 12, "num_statements": 12, "percent_covered": 100.0, "percent_covered_display": "100", "missing_lines": 0, "excluded_lines": 0, "percent_statements_covered": 100.0, "percent_statements_covered_display": "100", "num_branches": 4, "num_partial_branches": 0, "covered_branches": 4, "missing_branches": 0, "percent_branches_covered": 100.0, "percent_branches_covered_display": "100"}, "missing_lines": [], "excluded_lines": [], "start_line": 217, "executed_branches": [[227, 228], [227, 232], [228, 229], [228, 232]], "missing_branches": []}, "ActionExecutor._click_text": {"executed_lines": [253, 254, 255, 256, 257, 258, 259, 260, 261, 266, 267, 274, 275, 276, 277, 283, 284, 286, 292, 293], "summary": {"covered_lines": 20, "num_statements": 20, "percent_covered": 100.0, "percent_covered_display": "100", "missing_lines": 0, "excluded_lines": 0, "percent_statements_covered": 100.0, "percent_statements_covered_display": "100", "num_branches": 8, "num_partial_branches": 0, "covered_branches": 8, "missing_branches": 0, "percent_branches_covered": 100.0, "percent_branches_covered_display": "100"}, "missing_lines": [], "excluded_lines": [], "start_line": 248, "executed_branches": [[255, 256], [255, 274], [259, 260], [259, 266], [260, 261], [260, 266], [276, 277], [276, 286]], "missing_branches": []}, "ActionExecutor._read_text": {"executed_lines": [310, 311, 312, 313, 314, 315, 316, 318, 319, 320, 321, 326, 334, 335, 336, 341, 342, 343], "summary": {"covered_lines": 18, "num_statements": 18, "percent_covered": 100.0, "percent_covered_display": "100", "missing_lines": 0, "excluded_lines": 0, "percent_statements_covered": 100.0, "percent_statements_covered_display": "100", "num_branches": 8, "num_partial_branches": 0, "covered_branches": 8, "missing_branches": 0, "percent_branches_covered": 100.0, "percent_branches_covered_display": "100"}, "missing_lines": [], "excluded_lines": [], "start_line": 299, "executed_branches": [[311, 312], [311, 314], [314, 315], [314, 318], [320, 321], [320, 326], [334, 335], [334, 341]], "missing_branches": []}, "ActionExecutor._read_window": {"executed_lines": [351, 352, 353, 354, 359, 360, 361, 362, 366, 367, 368], "summary": {"covered_lines": 11, "num_statements": 11, "percent_covered": 100.0, "percent_covered_display": "100", "missing_lines": 0, "excluded_lines": 0, "percent_statements_covered": 100.0, "percent_statements_covered_display": "100", "num_branches": 4, "num_partial_branches": 0, "covered_branches": 4, "missing_branches": 0, "percent_branches_covered": 100.0, "percent_branches_covered_display": "100"}, "missing_lines": [], "excluded_lines": [], "start_line": 349, "executed_branches": [[353, 354], [353, 359], [360, 361], [360, 366]], "missing_branches": []}, "ActionExecutor._click_control": {"executed_lines": [390, 391, 398, 399, 404, 405, 406], "summary": {"covered_lines": 7, "num_statements": 7, "percent_covered": 100.0, "percent_covered_display": "100", "missing_lines": 0, "excluded_lines": 0, "percent_statements_covered": 100.0, "percent_statements_covered_display": "100", "num_branches": 2, "num_partial_branches": 0, "covered_branches": 2, "missing_branches": 0, "percent_branches_covered": 100.0, "percent_branches_covered_display": "100"}, "missing_lines": [], "excluded_lines": [], "start_line": 376, "executed_branches": [[398, 399], [398, 404]], "missing_branches": []}, "ActionExecutor._click_control_ocr_fallback": {"executed_lines": [420, 421, 422, 423, 424, 425, 426, 427, 433, 434, 435], "summary": {"covered_lines": 11, "num_statements": 11, "percent_covered": 100.0, "percent_covered_display": "100", "missing_lines": 0, "excluded_lines": 0, "percent_statements_covered": 100.0, "percent_statements_covered_display": "100", "num_branches": 4, "num_partial_branches": 0, "covered_branches": 4, "missing_branches": 0, "percent_branches_covered": 100.0, "percent_branches_covered_display": "100"}, "missing_lines": [], "excluded_lines": [], "start_line": 412, "executed_branches": [[420, 421], [420, 435], [423, 424], [423, 435]], "missing_branches": []}, "ActionExecutor._list_controls": {"executed_lines": [447, 448, 449, 450, 456, 469, 470, 471], "summary": {"covered_lines": 8, "num_statements": 8, "percent_covered": 100.0, "percent_covered_display": "100", "missing_lines": 0, "excluded_lines": 0, "percent_statements_covered": 100.0, "percent_statements_covered_display": "100", "num_branches": 2, "num_partial_branches": 0, "covered_branches": 2, "missing_branches": 0, "percent_branches_covered": 100.0, "percent_branches_covered_display": "100"}, "missing_lines": [], "excluded_lines": [], "start_line": 443, "executed_branches": [[449, 450], [449, 456]], "missing_branches": []}, "ActionExecutor._set_text": {"executed_lines": [490, 491, 496, 497, 503, 504, 505, 506, 507], "summary": {"covered_lines": 9, "num_statements": 9, "percent_covered": 100.0, "percent_covered_display": "100", "missing_lines": 0, "excluded_lines": 0, "percent_statements_covered": 100.0, "percent_statements_covered_display": "100", "num_branches": 4, "num_partial_branches": 0, "covered_branches": 4, "missing_branches": 0, "percent_branches_covered": 100.0, "percent_branches_covered_display": "100"}, "missing_lines": [], "excluded_lines": [], "start_line": 477, "executed_branches": [[490, 491], [490, 496], [503, 504], [503, 505]], "missing_branches": []}, "ActionExecutor._set_text_click_fallback": {"executed_lines": [521, 522, 523, 524, 525, 526, 527, 528, 529, 530, 531, 532, 533, 534, 535, 536, 537, 538, 539, 540, 541, 542, 543, 544, 545, 546, 547, 552, 553, 554], "summary": {"covered_lines": 30, "num_statements": 30, "percent_covered": 100.0, "percent_covered_display": "100", "missing_lines": 0, "excluded_lines": 0, "percent_statements_covered": 100.0, "percent_statements_covered_display": "100", "num_branches": 10, "num_partial_branches": 0, "covered_branches": 10, "missing_branches": 0, "percent_branches_covered": 100.0, "percent_branches_covered_display": "100"}, "missing_lines": [], "excluded_lines": [], "start_line": 513, "executed_branches": [[524, 525], [524, 536], [527, 528], [527, 530], [530, 531], [530, 533], [533, 524], [533, 534], [536, 537], [536, 554]], "missing_branches": []}, "ActionExecutor._click_image": {"executed_lines": [565, 566, 567, 568, 569, 570, 571, 572, 576, 577, 581, 582], "summary": {"covered_lines": 12, "num_statements": 12, "percent_covered": 100.0, "percent_covered_display": "100", "missing_lines": 0, "excluded_lines": 0, "percent_statements_covered": 100.0, "percent_statements_covered_display": "100", "num_branches": 6, "num_partial_branches": 0, "covered_branches": 6, "missing_branches": 0, "percent_branches_covered": 100.0, "percent_branches_covered_display": "100"}, "missing_lines": [], "excluded_lines": [], "start_line": 561, "executed_branches": [[566, 567], [566, 576], [568, 569], [568, 576], [571, 572], [571, 576]], "missing_branches": []}, "ActionExecutor._type_text": {"executed_lines": [591, 592, 597, 598, 599, 600, 601, 602, 603, 604, 605, 606, 608, 609, 610, 615, 616], "summary": {"covered_lines": 17, "num_statements": 17, "percent_covered": 100.0, "percent_covered_display": "100", "missing_lines": 0, "excluded_lines": 0, "percent_statements_covered": 100.0, "percent_statements_covered_display": "100", "num_branches": 6, "num_partial_branches": 0, "covered_branches": 6, "missing_branches": 0, "percent_branches_covered": 100.0, "percent_branches_covered_display": "100"}, "missing_lines": [], "excluded_lines": [], "start_line": 588, "executed_branches": [[591, 592], [591, 597], [597, 598], [597, 600], [598, 599], [598, 600]], "missing_branches": []}, "ActionExecutor._press_key": {"executed_lines": [620, 621, 622, 623, 624, 625, 626, 627, 628], "summary": {"covered_lines": 9, "num_statements": 9, "percent_covered": 100.0, "percent_covered_display": "100", "missing_lines": 0, "excluded_lines": 0, "percent_statements_covered": 100.0, "percent_statements_covered_display": "100", "num_branches": 4, "num_partial_branches": 0, "covered_branches": 4, "missing_branches": 0, "percent_branches_covered": 100.0, "percent_branches_covered_display": "100"}, "missing_lines": [], "excluded_lines": [], "start_line": 618, "executed_branches": [[621, 622], [621, 624], [622, 623], [622, 624]], "missing_branches": []}, "ActionExecutor._hotkey": {"executed_lines": [636, 637, 638, 639, 640, 641, 642, 643, 644], "summary": {"covered_lines": 9, "num_statements": 9, "percent_covered": 100.0, "percent_covered_display": "100", "missing_lines": 0, "excluded_lines": 0, "percent_statements_covered": 100.0, "percent_statements_covered_display": "100", "num_branches": 4, "num_partial_branches": 0, "covered_branches": 4, "missing_branches": 0, "percent_branches_covered": 100.0, "percent_branches_covered_display": "100"}, "missing_lines": [], "excluded_lines": [], "start_line": 634, "executed_branches": [[637, 638], [637, 640], [638, 639], [638, 640]], "missing_branches": []}, "ActionExecutor._drag": {"executed_lines": [658, 659, 660, 661, 662, 664, 665, 667, 668, 669, 671, 672, 673, 674, 675, 676, 677, 679, 680, 681, 682, 683, 684, 685, 686, 687, 691, 692, 693, 694, 695, 696, 697], "summary": {"covered_lines": 33, "num_statements": 33, "percent_covered": 100.0, "percent_covered_display": "100", "missing_lines": 0, "excluded_lines": 0, "percent_statements_covered": 100.0, "percent_statements_covered_display": "100", "num_branches": 4, "num_partial_branches": 0, "covered_branches": 4, "missing_branches": 0, "percent_branches_covered": 100.0, "percent_branches_covered_display": "100"}, "missing_lines": [], "excluded_lines": [], "start_line": 646, "executed_branches": [[662, 664], [662, 693], [680, 681], [680, 686]], "missing_branches": []}, "ActionExecutor._scroll": {"executed_lines": [701, 702, 703, 704, 705], "summary": {"covered_lines": 5, "num_statements": 5, "percent_covered": 100.0, "percent_covered_display": "100", "missing_lines": 0, "excluded_lines": 0, "percent_statements_covered": 100.0, "percent_statements_covered_display": "100", "num_branches": 0, "num_partial_branches": 0, "covered_branches": 0, "missing_branches": 0, "percent_branches_covered": 100.0, "percent_branches_covered_display": "100"}, "missing_lines": [], "excluded_lines": [], "start_line": 699, "executed_branches": [], "missing_branches": []}, "ActionExecutor._screenshot": {"executed_lines": [709, 710, 711, 716, 717], "summary": {"covered_lines": 5, "num_statements": 5, "percent_covered": 100.0, "percent_covered_display": "100", "missing_lines": 0, "excluded_lines": 0, "percent_statements_covered": 100.0, "percent_statements_covered_display": "100", "num_branches": 0, "num_partial_branches": 0, "covered_branches": 0, "missing_branches": 0, "percent_branches_covered": 100.0, "percent_branches_covered_display": "100"}, "missing_lines": [], "excluded_lines": [], "start_line": 707, "executed_branches": [], "missing_branches": []}, "ActionExecutor._find_image": {"executed_lines": [725, 726, 727, 728, 733, 738, 739], "summary": {"covered_lines": 7, "num_statements": 7, "percent_covered": 100.0, "percent_covered_display": "100", "missing_lines": 0, "excluded_lines": 0, "percent_statements_covered": 100.0, "percent_statements_covered_display": "100", "num_branches": 2, "num_partial_branches": 0, "covered_branches": 2, "missing_branches": 0, "percent_branches_covered": 100.0, "percent_branches_covered_display": "100"}, "missing_lines": [], "excluded_lines": [], "start_line": 723, "executed_branches": [[727, 728], [727, 733]], "missing_branches": []}, "ActionExecutor._wait": {"executed_lines": [747, 749, 751, 752, 753, 754, 755, 756], "summary": {"covered_lines": 8, 
[...]
s_covered": 100.0, "percent_branches_covered_display": "100"}, "missing_lines": [], "excluded_lines": [], "start_line": 324, "executed_branches": [[327, 328], [327, 329], [329, 330], [329, 333], [333, 334], [333, 335], [335, 336], [335, 337], [337, 338], [337, 339], [339, 340], [339, 341], [341, 342], [341, 343]], "missing_branches": []}, "WorkflowsTab._render_variables": {"executed_lines": [349, 350, 351, 353, 354, 360, 362, 363, 364, 372, 380, 381, 382], "summary": {"covered_lines": 13, "num_statements": 13, "percent_covered": 100.0, "percent_covered_display": "100", "missing_lines": 0, "excluded_lines": 0, "percent_statements_covered": 100.0, "percent_statements_covered_display": "100", "num_branches": 6, "num_partial_branches": 0, "covered_branches": 6, "missing_branches": 0, "percent_branches_covered": 100.0, "percent_branches_covered_display": "100"}, "missing_lines": [], "excluded_lines": [], "start_line": 347, "executed_branches": [[350, 351], [350, 353], [353, 354], [353, 362], [363, -347], [363, 364]], "missing_branches": []}, "WorkflowsTab._collect_variables": {"executed_lines": [386], "summary": {"covered_lines": 1, "num_statements": 1, "percent_covered": 100.0, "percent_covered_display": "100", "missing_lines": 0, "excluded_lines": 0, "percent_statements_covered": 100.0, "percent_statements_covered_display": "100", "num_branches": 0, "num_partial_branches": 0, "covered_branches": 0, "missing_branches": 0, "percent_branches_covered": 100.0, "percent_branches_covered_display": "100"}, "missing_lines": [], "excluded_lines": [], "start_line": 384, "executed_branches": [], "missing_branches": []}, "WorkflowsTab.run_selected_workflow": {"executed_lines": [392, 393, 394, 395, 396, 398, 399, 400, 402, 403, 405, 421], "summary": {"covered_lines": 12, "num_statements": 12, "percent_covered": 100.0, "percent_covered_display": "100", "missing_lines": 0, "excluded_lines": 0, "percent_statements_covered": 100.0, "percent_statements_covered_display": "100", "num_branches": 4, "num_partial_branches": 0, "covered_branches": 4, "missing_branches": 0, "percent_branches_covered": 100.0, "percent_branches_covered_display": "100"}, "missing_lines": [], "excluded_lines": [], "start_line": 390, "executed_branches": [[392, 393], [392, 394], [394, 395], [394, 398]], "missing_branches": []}, "WorkflowsTab.run_selected_workflow._run": {"executed_lines": [406, 407, 408, 413, 414, 415, 416, 417, 418, 419], "summary": {"covered_lines": 10, "num_statements": 10, "percent_covered": 100.0, "percent_covered_display": "100", "missing_lines": 0, "excluded_lines": 0, "percent_statements_covered": 100.0, "percent_statements_covered_display": "100", "num_branches": 4, "num_partial_branches": 0, "covered_branches": 4, "missing_branches": 0, "percent_branches_covered": 100.0, "percent_branches_covered_display": "100"}, "missing_lines": [], "excluded_lines": [], "start_line": 405, "executed_branches": [[413, 414], [413, 415], [415, 416], [415, 418]], "missing_branches": []}, "WorkflowsTab._finish_run": {"executed_lines": [424, 425], "summary": {"covered_lines": 2, "num_statements": 2, "percent_covered": 100.0, "percent_covered_display": "100", "missing_lines": 0, "excluded_lines": 0, "percent_statements_covered": 100.0, "percent_statements_covered_display": "100", "num_branches": 0, "num_partial_branches": 0, "covered_branches": 0, "missing_branches": 0, "percent_branches_covered": 100.0, "percent_branches_covered_display": "100"}, "missing_lines": [], "excluded_lines": [], "start_line": 423, "executed_branches": [], "missing_branches": []}, "WorkflowsTab._new_workflow": {"executed_lines": [431, 432, 433, 434, 435, 441, 442, 443], "summary": {"covered_lines": 8, "num_statements": 8, "percent_covered": 100.0, "percent_covered_display": "100", "missing_lines": 0, "excluded_lines": 0, "percent_statements_covered": 100.0, "percent_statements_covered_display": "100", "num_branches": 0, "num_partial_branches": 0, "covered_branches": 0, "missing_branches": 0, "percent_branches_covered": 100.0, "percent_branches_covered_display": "100"}, "missing_lines": [], "excluded_lines": [], "start_line": 429, "executed_branches": [], "missing_branches": []}, "WorkflowsTab._append_output": {"executed_lines": [448, 449, 450, 451], "summary": {"covered_lines": 4, "num_statements": 4, "percent_covered": 100.0, "percent_covered_display": "100", "missing_lines": 0, "excluded_lines": 0, "percent_statements_covered": 100.0, "percent_statements_covered_display": "100", "num_branches": 0, "num_partial_branches": 0, "covered_branches": 0, "missing_branches": 0, "percent_branches_covered": 100.0, "percent_branches_covered_display": "100"}, "missing_lines": [], "excluded_lines": [], "start_line": 447, "executed_branches": [], "missing_branches": []}, "": {"executed_lines": [7, 8, 9, 10, 11, 13, 15, 17, 19, 21, 32, 35, 60, 107, 121, 135, 144, 156, 167, 183, 221, 237, 257, 287, 315, 323, 324, 347, 384, 390, 423, 429, 447], "summary": {"covered_lines": 33, "num_statements": 33, "percent_covered": 100.0, "percent_covered_display": "100", "missing_lines": 0, "excluded_lines": 0, "percent_statements_covered": 100.0, "percent_statements_covered_display": "100", "num_branches": 0, "num_partial_branches": 0, "covered_branches": 0, "missing_branches": 0, "percent_branches_covered": 100.0, "percent_branches_covered_display": "100"}, "missing_lines": [], "excluded_lines": [], "start_line": 1, "executed_branches": [], "missing_branches": []}}, "classes": {"WorkflowsTab": {"executed_lines": [42, 43, 44, 45, 46, 47, 48, 50, 51, 52, 54, 55, 56, 61, 62, 63, 64, 65, 66, 69, 70, 81, 82, 85, 97, 102, 103, 108, 109, 110, 111, 112, 113, 115, 116, 117, 118, 119, 123, 124, 128, 129, 133, 137, 138, 141, 142, 146, 147, 154, 158, 159, 163, 164, 165, 169, 170, 174, 179, 185, 186, 187, 194, 195, 196, 203, 204, 205, 206, 213, 214, 215, 216, 217, 218, 219, 223, 224, 225, 226, 227, 232, 233, 239, 241, 242, 243, 244, 245, 246, 247, 248, 250, 251, 252, 253, 254, 255, 259, 260, 261, 262, 263, 265, 268, 269, 270, 278, 285, 289, 290, 291, 292, 293, 300, 307, 308, 317, 318, 319, 320, 321, 326, 327, 328, 329, 330, 331, 332, 333, 334, 335, 336, 337, 338, 339, 340, 341, 342, 343, 349, 350, 351, 353, 354, 360, 362, 363, 364, 372, 380, 381, 382, 386, 392, 393, 394, 395, 396, 398, 399, 400, 402, 403, 405, 406, 407, 408, 413, 414, 415, 416, 417, 418, 419, 421, 424, 425, 431, 432, 433, 434, 435, 441, 442, 443, 448, 449, 450, 451], "summary": {"covered_lines": 190, "num_statements": 190, "percent_covered": 100.0, "percent_covered_display": "100", "missing_lines": 0, "excluded_lines": 0, "percent_statements_covered": 100.0, "percent_statements_covered_display": "100", "num_branches": 44, "num_partial_branches": 0, "covered_branches": 44, "missing_branches": 0, "percent_branches_covered": 100.0, "percent_branches_covered_display": "100"}, "missing_lines": [], "excluded_lines": [], "start_line": 32, "executed_branches": [[214, 215], [214, 216], [216, -183], [216, 217], [225, 226], [225, 227], [232, -221], [232, 233], [290, 291], [290, 307], [307, -287], [307, 308], [317, 318], [317, 319], [319, -315], [319, 320], [327, 328], [327, 329], [329, 330], [329, 333], [333, 334], [333, 335], [335, 336], [335, 337], [337, 338], [337, 339], [339, 340], [339, 341], [341, 342], [341, 343], [350, 351], [350, 353], [353, 354], [353, 362], [363, -347], [363, 364], [392, 393], [392, 394], [394, 395], [394, 398], [413, 414], [413, 415], [415, 416], [415, 418]], "missing_branches": []}, "": {"executed_lines": [7, 8, 9, 10, 11, 13, 15, 17, 19, 21, 32, 35, 60, 107, 121, 135, 144, 156, 167, 183, 221, 237, 257, 287, 315, 323, 324, 347, 384, 390, 423, 429, 447], "summary": {"covered_lines": 33, "num_statements": 33, "percent_covered": 100.0, "percent_covered_display": "100", "missing_lines": 0, "excluded_lines": 0, "percent_statements_covered": 100.0, "percent_statements_covered_display": "100", "num_branches": 0, "num_partial_branches": 0, "covered_branches": 0, "missing_branches": 0, "percent_branches_covered": 100.0, "percent_branches_covered_display": "100"}, "missing_lines": [], "excluded_lines": [], "start_line": 1, "executed_branches": [], "missing_branches": []}}}, "gui/themes.py": {"executed_lines": [10, 12, 13, 15, 20, 464, 466, 469, 471, 474, 476, 477, 478, 479, 481, 487, 488, 490], "summary": {"covered_lines": 18, "num_statements": 18, "percent_covered": 100.0, "percent_covered_display": "100", "missing_lines": 0, "excluded_lines": 0, "percent_statements_covered": 100.0, "percent_statements_covered_display": "100", "num_branches": 0, "num_partial_branches": 0, "covered_branches": 0, "missing_branches": 0, "percent_branches_covered": 100.0, "percent_branches_covered_display": "100"}, "missing_lines": [], "excluded_lines": [], "executed_branches": [], "missing_branches": [], "functions": {"get_theme": {"executed_lines": [466], "summary": {"covered_lines": 1, "num_statements": 1, "percent_covered": 100.0, "percent_covered_display": "100", "missing_lines": 0, "excluded_lines": 0, "percent_statements_covered": 100.0, "percent_statements_covered_display": "100", "num_branches": 0, "num_partial_branches": 0, "covered_branches": 0, "missing_branches": 0, "percent_branches_covered": 100.0, "percent_branches_covered_display": "100"}, "missing_lines": [], "excluded_lines": [], "start_line": 464, "executed_branches": [], "missing_branches": []}, "get_theme_names": {"executed_lines": [471], "summary": {"covered_lines": 1, "num_statements": 1, "percent_covered": 100.0, "percent_covered_display": "100", "missing_lines": 0, "excluded_lines": 0, "percent_statements_covered": 100.0, "percent_statements_covered_display": "100", "num_branches": 0, "num_partial_branches": 0, "covered_branches": 0, "missing_branches": 0, "percent_branches_covered": 100.0, "percent_branches_covered_display": "100"}, "missing_lines": [], "excluded_lines": [], "start_line": 469, "executed_branches": [], "missing_branches": []}, "apply_theme": {"executed_lines": [476, 477, 478, 479, 481, 487, 488, 490], "summary": {"covered_lines": 8, "num_statements": 8, "percent_covered": 100.0, "percent_covered_display": "100", "missing_lines": 0, "excluded_lines": 0, "percent_statements_covered": 100.0, "percent_statements_covered_display": "100", "num_branches": 0, "num_partial_branches": 0, "covered_branches": 0, "missing_branches": 0, "percent_branches_covered": 100.0, "percent_branches_covered_display": "100"}, "missing_lines": [], "excluded_lines": [], "start_line": 474, "executed_branches": [], "missing_branches": []}, "": {"executed_lines": [10, 12, 13, 15, 20, 464, 469, 474], "summary": {"covered_lines": 8, "num_statements": 8, "percent_covered": 100.0, "percent_covered_display": "100", "missing_lines": 0, "excluded_lines": 0, "percent_statements_covered": 100.0, "percent_statements_covered_display": "100", "num_branches": 0, "num_partial_branches": 0, "covered_branches": 0, "missing_branches": 0, "percent_branches_covered": 100.0, "percent_branches_covered_display": "100"}, "missing_lines": [], "excluded_lines": [], "start_line": 1, "executed_branches": [], "missing_branches": []}}, "classes": {"": {"executed_lines": [10, 12, 13, 15, 20, 464, 466, 469, 471, 474, 476, 477, 478, 479, 481, 487, 488, 490], "summary": {"covered_lines": 18, "num_statements": 18, "percent_covered": 100.0, "percent_covered_display": "100", "missing_lines": 0, "excluded_lines": 0, "percent_statements_covered": 100.0, "percent_statements_covered_display": "100", "num_branches": 0, "num_partial_branches": 0, "covered_branches": 0, "missing_branches": 0, "percent_branches_covered": 100.0, "percent_branches_covered_display": "100"}, "missing_lines": [], "excluded_lines": [], "start_line": 1, "executed_branches": [], "missing_branches": []}}}, "gui/tray.py": {"executed_lines": [19, 21, 22, 23, 24, 26, 28, 29, 30, 32, 33, 34, 35, 38, 40, 43, 45, 46, 47, 49, 51, 52, 56, 57, 60, 67, 82, 83, 84, 85, 86, 87, 89, 92, 93, 95, 96, 97, 98, 100, 102, 112, 119, 120, 121, 122, 123, 125, 126, 127, 129, 131, 132, 133, 134, 135, 136, 138, 140, 141, 142, 143, 144, 145], "summary": {"covered_lines": 64, "num_statements": 64, "percent_covered": 100.0, "percent_covered_display": "100", "missing_lines": 0, "excluded_lines": 0, "percent_statements_covered": 100.0, "percent_statements_covered_display": "100", "num_branches": 8, "num_partial_branches": 0, "covered_branches": 8, "missing_branches": 0, "percent_branches_covered": 100.0, "percent_branches_covered_display": "100"}, "missing_lines": [], "excluded_lines": [], "executed_branches": [[92, 93], [92, 95], [97, 98], [97, 100], [131, 132], [131, 133], [140, -138], [140, 141]], "missing_branches": [], "functions": {"is_available": {"executed_lines": [40], "summary": {"covered_lines": 1, "num_statements": 1, "percent_covered": 100.0, "percent_covered_display": "100", "missing_lines": 0, "excluded_lines": 0, "percent_statements_covered": 100.0, "percent_statements_covered_display": "100", "num_branches": 0, "num_partial_branches": 0, "covered_branches": 0, "missing_branches": 0, "percent_branches_covered": 100.0, "percent_branches_covered_display": "100"}, "missing_lines": [], "excluded_lines": [], "start_line": 38, "executed_branches": [], "missing_branches": []}, "_make_icon_image": {"executed_lines": [45, 46, 47, 49, 51, 52, 56, 57], "summary": {"covered_lines": 8, "num_statements": 8, "percent_covered": 100.0, "percent_covered_display": "100", "missing_lines": 0, "excluded_lines": 0, "percent_statements_covered": 100.0, "percent_statements_covered_display": "100", "num_branches": 0, "num_partial_branches": 0, "covered_branches": 0, "missing_branches": 0, "percent_branches_covered": 100.0, "percent_branches_covered_display": "100"}, "missing_lines": [], "excluded_lines": [], "start_line": 43, "executed_branches": [], "missing_branches": []}, "SentinelTray.__init__": {"executed_lines": [82, 83, 84, 85, 86, 87], "summary": {"covered_lines": 6, "num_statements": 6, "percent_covered": 100.0, "percent_covered_display": "100", "missing_lines": 0, "excluded_lines": 0, "percent_statements_covered": 100.0, "percent_statements_covered_display": "100", "num_branches": 0, "num_partial_branches": 0, "covered_branches": 0, "missing_branches": 0, "percent_branches_covered": 100.0, "percent_branches_covered_display": "100"}, "missing_lines": [], "excluded_lines": [], "start_line": 67, "executed_branches": [], "missing_branches": []}, "SentinelTray.run": {"executed_lines": [92, 93, 95, 102, 112, 119, 125, 126, 127], "summary": {"covered_lines": 9, "num_statements": 9, "percent_covered": 100.0, "percent_covered_display": "100", "missing_lines": 0, "excluded_lines": 0, "percent_statements_covered": 100.0, "percent_statements_covered_display": "100", "num_branches": 2, "num_partial_branches": 0, "covered_branches": 2, "missing_branches": 0, "percent_branches_covered": 100.0, "percent_branches_covered_display": "100"}, "missing_lines": [], "excluded_lines": [], "start_line": 89, "executed_branches": [[92, 93], [92, 95]], "missing_branches": []}, "SentinelTray.run._quit": {"executed_lines": [96, 97, 98, 100], "summary": {"covered_lines": 4, "num_statements": 4, "percent_covered": 100.0, "percent_covered_display": "100", "missing_lines": 0, "excluded_lines": 0, "percent_statements_covered": 100.0, "percent_statements_covered_display": "100", "num_branches": 2, "num_partial_branches": 0, "covered_branches": 2, "missing_branches": 0, "percent_branches_covered": 100.0, "percent_branches_covered_display": "100"}, "missing_lines": [], "excluded_lines": [], "start_line": 95, "executed_branches": [[97, 98], [97, 100]], "missing_branches": []}, "SentinelTray.run._runner": {"executed_lines": [120, 121, 122, 123], "summary": {"covered_lines": 4, "num_statements": 4, "percent_covered": 100.0, "percent_covered_display": "100", "missing_lines": 0, "excluded_lines": 0, "percent_statements_covered": 100.0, "percent_statements_covered_display": "100", "num_branches": 0, "num_partial_branches": 0, "covered_branches": 0, "missing_branches": 0, "percent_branches_covered": 100.0, "percent_branches_covered_display": "100"}, "missing_lines": [], "excluded_lines": [], "start_line": 119, "executed_branches": [], "missing_branches": []}, "SentinelTray.notify": {"executed_lines": [131, 132, 133, 134, 135, 136], "summary": {"covered_lines": 6, "num_statements": 6, "percent_covered": 100.0, "percent_covered_display": "100", "missing_lines": 0, "excluded_lines": 0, "percent_statements_covered": 100.0, "percent_statements_covered_display": "100", "num_branches": 2, "num_partial_branches": 0, "covered_branches": 2, "missing_branches": 0, "percent_branches_covered": 100.0, "percent_branches_covered_display": "100"}, "missing_lines": [], "excluded_lines": [], "start_line": 129, "executed_branches": [[131, 132], [131, 133]], "missing_branches": []}, "SentinelTray.stop": {"executed_lines": [140, 141, 142, 143, 144, 145], "summary": {"covered_lines": 6, "num_statements": 6, "percent_covered": 100.0, "percent_covered_display": "100", "missing_lines": 0, "excluded_lines": 0, "percent_statements_covered": 100.0, "percent_statements_covered_display": "100", "num_branches": 2, "num_partial_branches": 0, "covered_branches": 2, "missing_branches": 0, "percent_branches_covered": 100.0, "percent_branches_covered_display": "100"}, "missing_lines": [], "excluded_lines": [], "start_line": 138, "executed_branches": [[140, -138], [140, 141]], "missing_branches": []}, "": {"executed_lines": [19, 21, 22, 23, 24, 26, 28, 29, 30, 32, 33, 34, 35, 38, 43, 60, 67, 89, 129, 138], "summary": {"covered_lines": 20, "num_statements": 20, "percent_covered": 100.0, "percent_covered_display": "100", "missing_lines": 0, "excluded_lines": 0, "percent_statements_covered": 100.0, "percent_statements_covered_display": "100", "num_branches": 0, "num_partial_branches": 0, "covered_branches": 0, "missing_branches": 0, "percent_branches_covered": 100.0, "percent_branches_covered_display": "100"}, "missing_lines": [], "excluded_lines": [], "start_line": 1, "executed_branches": [], "missing_branches": []}}, "classes": {"SentinelTray": {"executed_lines": [82, 83, 84, 85, 86, 87, 92, 93, 95, 96, 97, 98, 100, 102, 112, 119, 120, 121, 122, 123, 125, 126, 127, 131, 132, 133, 134, 135, 136, 140, 141, 142, 143, 144, 145], "summary": {"covered_lines": 35, "num_statements": 35, "percent_covered": 100.0, "percent_covered_display": "100", "missing_lines": 0, "excluded_lines": 0, "percent_statements_covered": 100.0, "percent_statements_covered_display": "100", "num_branches": 8, "num_partial_branches": 0, "covered_branches": 8, "missing_branches": 0, "percent_branches_covered": 100.0, "percent_branches_covered_display": "100"}, "missing_lines": [], "excluded_lines": [], "start_line": 60, "executed_branches": [[92, 93], [92, 95], [97, 98], [97, 100], [131, 132], [131, 133], [140, -138], [140, 141]], "missing_branches": []}, "": {"executed_lines": [19, 21, 22, 23, 24, 26, 28, 29, 30, 32, 33, 34, 35, 38, 40, 43, 45, 46, 47, 49, 51, 52, 56, 57, 60, 67, 89, 129, 138], "summary": {"covered_lines": 29, "num_statements": 29, "percent_covered": 100.0, "percent_covered_display": "100", "missing_lines": 0, "excluded_lines": 0, "percent_statements_covered": 100.0, "percent_statements_covered_display": "100", "num_branches": 0, "num_partial_branches": 0, "covered_branches": 0, "missing_branches": 0, "percent_branches_covered": 100.0, "percent_branches_covered_display": "100"}, "missing_lines": [], "excluded_lines": [], "start_line": 1, "executed_branches": [], "missing_branches": []}}}}, "totals": {"covered_lines": 10902, "num_statements": 10902, "percent_covered": 100.0, "percent_covered_display": "100", "missing_lines": 0, "excluded_lines": 25, "percent_statements_covered": 100.0, "percent_statements_covered_display": "100", "num_branches": 2642, "num_partial_branches": 0, "covered_branches": 2642, "missing_branches": 0, "percent_branches_covered": 100.0, "percent_branches_covered_display": "100"}}